Case #1: 4 3
x 1 1
+ 2 1
o 2 2
Case #2: 2 0
Case #3: 7 6
x 1 1
+ 1 2
x 2 2
+ 3 1
+ 3 2
o 3 3
Case #4: 105 100
o 1 1
x 2 2
x 3 3
x 4 4
x 5 5
x 6 6
x 7 7
x 8 8
x 9 9
x 10 10
x 11 11
x 12 12
x 13 13
x 14 14
x 15 15
x 16 16
x 17 17
x 18 18
x 19 19
x 20 20
x 21 21
x 22 22
x 23 23
x 24 24
x 25 25
x 26 26
x 27 27
x 28 28
x 29 29
x 30 30
x 31 31
x 32 32
x 33 33
x 34 34
x 35 35
x 36 36
x 37 37
x 38 38
x 39 39
x 40 40
x 41 41
x 42 42
x 43 43
x 44 44
x 45 45
x 46 46
x 47 47
x 48 48
x 49 49
x 50 50
x 51 51
x 52 52
x 53 53
x 54 54
x 55 55
x 56 56
x 57 57
x 58 58
x 59 59
x 60 60
x 61 61
x 62 62
x 63 63
x 64 64
x 65 65
x 66 66
x 67 67
x 68 68
x 69 69
x 70 70
x 71 71
x 72 72
x 73 73
x 74 74
x 75 75
x 76 76
x 77 77
x 78 78
x 79 79
x 80 80
x 81 81
x 82 82
x 83 83
x 84 84
x 85 85
x 86 86
x 87 87
x 88 88
x 89 89
x 90 90
x 91 91
x 92 92
x 93 93
x 94 94
x 95 95
x 96 96
x 97 97
x 98 98
x 99 99
x 100 100
Case #5: 142 138
+ 1 20
+ 1 21
+ 1 22
+ 1 23
+ 1 24
+ 1 26
+ 1 27
+ 1 28
+ 1 29
+ 1 30
+ 1 31
+ 1 32
+ 1 33
+ 1 35
x 2 1
x 3 2
x 4 4
x 5 5
x 6 6
x 7 7
x 8 8
x 9 9
+ 9 26
x 10 10
+ 10 28
x 11 11
+ 11 26
x 12 12
+ 12 28
x 13 13
+ 13 26
x 14 14
+ 14 28
x 15 15
x 16 16
+ 16 27
+ 16 28
x 17 17
x 18 18
+ 18 27
+ 18 28
x 19 19
x 20 20
+ 20 27
+ 20 28
x 21 21
x 22 22
+ 22 27
+ 22 28
x 23 23
x 24 24
+ 24 27
+ 24 28
x 25 25
x 26 26
+ 26 27
+ 26 28
x 27 27
x 28 28
x 29 29
x 30 30
x 31 31
x 32 32
x 33 33
x 34 34
x 35 35
x 36 36
x 37 37
x 38 38
x 39 39
x 40 40
x 41 41
x 42 42
x 43 43
x 44 44
x 45 45
x 46 46
x 47 47
x 48 48
x 49 49
x 50 50
x 51 51
x 52 52
x 53 53
+ 54 1
+ 54 2
+ 54 3
+ 54 4
+ 54 5
+ 54 6
+ 54 7
+ 54 8
+ 54 9
+ 54 10
+ 54 11
+ 54 12
+ 54 13
+ 54 14
+ 54 15
+ 54 16
+ 54 17
+ 54 18
+ 54 19
+ 54 20
+ 54 21
+ 54 22
+ 54 23
+ 54 24
+ 54 25
+ 54 26
+ 54 27
+ 54 28
+ 54 29
+ 54 30
+ 54 31
+ 54 32
+ 54 33
+ 54 34
+ 54 35
+ 54 36
+ 54 37
+ 54 38
+ 54 39
+ 54 40
+ 54 41
+ 54 42
+ 54 43
+ 54 44
+ 54 45
+ 54 46
+ 54 47
+ 54 48
+ 54 49
+ 54 50
+ 54 51
+ 54 52
+ 54 53
o 54 54
Case #6: 102 99
x 2 1
x 3 2
x 4 3
x 5 4
x 6 5
x 7 6
x 8 7
x 9 8
x 10 9
x 11 10
x 12 11
x 13 12
x 14 13
x 15 14
x 16 15
x 17 16
x 18 17
x 19 18
x 20 19
x 21 20
x 22 21
x 23 22
x 24 23
x 25 24
x 26 25
x 27 26
x 28 28
x 29 29
x 30 30
x 31 31
x 32 32
x 33 33
x 34 34
x 35 35
x 36 36
x 37 37
x 38 38
x 39 39
x 40 40
x 41 41
x 42 42
x 43 43
x 44 44
x 45 45
x 46 46
x 47 47
x 48 48
x 49 49
x 50 50
x 51 51
x 52 52
x 53 53
x 54 54
x 55 55
x 56 56
x 57 57
x 58 58
x 59 59
x 60 60
x 61 61
x 62 62
x 63 63
x 64 64
x 65 65
x 66 66
x 67 67
x 68 68
x 69 69
x 70 70
x 71 71
x 72 72
x 73 73
x 74 74
x 75 75
x 76 76
x 77 77
x 78 78
x 79 79
x 80 80
x 81 81
x 82 82
x 83 83
x 84 84
x 85 85
x 86 86
x 87 87
x 88 88
x 89 89
x 90 90
x 91 91
x 92 92
x 93 93
x 94 94
x 95 95
x 96 96
x 97 97
x 98 98
x 99 99
x 100 100
Case #7: 102 99
x 2 1
x 3 2
x 4 3
x 5 4
x 6 5
x 7 6
x 8 7
x 9 8
x 10 9
x 11 10
x 12 11
x 13 12
x 14 13
x 15 14
x 16 15
x 17 16
x 18 17
x 19 18
x 20 19
x 21 20
x 22 21
x 23 22
x 24 23
x 25 24
x 26 25
x 27 26
x 28 27
x 29 28
x 30 29
x 31 30
x 32 31
x 33 32
x 34 33
x 35 34
x 36 35
x 37 36
x 38 37
x 39 38
x 40 39
x 41 40
x 42 41
x 43 42
x 44 43
x 45 44
x 46 45
x 47 46
x 48 47
x 49 49
x 50 50
x 51 51
x 52 52
x 53 53
x 54 54
x 55 55
x 56 56
x 57 57
x 58 58
x 59 59
x 60 60
x 61 61
x 62 62
x 63 63
x 64 64
x 65 65
x 66 66
x 67 67
x 68 68
x 69 69
x 70 70
x 71 71
x 72 72
x 73 73
x 74 74
x 75 75
x 76 76
x 77 77
x 78 78
x 79 79
x 80 80
x 81 81
x 82 82
x 83 83
x 84 84
x 85 85
x 86 86
x 87 87
x 88 88
x 89 89
x 90 90
x 91 91
x 92 92
x 93 93
x 94 94
x 95 95
x 96 96
x 97 97
x 98 98
x 99 99
x 100 100
Case #8: 127 124
+ 1 17
+ 1 18
+ 1 20
+ 1 21
+ 1 22
+ 1 23
+ 1 24
+ 1 25
+ 1 26
+ 1 27
+ 1 28
+ 1 29
+ 1 30
+ 1 31
+ 1 33
x 2 1
x 3 2
x 4 3
x 5 4
x 6 5
x 7 6
x 8 7
x 9 8
+ 9 24
x 10 9
x 11 10
+ 11 24
+ 11 25
x 12 11
x 13 12
+ 13 24
+ 13 25
x 14 13
x 15 14
+ 15 24
+ 15 25
x 16 15
x 17 16
+ 17 24
+ 17 25
x 18 17
x 19 18
+ 19 24
+ 19 25
x 20 19
x 21 20
+ 21 24
+ 21 25
x 22 21
x 23 22
+ 23 24
+ 23 25
x 24 23
x 25 24
x 26 25
x 27 26
x 28 27
x 29 28
x 30 29
x 31 30
x 32 31
x 33 33
x 34 34
x 35 35
x 36 36
x 37 37
x 38 38
x 39 39
x 40 40
x 41 41
x 42 42
x 43 43
x 44 44
x 45 45
x 46 46
x 47 47
+ 48 1
+ 48 2
+ 48 3
+ 48 4
+ 48 5
+ 48 6
+ 48 7
+ 48 8
+ 48 9
+ 48 10
+ 48 11
+ 48 12
+ 48 13
+ 48 14
+ 48 15
+ 48 16
+ 48 17
+ 48 18
+ 48 19
+ 48 20
+ 48 21
+ 48 22
+ 48 23
+ 48 24
+ 48 25
+ 48 26
+ 48 27
+ 48 28
+ 48 29
+ 48 30
+ 48 31
+ 48 32
+ 48 33
+ 48 34
+ 48 35
+ 48 36
+ 48 37
+ 48 38
+ 48 39
+ 48 40
+ 48 41
+ 48 42
+ 48 43
+ 48 44
+ 48 45
+ 48 46
+ 48 47
o 48 48
Case #9: 112 106
+ 1 14
+ 1 15
+ 1 16
+ 1 17
+ 1 18
+ 1 19
+ 1 20
+ 1 21
+ 1 23
+ 1 24
+ 1 25
+ 1 27
x 2 1
x 3 2
x 4 3
x 5 4
x 6 5
x 7 6
x 8 7
+ 8 19
x 9 8
+ 9 21
x 10 9
+ 10 19
x 11 10
+ 11 21
x 12 11
x 13 12
+ 13 20
+ 13 21
x 14 13
x 15 14
+ 15 20
+ 15 21
x 16 15
x 17 16
+ 17 20
x 18 17
+ 18 22
x 19 18
x 20 19
+ 20 21
+ 20 22
x 21 20
x 22 21
x 23 22
x 24 23
x 25 24
x 26 25
x 27 26
x 28 27
x 29 28
x 30 29
x 31 31
x 32 32
x 33 33
x 34 34
x 35 35
x 36 36
x 37 37
x 38 38
x 39 39
x 40 40
x 41 41
+ 42 1
+ 42 2
+ 42 3
+ 42 4
+ 42 5
+ 42 6
+ 42 7
+ 42 8
+ 42 9
+ 42 10
+ 42 11
+ 42 12
+ 42 13
+ 42 14
+ 42 15
+ 42 16
+ 42 17
+ 42 18
+ 42 19
+ 42 20
+ 42 21
+ 42 22
+ 42 23
+ 42 24
+ 42 25
+ 42 26
+ 42 27
+ 42 28
+ 42 29
+ 42 30
+ 42 31
+ 42 32
+ 42 33
+ 42 34
+ 42 35
+ 42 36
+ 42 37
+ 42 38
+ 42 39
+ 42 40
+ 42 41
o 42 42
Case #10: 31 26
+ 1 3
+ 1 4
+ 1 6
+ 1 7
+ 1 9
+ 1 10
x 2 1
x 3 2
x 4 3
x 5 4
x 6 6
x 7 7
x 8 8
x 9 9
x 10 10
+ 11 1
+ 11 2
+ 11 3
+ 11 4
+ 11 5
+ 11 6
+ 11 7
+ 11 8
+ 11 9
+ 11 10
o 11 11
Case #11: 90 86
+ 1 10
+ 1 11
+ 1 12
+ 1 14
+ 1 15
+ 1 16
+ 1 17
+ 1 18
+ 1 19
+ 1 20
+ 1 21
+ 1 22
+ 1 23
+ 1 24
+ 1 25
x 2 1
x 3 2
x 4 4
x 5 5
x 6 6
x 7 7
x 8 8
x 9 9
x 10 10
+ 10 17
+ 10 18
x 11 11
x 12 12
+ 12 17
+ 12 18
x 13 13
x 14 14
+ 14 17
+ 14 18
x 15 15
x 16 16
+ 16 17
x 17 17
x 18 18
x 19 19
x 20 20
x 21 21
x 22 22
x 23 23
x 24 24
x 25 25
x 26 26
x 27 27
x 28 28
x 29 29
x 30 30
x 31 31
x 32 32
+ 33 1
+ 33 2
+ 33 3
+ 33 4
+ 33 5
+ 33 6
+ 33 7
+ 33 8
+ 33 9
+ 33 10
+ 33 11
+ 33 12
+ 33 13
+ 33 14
+ 33 15
+ 33 16
+ 33 17
+ 33 18
+ 33 19
+ 33 20
+ 33 21
+ 33 22
+ 33 23
+ 33 24
+ 33 25
+ 33 26
+ 33 27
+ 33 28
+ 33 29
+ 33 30
+ 33 31
+ 33 32
o 33 33
Case #12: 62 59
+ 1 4
+ 1 5
+ 1 6
+ 1 7
+ 1 8
+ 1 9
+ 1 10
+ 1 11
+ 1 12
+ 1 13
+ 1 14
+ 1 15
+ 1 16
+ 1 17
+ 1 18
+ 1 19
x 2 1
x 3 2
x 4 3
x 5 4
x 6 5
x 7 6
x 8 7
x 9 8
x 10 9
+ 10 11
+ 10 12
x 11 10
x 12 11
x 13 12
x 14 13
x 15 14
x 16 15
x 17 16
x 18 17
x 19 18
x 20 19
x 21 20
+ 22 2
+ 22 3
+ 22 4
+ 22 5
+ 22 6
+ 22 7
+ 22 8
+ 22 9
+ 22 10
+ 22 11
+ 22 12
+ 22 13
+ 22 14
+ 22 15
+ 22 16
+ 22 17
+ 22 18
+ 22 19
+ 22 20
+ 22 21
o 22 22
Case #13: 256 255
x 1 1
+ 1 44
+ 1 45
+ 1 46
+ 1 47
+ 1 48
+ 1 49
+ 1 50
+ 1 51
+ 1 52
+ 1 53
+ 1 54
+ 1 55
+ 1 56
+ 1 57
x 2 2
x 3 3
x 4 4
x 5 5
x 6 6
x 7 7
x 8 8
x 9 9
+ 9 50
+ 9 51
x 10 10
x 11 11
+ 11 50
+ 11 51
x 12 12
x 13 13
+ 13 50
+ 13 51
x 14 14
x 15 15
+ 15 50
+ 15 51
x 16 16
x 17 17
+ 17 50
+ 17 51
x 18 18
x 19 19
+ 19 50
+ 19 51
x 20 20
x 21 21
+ 21 50
+ 21 51
x 22 22
x 23 23
+ 23 50
+ 23 51
x 24 24
x 25 25
+ 25 50
+ 25 51
x 26 26
x 27 27
+ 27 50
+ 27 51
x 28 28
x 29 29
+ 29 50
+ 29 51
x 30 30
x 31 31
+ 31 50
+ 31 51
x 32 32
x 33 33
+ 33 50
+ 33 51
x 34 34
x 35 35
+ 35 50
+ 35 51
x 36 36
x 37 37
+ 37 50
+ 37 51
x 38 38
x 39 39
+ 39 50
+ 39 51
x 40 40
x 41 41
+ 41 50
+ 41 51
x 42 42
x 43 43
+ 43 50
+ 43 51
x 44 44
x 45 45
+ 45 50
+ 45 51
x 46 46
x 47 47
+ 47 50
+ 47 51
x 48 48
x 49 49
+ 49 50
+ 49 51
x 50 50
x 51 51
x 52 52
x 53 53
x 54 54
x 55 55
x 56 56
x 57 57
x 58 58
x 59 59
x 60 60
x 61 61
x 62 62
x 63 63
x 64 64
x 65 65
x 66 66
x 67 67
x 68 68
x 69 69
x 70 70
x 71 71
x 72 72
x 73 73
x 74 74
x 75 75
x 76 76
x 77 77
x 78 78
x 79 79
x 80 80
x 81 81
x 82 82
x 83 83
x 84 84
x 85 85
x 86 86
x 87 87
x 88 88
x 89 89
x 90 90
x 91 91
x 92 92
x 93 93
x 94 94
x 95 95
x 96 96
x 97 97
x 98 98
x 99 99
+ 100 1
+ 100 2
+ 100 3
+ 100 4
+ 100 5
+ 100 6
+ 100 7
+ 100 8
+ 100 9
+ 100 10
+ 100 11
+ 100 12
+ 100 13
+ 100 14
+ 100 15
+ 100 16
+ 100 17
+ 100 18
+ 100 19
+ 100 20
+ 100 21
+ 100 22
+ 100 23
+ 100 24
+ 100 25
+ 100 26
+ 100 27
+ 100 28
+ 100 29
+ 100 30
+ 100 31
+ 100 32
+ 100 33
+ 100 34
+ 100 35
+ 100 36
+ 100 37
+ 100 38
+ 100 39
+ 100 40
+ 100 41
+ 100 42
+ 100 43
+ 100 44
+ 100 45
+ 100 46
+ 100 47
+ 100 48
+ 100 49
+ 100 50
+ 100 51
+ 100 52
+ 100 53
+ 100 54
+ 100 55
+ 100 56
+ 100 57
+ 100 58
+ 100 59
+ 100 60
+ 100 61
+ 100 62
+ 100 63
+ 100 64
+ 100 65
+ 100 66
+ 100 67
+ 100 68
+ 100 69
+ 100 70
+ 100 71
+ 100 72
+ 100 73
+ 100 74
+ 100 75
+ 100 76
+ 100 77
+ 100 78
+ 100 79
+ 100 80
+ 100 81
+ 100 82
+ 100 83
+ 100 84
+ 100 85
+ 100 86
+ 100 87
+ 100 88
+ 100 89
+ 100 90
+ 100 91
+ 100 92
+ 100 93
+ 100 94
+ 100 95
+ 100 96
+ 100 97
+ 100 98
+ 100 99
o 100 100
Case #14: 101 100
o 1 1
x 2 2
x 3 3
x 4 4
x 5 5
x 6 6
x 7 7
x 8 8
x 9 9
x 10 10
x 11 11
x 12 12
x 13 13
x 14 14
x 15 15
x 16 16
x 17 17
x 18 18
x 19 19
x 20 20
x 21 21
x 22 22
x 23 23
x 24 24
x 25 25
x 26 26
x 27 27
x 28 28
x 29 29
x 30 30
x 31 31
x 32 32
x 33 33
x 34 34
x 35 35
x 36 36
x 37 37
x 38 38
x 39 39
x 40 40
x 41 41
x 42 42
x 43 43
x 44 44
x 45 45
x 46 46
x 47 47
x 48 48
x 49 49
x 50 50
x 51 51
x 52 52
x 53 53
x 54 54
x 55 55
x 56 56
x 57 57
x 58 58
x 59 59
x 60 60
x 61 61
x 62 62
x 63 63
x 64 64
x 65 65
x 66 66
x 67 67
x 68 68
x 69 69
x 70 70
x 71 71
x 72 72
x 73 73
x 74 74
x 75 75
x 76 76
x 77 77
x 78 78
x 79 79
x 80 80
x 81 81
x 82 82
x 83 83
x 84 84
x 85 85
x 86 86
x 87 87
x 88 88
x 89 89
x 90 90
x 91 91
x 92 92
x 93 93
x 94 94
x 95 95
x 96 96
x 97 97
x 98 98
x 99 99
x 100 100
Case #15: 83 79
+ 1 8
+ 1 9
+ 1 10
+ 1 11
+ 1 12
+ 1 14
+ 1 15
+ 1 16
+ 1 17
+ 1 18
+ 1 19
+ 1 20
+ 1 21
+ 1 22
+ 1 23
+ 1 24
x 2 1
x 3 2
x 4 3
x 5 4
x 6 5
x 7 6
x 8 7
x 9 8
x 10 9
+ 10 16
x 11 10
x 12 11
+ 12 15
+ 12 16
x 13 12
x 14 13
+ 14 15
+ 14 16
x 15 14
x 16 15
x 17 16
x 18 17
x 19 18
x 20 19
x 21 20
x 22 21
x 23 22
x 24 23
x 25 24
x 26 25
x 27 26
x 28 27
x 29 28
+ 30 1
+ 30 2
+ 30 3
+ 30 4
+ 30 5
+ 30 6
+ 30 7
+ 30 8
+ 30 9
+ 30 10
+ 30 11
+ 30 12
+ 30 13
+ 30 14
+ 30 15
+ 30 16
+ 30 17
+ 30 18
+ 30 19
+ 30 20
+ 30 21
+ 30 22
+ 30 23
+ 30 24
+ 30 25
+ 30 26
+ 30 27
+ 30 28
o 30 29
+ 30 30
Case #16: 199 99
x 2 1
x 3 3
x 4 4
x 5 5
x 6 6
x 7 7
x 8 8
x 9 9
x 10 10
x 11 11
x 12 12
x 13 13
x 14 14
x 15 15
x 16 16
x 17 17
x 18 18
x 19 19
x 20 20
x 21 21
x 22 22
x 23 23
x 24 24
x 25 25
x 26 26
x 27 27
x 28 28
x 29 29
x 30 30
x 31 31
x 32 32
x 33 33
x 34 34
x 35 35
x 36 36
x 37 37
x 38 38
x 39 39
x 40 40
x 41 41
x 42 42
x 43 43
x 44 44
x 45 45
x 46 46
x 47 47
x 48 48
x 49 49
x 50 50
x 51 51
x 52 52
x 53 53
x 54 54
x 55 55
x 56 56
x 57 57
x 58 58
x 59 59
x 60 60
x 61 61
x 62 62
x 63 63
x 64 64
x 65 65
x 66 66
x 67 67
x 68 68
x 69 69
x 70 70
x 71 71
x 72 72
x 73 73
x 74 74
x 75 75
x 76 76
x 77 77
x 78 78
x 79 79
x 80 80
x 81 81
x 82 82
x 83 83
x 84 84
x 85 85
x 86 86
x 87 87
x 88 88
x 89 89
x 90 90
x 91 91
x 92 92
x 93 93
x 94 94
x 95 95
x 96 96
x 97 97
x 98 98
x 99 99
x 100 100
Case #17: 107 104
+ 1 13
+ 1 14
+ 1 16
+ 1 17
+ 1 18
+ 1 19
+ 1 20
+ 1 21
+ 1 22
+ 1 23
+ 1 24
+ 1 25
+ 1 26
+ 1 27
+ 1 29
x 2 1
x 3 2
x 4 3
x 5 4
x 6 5
x 7 6
x 8 7
x 9 8
+ 9 20
x 10 9
x 11 10
+ 11 20
+ 11 21
x 12 11
x 13 12
+ 13 20
+ 13 21
x 14 13
x 15 14
+ 15 20
+ 15 21
x 16 15
x 17 16
+ 17 20
+ 17 21
x 18 17
x 19 18
+ 19 20
+ 19 21
x 20 19
x 21 20
x 22 21
x 23 22
x 24 23
x 25 24
x 26 25
x 27 26
x 28 27
x 29 28
x 30 29
x 31 30
x 32 31
x 33 32
x 34 33
x 35 34
x 36 35
x 37 37
x 38 38
x 39 39
+ 40 1
+ 40 2
+ 40 3
+ 40 4
+ 40 5
+ 40 6
+ 40 7
+ 40 8
+ 40 9
+ 40 10
+ 40 11
+ 40 12
+ 40 13
+ 40 14
+ 40 15
+ 40 16
+ 40 17
+ 40 18
+ 40 19
+ 40 20
+ 40 21
+ 40 22
+ 40 23
+ 40 24
+ 40 25
+ 40 26
+ 40 27
+ 40 28
+ 40 29
+ 40 30
+ 40 31
+ 40 32
+ 40 33
+ 40 34
+ 40 35
+ 40 36
+ 40 37
+ 40 38
+ 40 39
o 40 40
Case #18: 237 233
+ 1 40
+ 1 41
+ 1 42
+ 1 43
+ 1 44
+ 1 45
+ 1 46
+ 1 47
+ 1 48
+ 1 49
+ 1 50
+ 1 51
+ 1 52
+ 1 53
x 2 1
x 3 2
x 4 3
x 5 5
x 6 6
x 7 7
x 8 8
x 9 9
+ 9 46
+ 9 47
x 10 10
x 11 11
+ 11 46
+ 11 47
x 12 12
x 13 13
+ 13 47
x 14 14
+ 14 47
x 15 15
+ 15 47
x 16 16
+ 16 47
x 17 17
+ 17 47
x 18 18
+ 18 47
x 19 19
+ 19 47
x 20 20
+ 20 47
x 21 21
+ 21 47
x 22 22
+ 22 47
x 23 23
+ 23 47
x 24 24
+ 24 47
x 25 25
+ 25 47
x 26 26
+ 26 47
x 27 27
+ 27 47
x 28 28
+ 28 47
x 29 29
+ 29 47
x 30 30
+ 30 47
x 31 31
+ 31 47
x 32 32
+ 32 47
x 33 33
+ 33 47
x 34 34
+ 34 47
x 35 35
+ 35 47
x 36 36
+ 36 47
x 37 37
+ 37 47
x 38 38
+ 38 47
x 39 39
+ 39 47
x 40 40
+ 40 47
x 41 41
+ 41 47
x 42 42
+ 42 47
x 43 43
+ 43 47
x 44 44
x 45 45
+ 45 46
+ 45 47
x 46 46
x 47 47
x 48 48
x 49 49
x 50 50
x 51 51
x 52 52
x 53 53
x 54 54
x 55 55
x 56 56
x 57 57
x 58 58
x 59 59
x 60 60
x 61 61
x 62 62
x 63 63
x 64 64
x 65 65
x 66 66
x 67 67
x 68 68
x 69 69
x 70 70
x 71 71
x 72 72
x 73 73
x 74 74
x 75 75
x 76 76
x 77 77
x 78 78
x 79 79
x 80 80
x 81 81
x 82 82
x 83 83
x 84 84
x 85 85
x 86 86
x 87 87
x 88 88
x 89 89
x 90 90
x 91 91
+ 92 1
+ 92 2
+ 92 3
+ 92 4
+ 92 5
+ 92 6
+ 92 7
+ 92 8
+ 92 9
+ 92 10
+ 92 11
+ 92 12
+ 92 13
+ 92 14
+ 92 15
+ 92 16
+ 92 17
+ 92 18
+ 92 19
+ 92 20
+ 92 21
+ 92 22
+ 92 23
+ 92 24
+ 92 25
+ 92 26
+ 92 27
+ 92 28
+ 92 29
+ 92 30
+ 92 31
+ 92 32
+ 92 33
+ 92 34
+ 92 35
+ 92 36
+ 92 37
+ 92 38
+ 92 39
+ 92 40
+ 92 41
+ 92 42
+ 92 43
+ 92 44
+ 92 45
+ 92 46
+ 92 47
+ 92 48
+ 92 49
+ 92 50
+ 92 51
+ 92 52
+ 92 53
+ 92 54
+ 92 55
+ 92 56
+ 92 57
+ 92 58
+ 92 59
+ 92 60
+ 92 61
+ 92 62
+ 92 63
+ 92 64
+ 92 65
+ 92 66
+ 92 67
+ 92 68
+ 92 69
+ 92 70
+ 92 71
+ 92 72
+ 92 73
+ 92 74
+ 92 75
+ 92 76
+ 92 77
+ 92 78
+ 92 79
+ 92 80
+ 92 81
+ 92 82
+ 92 83
+ 92 84
+ 92 85
+ 92 86
+ 92 87
+ 92 88
+ 92 89
+ 92 90
+ 92 91
o 92 92
Case #19: 125 122
+ 1 16
+ 1 17
+ 1 18
+ 1 19
+ 1 20
+ 1 21
+ 1 23
+ 1 24
+ 1 25
+ 1 26
+ 1 27
+ 1 28
+ 1 29
+ 1 30
+ 1 31
+ 1 32
x 2 1
x 3 2
x 4 3
x 5 4
x 6 5
x 7 6
x 8 7
x 9 8
x 10 9
+ 10 24
x 11 10
+ 11 24
x 12 11
+ 12 24
x 13 12
+ 13 24
x 14 14
+ 14 24
x 15 15
+ 15 24
x 16 16
+ 16 24
x 17 17
+ 17 24
x 18 18
+ 18 24
x 19 19
+ 19 24
x 20 20
+ 20 24
x 21 21
+ 21 24
x 22 22
+ 22 24
x 23 23
+ 23 24
x 24 24
x 25 25
x 26 26
x 27 27
x 28 28
x 29 29
x 30 30
x 31 31
x 32 32
x 33 33
x 34 34
x 35 35
x 36 36
x 37 37
x 38 38
x 39 39
x 40 40
x 41 41
x 42 42
x 43 43
x 44 44
x 45 45
x 46 46
+ 47 1
+ 47 2
+ 47 3
+ 47 4
+ 47 5
+ 47 6
+ 47 7
+ 47 8
+ 47 9
+ 47 10
+ 47 11
+ 47 12
+ 47 13
+ 47 14
+ 47 15
+ 47 16
+ 47 17
+ 47 18
+ 47 19
+ 47 20
+ 47 21
+ 47 22
+ 47 23
+ 47 24
+ 47 25
+ 47 26
+ 47 27
+ 47 28
+ 47 29
+ 47 30
+ 47 31
+ 47 32
+ 47 33
+ 47 34
+ 47 35
+ 47 36
+ 47 37
+ 47 38
+ 47 39
+ 47 40
+ 47 41
+ 47 42
+ 47 43
+ 47 44
+ 47 45
+ 47 46
o 47 47
Case #20: 298 197
x 2 2
x 3 3
x 4 4
x 5 5
x 6 6
x 7 7
x 8 8
x 9 9
x 10 10
x 11 11
x 12 12
x 13 13
x 14 14
x 15 15
x 16 16
x 17 17
x 18 18
x 19 19
x 20 20
x 21 21
x 22 22
x 23 23
x 24 24
x 25 25
x 26 26
x 27 27
x 28 28
x 29 29
x 30 30
x 31 31
x 32 32
x 33 33
x 34 34
x 35 35
x 36 36
x 37 37
x 38 38
x 39 39
x 40 40
x 41 41
x 42 42
x 43 43
x 44 44
x 45 45
x 46 46
x 47 47
x 48 48
x 49 49
x 50 50
x 51 51
x 52 52
x 53 53
x 54 54
x 55 55
x 56 56
x 57 57
x 58 58
x 59 59
x 60 60
x 61 61
x 62 62
x 63 63
x 64 64
x 65 65
x 66 66
x 67 67
x 68 68
x 69 69
x 70 70
x 71 71
x 72 72
x 73 73
x 74 74
x 75 75
x 76 76
x 77 77
x 78 78
x 79 79
x 80 80
x 81 81
x 82 82
x 83 83
x 84 84
x 85 85
x 86 86
x 87 87
x 88 88
x 89 89
x 90 90
x 91 91
x 92 92
x 93 93
x 94 94
x 95 95
x 96 96
x 97 97
x 98 98
x 99 99
+ 100 2
+ 100 3
+ 100 4
+ 100 5
+ 100 6
+ 100 7
+ 100 8
+ 100 9
+ 100 10
+ 100 11
+ 100 12
+ 100 13
+ 100 14
+ 100 15
+ 100 16
+ 100 17
+ 100 18
+ 100 19
+ 100 20
+ 100 21
+ 100 22
+ 100 23
+ 100 24
+ 100 25
+ 100 26
+ 100 27
+ 100 28
+ 100 29
+ 100 30
+ 100 31
+ 100 32
+ 100 33
+ 100 34
+ 100 35
+ 100 36
+ 100 37
+ 100 38
+ 100 39
+ 100 40
+ 100 41
+ 100 42
+ 100 43
+ 100 44
+ 100 45
+ 100 46
+ 100 47
+ 100 48
+ 100 49
+ 100 50
+ 100 51
+ 100 52
+ 100 53
+ 100 54
+ 100 55
+ 100 56
+ 100 57
+ 100 58
+ 100 59
+ 100 60
+ 100 61
+ 100 62
+ 100 63
+ 100 64
+ 100 65
+ 100 66
+ 100 67
+ 100 68
+ 100 69
+ 100 70
+ 100 71
+ 100 72
+ 100 73
+ 100 74
+ 100 75
+ 100 76
+ 100 77
+ 100 78
+ 100 79
+ 100 80
+ 100 81
+ 100 82
+ 100 83
+ 100 84
+ 100 85
+ 100 86
+ 100 87
+ 100 88
+ 100 89
+ 100 90
+ 100 91
+ 100 92
+ 100 93
+ 100 94
+ 100 95
+ 100 96
+ 100 97
+ 100 98
+ 100 99
o 100 100
Case #21: 37 33
+ 1 3
+ 1 4
+ 1 6
+ 1 7
+ 1 8
+ 1 9
+ 1 10
+ 1 11
+ 1 12
x 2 1
x 3 3
x 4 4
x 5 5
x 6 6
x 7 7
x 8 8
x 9 9
x 10 10
x 11 11
x 12 12
+ 13 1
+ 13 2
+ 13 3
+ 13 4
+ 13 5
+ 13 6
+ 13 7
+ 13 8
+ 13 9
+ 13 10
+ 13 11
+ 13 12
o 13 13
Case #22: 200 99
x 2 1
x 3 2
x 4 3
x 5 4
x 6 5
x 7 6
x 8 7
x 9 8
x 10 9
x 11 10
x 12 11
x 13 12
x 14 13
x 15 14
x 16 15
x 17 16
x 18 17
x 19 18
x 20 19
x 21 20
x 22 21
x 23 22
x 24 23
x 25 24
x 26 25
x 27 26
x 28 27
x 29 28
x 30 29
x 31 30
x 32 31
x 33 32
x 34 33
x 35 34
x 36 35
x 37 36
x 38 37
x 39 38
x 40 39
x 41 40
x 42 41
x 43 42
x 44 43
x 45 44
x 46 45
x 47 46
x 48 47
x 49 48
x 50 49
x 51 50
x 52 51
x 53 52
x 54 53
x 55 54
x 56 55
x 57 56
x 58 57
x 59 58
x 60 59
x 61 60
x 62 62
x 63 63
x 64 64
x 65 65
x 66 66
x 67 67
x 68 68
x 69 69
x 70 70
x 71 71
x 72 72
x 73 73
x 74 74
x 75 75
x 76 76
x 77 77
x 78 78
x 79 79
x 80 80
x 81 81
x 82 82
x 83 83
x 84 84
x 85 85
x 86 86
x 87 87
x 88 88
x 89 89
x 90 90
x 91 91
x 92 92
x 93 93
x 94 94
x 95 95
x 96 96
x 97 97
x 98 98
x 99 99
x 100 100
Case #23: 199 196
+ 1 32
+ 1 33
+ 1 34
+ 1 35
+ 1 36
+ 1 37
+ 1 38
+ 1 39
+ 1 40
+ 1 41
+ 1 42
+ 1 43
+ 1 44
+ 1 45
x 2 1
x 3 2
x 4 3
x 5 4
x 6 5
x 7 6
x 8 7
x 9 8
+ 9 38
+ 9 39
x 10 9
x 11 10
+ 11 38
+ 11 39
x 12 11
x 13 12
+ 13 38
+ 13 39
x 14 13
x 15 14
+ 15 38
+ 15 39
x 16 15
x 17 16
+ 17 38
+ 17 39
x 18 17
x 19 18
+ 19 38
+ 19 39
x 20 19
x 21 20
+ 21 38
+ 21 39
x 22 21
x 23 22
+ 23 39
x 24 23
+ 24 39
x 25 24
+ 25 39
x 26 25
+ 26 39
x 27 26
+ 27 39
x 28 27
+ 28 39
x 29 28
+ 29 39
x 30 29
+ 30 39
x 31 30
+ 31 39
x 32 31
+ 32 39
x 33 32
+ 33 39
x 34 33
+ 34 39
x 35 34
+ 35 39
x 36 35
+ 36 39
x 37 36
+ 37 39
x 38 37
+ 38 39
x 39 38
x 40 39
x 41 40
x 42 41
x 43 42
x 44 43
x 45 44
x 46 45
x 47 46
x 48 47
x 49 48
x 50 49
x 51 50
x 52 51
x 53 52
x 54 53
x 55 54
x 56 55
x 57 56
x 58 57
x 59 58
x 60 59
x 61 60
x 62 61
x 63 62
x 64 64
x 65 65
x 66 66
x 67 67
x 68 68
x 69 69
x 70 70
x 71 71
x 72 72
x 73 73
x 74 74
x 75 75
x 76 76
+ 77 1
+ 77 2
+ 77 3
+ 77 4
+ 77 5
+ 77 6
+ 77 7
+ 77 8
+ 77 9
+ 77 10
+ 77 11
+ 77 12
+ 77 13
+ 77 14
+ 77 15
+ 77 16
+ 77 17
+ 77 18
+ 77 19
+ 77 20
+ 77 21
+ 77 22
+ 77 23
+ 77 24
+ 77 25
+ 77 26
+ 77 27
+ 77 28
+ 77 29
+ 77 30
+ 77 31
+ 77 32
+ 77 33
+ 77 34
+ 77 35
+ 77 36
+ 77 37
+ 77 38
+ 77 39
+ 77 40
+ 77 41
+ 77 42
+ 77 43
+ 77 44
+ 77 45
+ 77 46
+ 77 47
+ 77 48
+ 77 49
+ 77 50
+ 77 51
+ 77 52
+ 77 53
+ 77 54
+ 77 55
+ 77 56
+ 77 57
+ 77 58
+ 77 59
+ 77 60
+ 77 61
+ 77 62
+ 77 63
+ 77 64
+ 77 65
+ 77 66
+ 77 67
+ 77 68
+ 77 69
+ 77 70
+ 77 71
+ 77 72
+ 77 73
+ 77 74
+ 77 75
+ 77 76
o 77 77
Case #24: 202 199
+ 1 33
+ 1 34
o 1 35
+ 1 36
+ 1 37
+ 1 38
+ 1 39
+ 1 40
+ 1 41
+ 1 42
+ 1 43
+ 1 44
+ 1 45
+ 1 46
+ 1 47
x 2 1
x 3 2
x 4 3
x 5 4
x 6 5
x 7 6
x 8 7
x 9 8
+ 9 40
x 10 9
+ 10 40
x 11 10
+ 11 40
x 12 11
+ 12 40
x 13 12
+ 13 40
x 14 13
+ 14 40
x 15 14
+ 15 40
x 16 15
+ 16 40
x 17 16
+ 17 40
x 18 17
+ 18 40
x 19 18
+ 19 40
x 20 19
+ 20 40
x 21 20
+ 21 40
x 22 21
+ 22 40
x 23 22
+ 23 40
x 24 23
+ 24 40
x 25 24
+ 25 40
x 26 25
+ 26 40
x 27 26
+ 27 40
x 28 27
+ 28 40
x 29 28
x 30 29
+ 30 39
+ 30 40
x 31 30
x 32 31
+ 32 39
+ 32 40
x 33 32
x 34 33
+ 34 39
+ 34 40
x 35 34
x 36 36
+ 36 39
+ 36 40
x 37 37
x 38 38
+ 38 39
+ 38 40
x 39 39
x 40 40
x 41 41
x 42 42
x 43 43
x 44 44
x 45 45
x 46 46
x 47 47
x 48 48
x 49 49
x 50 50
x 51 51
x 52 52
x 53 53
x 54 54
x 55 55
x 56 56
x 57 57
x 58 58
x 59 59
x 60 60
x 61 61
x 62 62
x 63 63
x 64 64
x 65 65
x 66 66
x 67 67
x 68 68
x 69 69
x 70 70
x 71 71
x 72 72
x 73 73
x 74 74
x 75 75
x 76 76
x 77 77
+ 78 1
+ 78 2
+ 78 3
+ 78 4
+ 78 5
+ 78 6
+ 78 7
+ 78 8
+ 78 9
+ 78 10
+ 78 11
+ 78 12
+ 78 13
+ 78 14
+ 78 15
+ 78 16
+ 78 17
+ 78 18
+ 78 19
+ 78 20
+ 78 21
+ 78 22
+ 78 23
+ 78 24
+ 78 25
+ 78 26
+ 78 27
+ 78 28
+ 78 29
+ 78 30
+ 78 31
+ 78 32
+ 78 33
+ 78 34
+ 78 35
+ 78 36
+ 78 37
+ 78 38
+ 78 39
+ 78 40
+ 78 41
+ 78 42
+ 78 43
+ 78 44
+ 78 45
+ 78 46
+ 78 47
+ 78 48
+ 78 49
+ 78 50
+ 78 51
+ 78 52
+ 78 53
+ 78 54
+ 78 55
+ 78 56
+ 78 57
+ 78 58
+ 78 59
+ 78 60
+ 78 61
+ 78 62
+ 78 63
+ 78 64
+ 78 65
+ 78 66
+ 78 67
+ 78 68
+ 78 69
+ 78 70
+ 78 71
+ 78 72
+ 78 73
+ 78 74
+ 78 75
+ 78 76
+ 78 77
o 78 78
Case #25: 103 100
o 1 1
x 2 2
x 3 3
x 4 4
x 5 5
x 6 6
x 7 7
x 8 8
x 9 9
x 10 10
x 11 11
x 12 12
x 13 13
x 14 14
x 15 15
x 16 16
x 17 17
x 18 18
x 19 19
x 20 20
x 21 21
x 22 22
x 23 23
x 24 24
x 25 25
x 26 26
x 27 27
x 28 28
x 29 29
x 30 30
x 31 31
x 32 32
x 33 33
x 34 34
x 35 35
x 36 36
x 37 37
x 38 38
x 39 39
x 40 40
x 41 41
x 42 42
x 43 43
x 44 44
x 45 45
x 46 46
x 47 47
x 48 48
x 49 49
x 50 50
x 51 51
x 52 52
x 53 53
x 54 54
x 55 55
x 56 56
x 57 57
x 58 58
x 59 59
x 60 60
x 61 61
x 62 62
x 63 63
x 64 64
x 65 65
x 66 66
x 67 67
x 68 68
x 69 69
x 70 70
x 71 71
x 72 72
x 73 73
x 74 74
x 75 75
x 76 76
x 77 77
x 78 78
x 79 79
x 80 80
x 81 81
x 82 82
x 83 83
x 84 84
x 85 85
x 86 86
x 87 87
x 88 88
x 89 89
x 90 90
x 91 91
x 92 92
x 93 93
x 94 94
x 95 95
x 96 96
x 97 97
x 98 98
x 99 99
x 100 100
Case #26: 101 99
x 2 1
x 3 2
x 4 3
x 5 4
x 6 5
x 7 6
x 8 7
x 9 8
x 10 9
x 11 10
x 12 11
x 13 12
x 14 13
x 15 14
x 16 15
x 17 16
x 18 17
x 19 18
x 20 19
x 21 20
x 22 21
x 23 22
x 24 23
x 25 24
x 26 25
x 27 26
x 28 27
x 29 28
x 30 29
x 31 30
x 32 31
x 33 32
x 34 33
x 35 34
x 36 35
x 37 36
x 38 37
x 39 38
x 40 39
x 41 40
x 42 41
x 43 42
x 44 43
x 45 44
x 46 45
x 47 46
x 48 47
x 49 48
x 50 49
x 51 50
x 52 51
x 53 52
x 54 53
x 55 54
x 56 55
x 57 56
x 58 57
x 59 58
x 60 59
x 61 60
x 62 61
x 63 62
x 64 63
x 65 64
x 66 65
x 67 66
x 68 67
x 69 68
x 70 69
x 71 70
x 72 71
x 73 72
x 74 73
x 75 74
x 76 75
x 77 76
x 78 77
x 79 78
x 80 79
x 81 80
x 82 81
x 83 82
x 84 83
x 85 84
x 86 85
x 87 86
x 88 87
x 89 88
x 90 89
x 91 90
x 92 91
x 93 92
x 94 93
x 95 94
x 96 95
x 97 97
x 98 98
x 99 99
x 100 100
Case #27: 102 100
o 1 1
x 2 2
x 3 3
x 4 4
x 5 5
x 6 6
x 7 7
x 8 8
x 9 9
x 10 10
x 11 11
x 12 12
x 13 13
x 14 14
x 15 15
x 16 16
x 17 17
x 18 18
x 19 19
x 20 20
x 21 21
x 22 22
x 23 23
x 24 24
x 25 25
x 26 26
x 27 27
x 28 28
x 29 29
x 30 30
x 31 31
x 32 32
x 33 33
x 34 34
x 35 35
x 36 36
x 37 37
x 38 38
x 39 39
x 40 40
x 41 41
x 42 42
x 43 43
x 44 44
x 45 45
x 46 46
x 47 47
x 48 48
x 49 49
x 50 50
x 51 51
x 52 52
x 53 53
x 54 54
x 55 55
x 56 56
x 57 57
x 58 58
x 59 59
x 60 60
x 61 61
x 62 62
x 63 63
x 64 64
x 65 65
x 66 66
x 67 67
x 68 68
x 69 69
x 70 70
x 71 71
x 72 72
x 73 73
x 74 74
x 75 75
x 76 76
x 77 77
x 78 78
x 79 79
x 80 80
x 81 81
x 82 82
x 83 83
x 84 84
x 85 85
x 86 86
x 87 87
x 88 88
x 89 89
x 90 90
x 91 91
x 92 92
x 93 93
x 94 94
x 95 95
x 96 96
x 97 97
x 98 98
x 99 99
x 100 100
Case #28: 257 255
x 1 1
+ 1 44
+ 1 45
+ 1 46
+ 1 47
+ 1 48
+ 1 49
+ 1 50
+ 1 51
+ 1 52
+ 1 53
+ 1 54
+ 1 55
+ 1 56
+ 1 57
+ 1 59
x 2 2
x 3 3
x 4 4
x 5 5
x 6 6
x 7 7
x 8 8
x 9 9
+ 9 50
x 10 10
+ 10 52
x 11 11
+ 11 50
x 12 12
+ 12 52
x 13 13
+ 13 50
x 14 14
+ 14 52
x 15 15
+ 15 50
x 16 16
+ 16 52
x 17 17
+ 17 50
x 18 18
+ 18 52
x 19 19
+ 19 50
x 20 20
+ 20 52
x 21 21
+ 21 50
x 22 22
+ 22 52
x 23 23
+ 23 50
x 24 24
+ 24 52
x 25 25
+ 25 50
x 26 26
+ 26 52
x 27 27
+ 27 50
x 28 28
+ 28 52
x 29 29
+ 29 50
x 30 30
+ 30 52
x 31 31
+ 31 50
x 32 32
+ 32 52
x 33 33
+ 33 50
x 34 34
+ 34 52
x 35 35
+ 35 50
x 36 36
+ 36 52
x 37 37
+ 37 50
x 38 38
+ 38 52
x 39 39
+ 39 50
x 40 40
+ 40 52
x 41 41
+ 41 50
x 42 42
+ 42 52
x 43 43
+ 43 50
x 44 44
+ 44 52
x 45 45
+ 45 50
x 46 46
x 47 47
+ 47 50
+ 47 51
x 48 48
x 49 49
+ 49 50
+ 49 51
x 50 50
x 51 51
x 52 52
x 53 53
x 54 54
x 55 55
x 56 56
x 57 57
x 58 58
x 59 59
x 60 60
x 61 61
x 62 62
x 63 63
x 64 64
x 65 65
x 66 66
x 67 67
x 68 68
x 69 69
x 70 70
x 71 71
x 72 72
x 73 73
x 74 74
x 75 75
x 76 76
x 77 77
x 78 78
x 79 79
x 80 80
x 81 81
x 82 82
x 83 83
x 84 84
x 85 85
x 86 86
x 87 87
x 88 88
x 89 89
x 90 90
x 91 91
x 92 92
x 93 93
x 94 94
x 95 95
x 96 96
x 97 97
x 98 98
x 99 99
+ 100 1
+ 100 2
+ 100 3
+ 100 4
+ 100 5
+ 100 6
+ 100 7
+ 100 8
+ 100 9
+ 100 10
+ 100 11
+ 100 12
+ 100 13
+ 100 14
+ 100 15
+ 100 16
+ 100 17
+ 100 18
+ 100 19
+ 100 20
+ 100 21
+ 100 22
+ 100 23
+ 100 24
+ 100 25
+ 100 26
+ 100 27
+ 100 28
+ 100 29
+ 100 30
+ 100 31
+ 100 32
+ 100 33
+ 100 34
+ 100 35
+ 100 36
+ 100 37
+ 100 38
+ 100 39
+ 100 40
+ 100 41
+ 100 42
+ 100 43
+ 100 44
+ 100 45
+ 100 46
+ 100 47
+ 100 48
+ 100 49
+ 100 50
+ 100 51
+ 100 52
+ 100 53
+ 100 54
+ 100 55
+ 100 56
+ 100 57
+ 100 58
+ 100 59
+ 100 60
+ 100 61
+ 100 62
+ 100 63
+ 100 64
+ 100 65
+ 100 66
+ 100 67
+ 100 68
+ 100 69
+ 100 70
+ 100 71
+ 100 72
+ 100 73
+ 100 74
+ 100 75
+ 100 76
+ 100 77
+ 100 78
+ 100 79
+ 100 80
+ 100 81
+ 100 82
+ 100 83
+ 100 84
+ 100 85
+ 100 86
+ 100 87
+ 100 88
+ 100 89
+ 100 90
+ 100 91
+ 100 92
+ 100 93
+ 100 94
+ 100 95
+ 100 96
+ 100 97
+ 100 98
+ 100 99
o 100 100
Case #29: 106 103
+ 1 14
+ 1 15
+ 1 16
+ 1 17
+ 1 18
+ 1 19
+ 1 20
+ 1 21
+ 1 22
+ 1 23
+ 1 24
+ 1 25
+ 1 27
x 2 1
x 3 2
x 4 3
x 5 4
x 6 5
x 7 6
x 8 7
+ 8 19
x 9 8
+ 9 21
x 10 9
+ 10 19
x 11 10
+ 11 21
x 12 11
+ 12 19
x 13 12
+ 13 21
x 14 13
x 15 14
+ 15 20
+ 15 21
x 16 15
x 17 16
+ 17 20
+ 17 21
x 18 17
x 19 18
+ 19 20
+ 19 21
x 20 19
x 21 20
x 22 21
x 23 22
x 24 23
x 25 24
x 26 25
x 27 26
x 28 27
x 29 28
x 30 29
x 31 30
x 32 31
x 33 32
x 34 33
x 35 35
x 36 36
x 37 37
x 38 38
x 39 39
+ 40 1
+ 40 2
+ 40 3
+ 40 4
+ 40 5
+ 40 6
+ 40 7
+ 40 8
+ 40 9
+ 40 10
+ 40 11
+ 40 12
+ 40 13
+ 40 14
+ 40 15
+ 40 16
+ 40 17
+ 40 18
+ 40 19
+ 40 20
+ 40 21
+ 40 22
+ 40 23
+ 40 24
+ 40 25
+ 40 26
+ 40 27
+ 40 28
+ 40 29
+ 40 30
+ 40 31
+ 40 32
+ 40 33
+ 40 34
+ 40 35
+ 40 36
+ 40 37
+ 40 38
+ 40 39
o 40 40
Case #30: 76 71
+ 1 5
+ 1 7
o 1 8
+ 1 9
+ 1 10
+ 1 11
+ 1 12
+ 1 13
+ 1 14
+ 1 17
+ 1 18
+ 1 19
+ 1 20
+ 1 21
+ 1 22
+ 1 23
x 2 1
x 3 2
x 4 3
x 5 4
x 6 5
x 7 6
x 8 7
x 9 9
x 10 10
x 11 11
+ 11 14
x 12 12
+ 12 14
x 13 13
+ 13 14
x 14 14
x 15 15
x 16 16
x 17 17
x 18 18
x 19 19
x 20 20
x 21 21
x 22 22
x 23 23
x 24 24
x 25 25
x 26 26
+ 27 1
+ 27 2
+ 27 3
+ 27 4
+ 27 5
+ 27 6
+ 27 7
+ 27 8
+ 27 9
+ 27 10
+ 27 11
+ 27 12
+ 27 13
+ 27 14
+ 27 15
+ 27 16
+ 27 17
+ 27 18
+ 27 19
+ 27 20
+ 27 21
+ 27 22
+ 27 23
+ 27 24
+ 27 25
+ 27 26
o 27 27
Case #31: 107 100
o 1 1
x 2 2
x 3 3
x 4 4
x 5 5
x 6 6
x 7 7
x 8 8
x 9 9
x 10 10
x 11 11
x 12 12
x 13 13
x 14 14
x 15 15
x 16 16
x 17 17
x 18 18
x 19 19
x 20 20
x 21 21
x 22 22
x 23 23
x 24 24
x 25 25
x 26 26
x 27 27
x 28 28
x 29 29
x 30 30
x 31 31
x 32 32
x 33 33
x 34 34
x 35 35
x 36 36
x 37 37
x 38 38
x 39 39
x 40 40
x 41 41
x 42 42
x 43 43
x 44 44
x 45 45
x 46 46
x 47 47
x 48 48
x 49 49
x 50 50
x 51 51
x 52 52
x 53 53
x 54 54
x 55 55
x 56 56
x 57 57
x 58 58
x 59 59
x 60 60
x 61 61
x 62 62
x 63 63
x 64 64
x 65 65
x 66 66
x 67 67
x 68 68
x 69 69
x 70 70
x 71 71
x 72 72
x 73 73
x 74 74
x 75 75
x 76 76
x 77 77
x 78 78
x 79 79
x 80 80
x 81 81
x 82 82
x 83 83
x 84 84
x 85 85
x 86 86
x 87 87
x 88 88
x 89 89
x 90 90
x 91 91
x 92 92
x 93 93
x 94 94
x 95 95
x 96 96
x 97 97
x 98 98
x 99 99
x 100 100
Case #32: 103 100
o 1 1
x 2 2
x 3 3
x 4 4
x 5 5
x 6 6
x 7 7
x 8 8
x 9 9
x 10 10
x 11 11
x 12 12
x 13 13
x 14 14
x 15 15
x 16 16
x 17 17
x 18 18
x 19 19
x 20 20
x 21 21
x 22 22
x 23 23
x 24 24
x 25 25
x 26 26
x 27 27
x 28 28
x 29 29
x 30 30
x 31 31
x 32 32
x 33 33
x 34 34
x 35 35
x 36 36
x 37 37
x 38 38
x 39 39
x 40 40
x 41 41
x 42 42
x 43 43
x 44 44
x 45 45
x 46 46
x 47 47
x 48 48
x 49 49
x 50 50
x 51 51
x 52 52
x 53 53
x 54 54
x 55 55
x 56 56
x 57 57
x 58 58
x 59 59
x 60 60
x 61 61
x 62 62
x 63 63
x 64 64
x 65 65
x 66 66
x 67 67
x 68 68
x 69 69
x 70 70
x 71 71
x 72 72
x 73 73
x 74 74
x 75 75
x 76 76
x 77 77
x 78 78
x 79 79
x 80 80
x 81 81
x 82 82
x 83 83
x 84 84
x 85 85
x 86 86
x 87 87
x 88 88
x 89 89
x 90 90
x 91 91
x 92 92
x 93 93
x 94 94
x 95 95
x 96 96
x 97 97
x 98 98
x 99 99
x 100 100
Case #33: 65 61
+ 1 4
+ 1 5
+ 1 6
+ 1 7
+ 1 8
+ 1 9
+ 1 10
+ 1 11
+ 1 12
+ 1 13
+ 1 15
+ 1 16
+ 1 17
+ 1 18
+ 1 19
x 2 1
x 3 2
x 4 3
x 5 4
x 6 5
x 7 6
x 8 7
x 9 8
x 10 9
+ 10 12
x 11 10
+ 11 12
x 12 11
x 13 12
x 14 13
x 15 14
x 16 15
x 17 16
x 18 17
x 19 18
x 20 19
x 21 21
x 22 22
+ 23 1
+ 23 2
+ 23 3
+ 23 4
+ 23 5
+ 23 6
+ 23 7
+ 23 8
+ 23 9
+ 23 10
+ 23 11
+ 23 12
+ 23 13
+ 23 14
+ 23 15
+ 23 16
+ 23 17
+ 23 18
+ 23 19
+ 23 20
+ 23 21
+ 23 22
o 23 23
Case #34: 103 99
x 2 1
x 3 2
x 4 3
x 5 4
x 6 5
x 7 6
x 8 7
x 9 8
x 10 9
x 11 10
x 12 11
x 13 12
x 14 13
x 15 14
x 16 15
x 17 16
x 18 17
x 19 18
x 20 19
x 21 20
x 22 21
x 23 22
x 24 23
x 25 24
x 26 25
x 27 26
x 28 27
x 29 28
x 30 29
x 31 30
x 32 31
x 33 32
x 34 33
x 35 34
x 36 35
x 37 36
x 38 37
x 39 38
x 40 39
x 41 40
x 42 41
x 43 42
x 44 43
x 45 44
x 46 45
x 47 46
x 48 47
x 49 48
x 50 49
x 51 50
x 52 51
x 53 52
x 54 53
x 55 54
x 56 55
x 57 56
x 58 57
x 59 58
x 60 59
x 61 60
x 62 61
x 63 62
x 64 63
x 65 64
x 66 65
x 67 66
x 68 67
x 69 68
x 70 69
x 71 70
x 72 71
x 73 72
x 74 73
x 75 74
x 76 75
x 77 76
x 78 77
x 79 78
x 80 79
x 81 80
x 82 81
x 83 82
x 84 83
x 85 84
x 86 85
x 87 86
x 88 87
x 89 88
x 90 89
x 91 90
x 92 91
x 93 92
x 94 93
x 95 94
x 96 95
x 97 96
x 98 97
x 99 99
x 100 100
Case #35: 125 121
+ 1 16
+ 1 17
+ 1 18
+ 1 19
+ 1 20
+ 1 21
+ 1 23
+ 1 25
o 1 26
+ 1 27
+ 1 28
+ 1 29
+ 1 30
+ 1 31
+ 1 32
x 2 1
x 3 2
x 4 3
x 5 4
x 6 5
x 7 6
x 8 7
x 9 8
x 10 9
+ 10 24
x 11 10
+ 11 24
x 12 11
+ 12 24
x 13 12
+ 13 24
x 14 13
+ 14 24
x 15 14
+ 15 24
x 16 15
+ 16 24
x 17 16
+ 17 24
x 18 17
+ 18 24
x 19 18
+ 19 24
x 20 19
+ 20 24
x 21 20
+ 21 24
x 22 21
+ 22 24
x 23 22
+ 23 24
x 24 23
x 25 24
x 26 25
x 27 27
x 28 28
x 29 29
x 30 30
x 31 31
x 32 32
x 33 33
x 34 34
x 35 35
x 36 36
x 37 37
x 38 38
x 39 39
x 40 40
x 41 41
x 42 42
x 43 43
x 44 44
x 45 45
x 46 46
+ 47 1
+ 47 2
+ 47 3
+ 47 4
+ 47 5
+ 47 6
+ 47 7
+ 47 8
+ 47 9
+ 47 10
+ 47 11
+ 47 12
+ 47 13
+ 47 14
+ 47 15
+ 47 16
+ 47 17
+ 47 18
+ 47 19
+ 47 20
+ 47 21
+ 47 22
+ 47 23
+ 47 24
+ 47 25
+ 47 26
+ 47 27
+ 47 28
+ 47 29
+ 47 30
+ 47 31
+ 47 32
+ 47 33
+ 47 34
+ 47 35
+ 47 36
+ 47 37
+ 47 38
+ 47 39
+ 47 40
+ 47 41
+ 47 42
+ 47 43
+ 47 44
+ 47 45
+ 47 46
o 47 47
Case #36: 28 24
+ 1 2
+ 1 3
+ 1 5
+ 1 6
+ 1 7
+ 1 8
x 2 1
x 3 2
x 4 3
x 5 4
x 6 5
x 7 6
x 8 7
x 9 8
+ 10 1
+ 10 2
+ 10 3
+ 10 4
+ 10 5
+ 10 6
+ 10 7
+ 10 8
+ 10 9
o 10 10
Case #37: 100 96
+ 1 11
+ 1 12
+ 1 13
+ 1 14
+ 1 15
+ 1 16
+ 1 17
o 1 19
+ 1 20
+ 1 21
+ 1 22
+ 1 23
+ 1 24
+ 1 25
+ 1 26
x 2 1
x 3 2
x 4 3
x 5 4
x 6 5
x 7 6
x 8 7
x 9 8
x 10 9
+ 10 19
x 11 10
+ 11 19
x 12 11
+ 12 19
x 13 12
+ 13 19
x 14 13
+ 14 19
x 15 14
+ 15 19
x 16 15
+ 16 19
x 17 16
+ 17 19
x 18 17
+ 18 19
x 19 18
x 20 20
x 21 21
x 22 22
x 23 23
x 24 24
x 25 25
x 26 26
x 27 27
x 28 28
x 29 29
x 30 30
x 31 31
x 32 32
x 33 33
x 34 34
x 35 35
x 36 36
+ 37 1
+ 37 2
+ 37 3
+ 37 4
+ 37 5
+ 37 6
+ 37 7
+ 37 8
+ 37 9
+ 37 10
+ 37 11
+ 37 12
+ 37 13
+ 37 14
+ 37 15
+ 37 16
+ 37 17
+ 37 18
+ 37 19
+ 37 20
+ 37 21
+ 37 22
+ 37 23
+ 37 24
+ 37 25
+ 37 26
+ 37 27
+ 37 28
+ 37 29
+ 37 30
+ 37 31
+ 37 32
+ 37 33
+ 37 34
+ 37 35
+ 37 36
o 37 37
Case #38: 16 14
o 1 2
+ 1 3
+ 1 4
+ 1 5
x 2 1
x 3 3
x 4 4
x 5 5
+ 6 1
+ 6 2
+ 6 3
+ 6 4
+ 6 5
o 6 6
Case #39: 1 1
x 1 1
Case #40: 109 100
o 1 1
x 2 2
x 3 3
x 4 4
x 5 5
x 6 6
x 7 7
x 8 8
x 9 9
x 10 10
x 11 11
x 12 12
x 13 13
x 14 14
x 15 15
x 16 16
x 17 17
x 18 18
x 19 19
x 20 20
x 21 21
x 22 22
x 23 23
x 24 24
x 25 25
x 26 26
x 27 27
x 28 28
x 29 29
x 30 30
x 31 31
x 32 32
x 33 33
x 34 34
x 35 35
x 36 36
x 37 37
x 38 38
x 39 39
x 40 40
x 41 41
x 42 42
x 43 43
x 44 44
x 45 45
x 46 46
x 47 47
x 48 48
x 49 49
x 50 50
x 51 51
x 52 52
x 53 53
x 54 54
x 55 55
x 56 56
x 57 57
x 58 58
x 59 59
x 60 60
x 61 61
x 62 62
x 63 63
x 64 64
x 65 65
x 66 66
x 67 67
x 68 68
x 69 69
x 70 70
x 71 71
x 72 72
x 73 73
x 74 74
x 75 75
x 76 76
x 77 77
x 78 78
x 79 79
x 80 80
x 81 81
x 82 82
x 83 83
x 84 84
x 85 85
x 86 86
x 87 87
x 88 88
x 89 89
x 90 90
x 91 91
x 92 92
x 93 93
x 94 94
x 95 95
x 96 96
x 97 97
x 98 98
x 99 99
x 100 100
Case #41: 99 97
+ 1 12
+ 1 13
+ 1 14
+ 1 15
+ 1 16
+ 1 17
+ 1 18
+ 1 19
+ 1 20
+ 1 21
+ 1 22
+ 1 23
+ 1 24
+ 1 25
+ 1 26
x 2 1
x 3 2
x 4 3
x 5 4
x 6 5
x 7 6
x 8 7
x 9 8
+ 9 19
x 10 9
+ 10 19
x 11 10
+ 11 19
x 12 11
+ 12 19
x 13 12
+ 13 19
x 14 13
+ 14 19
x 15 14
+ 15 19
x 16 15
+ 16 19
x 17 16
+ 17 19
x 18 17
+ 18 19
x 19 18
x 20 19
x 21 20
x 22 21
x 23 22
x 24 23
x 25 24
x 26 25
x 27 26
x 28 27
x 29 28
x 30 29
x 31 30
x 32 31
x 33 32
x 34 33
x 35 34
x 36 35
+ 37 1
+ 37 2
+ 37 3
+ 37 4
+ 37 5
+ 37 6
+ 37 7
+ 37 8
+ 37 9
+ 37 10
+ 37 11
+ 37 12
+ 37 13
+ 37 14
+ 37 15
+ 37 16
+ 37 17
+ 37 18
+ 37 19
+ 37 20
+ 37 21
+ 37 22
+ 37 23
+ 37 24
+ 37 25
+ 37 26
+ 37 27
+ 37 28
+ 37 29
+ 37 30
+ 37 31
+ 37 32
+ 37 33
+ 37 34
+ 37 35
+ 37 36
o 37 37
Case #42: 52 49
+ 1 2
+ 1 3
+ 1 4
+ 1 5
+ 1 6
+ 1 7
+ 1 8
+ 1 9
+ 1 10
+ 1 11
+ 1 12
+ 1 13
+ 1 15
+ 1 16
+ 1 17
x 2 1
x 3 2
x 4 3
x 5 4
x 6 5
x 7 6
x 8 7
x 9 8
x 10 9
x 11 10
x 12 11
x 13 12
x 14 13
x 15 15
x 16 16
x 17 17
+ 18 1
+ 18 2
+ 18 3
+ 18 4
+ 18 5
+ 18 6
+ 18 7
+ 18 8
+ 18 9
+ 18 10
+ 18 11
+ 18 12
+ 18 13
+ 18 14
+ 18 15
+ 18 16
+ 18 17
o 18 18
Case #43: 256 254
+ 1 44
+ 1 45
+ 1 46
+ 1 47
+ 1 48
+ 1 49
+ 1 50
+ 1 51
+ 1 52
+ 1 53
+ 1 54
+ 1 55
+ 1 56
+ 1 57
x 2 1
x 3 2
x 4 3
x 5 4
x 6 5
x 7 7
x 8 8
x 9 9
+ 9 50
+ 9 51
x 10 10
x 11 11
+ 11 50
+ 11 51
x 12 12
x 13 13
+ 13 50
+ 13 51
x 14 14
x 15 15
+ 15 50
+ 15 51
x 16 16
x 17 17
+ 17 50
+ 17 51
x 18 18
x 19 19
+ 19 50
+ 19 51
x 20 20
x 21 21
+ 21 50
+ 21 51
x 22 22
x 23 23
+ 23 50
+ 23 51
x 24 24
x 25 25
+ 25 50
+ 25 51
x 26 26
x 27 27
+ 27 50
+ 27 51
x 28 28
x 29 29
+ 29 50
+ 29 51
x 30 30
x 31 31
+ 31 50
+ 31 51
x 32 32
x 33 33
+ 33 50
+ 33 51
x 34 34
x 35 35
+ 35 50
+ 35 51
x 36 36
x 37 37
+ 37 50
+ 37 51
x 38 38
x 39 39
+ 39 50
+ 39 51
x 40 40
x 41 41
+ 41 50
+ 41 51
x 42 42
x 43 43
+ 43 50
+ 43 51
x 44 44
x 45 45
+ 45 50
+ 45 51
x 46 46
x 47 47
+ 47 50
+ 47 51
x 48 48
x 49 49
+ 49 50
+ 49 51
x 50 50
x 51 51
x 52 52
x 53 53
x 54 54
x 55 55
x 56 56
x 57 57
x 58 58
x 59 59
x 60 60
x 61 61
x 62 62
x 63 63
x 64 64
x 65 65
x 66 66
x 67 67
x 68 68
x 69 69
x 70 70
x 71 71
x 72 72
x 73 73
x 74 74
x 75 75
x 76 76
x 77 77
x 78 78
x 79 79
x 80 80
x 81 81
x 82 82
x 83 83
x 84 84
x 85 85
x 86 86
x 87 87
x 88 88
x 89 89
x 90 90
x 91 91
x 92 92
x 93 93
x 94 94
x 95 95
x 96 96
x 97 97
x 98 98
x 99 99
+ 100 1
+ 100 2
+ 100 3
+ 100 4
+ 100 5
+ 100 6
+ 100 7
+ 100 8
+ 100 9
+ 100 10
+ 100 11
+ 100 12
+ 100 13
+ 100 14
+ 100 15
+ 100 16
+ 100 17
+ 100 18
+ 100 19
+ 100 20
+ 100 21
+ 100 22
+ 100 23
+ 100 24
+ 100 25
+ 100 26
+ 100 27
+ 100 28
+ 100 29
+ 100 30
+ 100 31
+ 100 32
+ 100 33
+ 100 34
+ 100 35
+ 100 36
+ 100 37
+ 100 38
+ 100 39
+ 100 40
+ 100 41
+ 100 42
+ 100 43
+ 100 44
+ 100 45
+ 100 46
+ 100 47
+ 100 48
+ 100 49
+ 100 50
+ 100 51
+ 100 52
+ 100 53
+ 100 54
+ 100 55
+ 100 56
+ 100 57
+ 100 58
+ 100 59
+ 100 60
+ 100 61
+ 100 62
+ 100 63
+ 100 64
+ 100 65
+ 100 66
+ 100 67
+ 100 68
+ 100 69
+ 100 70
+ 100 71
+ 100 72
+ 100 73
+ 100 74
+ 100 75
+ 100 76
+ 100 77
+ 100 78
+ 100 79
+ 100 80
+ 100 81
+ 100 82
+ 100 83
+ 100 84
+ 100 85
+ 100 86
+ 100 87
+ 100 88
+ 100 89
+ 100 90
+ 100 91
+ 100 92
+ 100 93
+ 100 94
+ 100 95
+ 100 96
+ 100 97
+ 100 98
+ 100 99
o 100 100
Case #44: 254 253
x 1 1
+ 1 43
+ 1 44
+ 1 45
+ 1 46
+ 1 47
+ 1 48
+ 1 49
+ 1 50
+ 1 51
+ 1 52
+ 1 53
+ 1 54
+ 1 55
+ 1 56
+ 1 57
x 2 2
x 3 3
x 4 4
x 5 5
x 6 6
x 7 7
x 8 8
x 9 9
+ 9 50
x 10 10
+ 10 50
x 11 11
+ 11 50
x 12 12
+ 12 50
x 13 13
+ 13 50
x 14 14
+ 14 50
x 15 15
+ 15 50
x 16 16
+ 16 50
x 17 17
+ 17 50
x 18 18
+ 18 50
x 19 19
+ 19 50
x 20 20
+ 20 50
x 21 21
+ 21 50
x 22 22
+ 22 50
x 23 23
+ 23 50
x 24 24
+ 24 50
x 25 25
+ 25 50
x 26 26
+ 26 50
x 27 27
+ 27 50
x 28 28
+ 28 50
x 29 29
+ 29 50
x 30 30
+ 30 50
x 31 31
+ 31 50
x 32 32
+ 32 50
x 33 33
+ 33 50
x 34 34
+ 34 50
x 35 35
+ 35 50
x 36 36
+ 36 50
x 37 37
+ 37 50
x 38 38
+ 38 50
x 39 39
+ 39 50
x 40 40
+ 40 50
x 41 41
+ 41 50
x 42 42
+ 42 50
x 43 43
+ 43 50
x 44 44
+ 44 50
x 45 45
+ 45 50
x 46 46
+ 46 50
x 47 47
+ 47 50
x 48 48
+ 48 50
x 49 49
+ 49 50
x 50 50
x 51 51
x 52 52
x 53 53
x 54 54
x 55 55
x 56 56
x 57 57
x 58 58
x 59 59
x 60 60
x 61 61
x 62 62
x 63 63
x 64 64
x 65 65
x 66 66
x 67 67
x 68 68
x 69 69
x 70 70
x 71 71
x 72 72
x 73 73
x 74 74
x 75 75
x 76 76
x 77 77
x 78 78
x 79 79
x 80 80
x 81 81
x 82 82
x 83 83
x 84 84
x 85 85
x 86 86
x 87 87
x 88 88
x 89 89
x 90 90
x 91 91
x 92 92
x 93 93
x 94 94
x 95 95
x 96 96
x 97 97
x 98 98
+ 99 1
+ 99 2
+ 99 3
+ 99 4
+ 99 5
+ 99 6
+ 99 7
+ 99 8
+ 99 9
+ 99 10
+ 99 11
+ 99 12
+ 99 13
+ 99 14
+ 99 15
+ 99 16
+ 99 17
+ 99 18
+ 99 19
+ 99 20
+ 99 21
+ 99 22
+ 99 23
+ 99 24
+ 99 25
+ 99 26
+ 99 27
+ 99 28
+ 99 29
+ 99 30
+ 99 31
+ 99 32
+ 99 33
+ 99 34
+ 99 35
+ 99 36
+ 99 37
+ 99 38
+ 99 39
+ 99 40
+ 99 41
+ 99 42
+ 99 43
+ 99 44
+ 99 45
+ 99 46
+ 99 47
+ 99 48
+ 99 49
+ 99 50
+ 99 51
+ 99 52
+ 99 53
+ 99 54
+ 99 55
+ 99 56
+ 99 57
+ 99 58
+ 99 59
+ 99 60
+ 99 61
+ 99 62
+ 99 63
+ 99 64
+ 99 65
+ 99 66
+ 99 67
+ 99 68
+ 99 69
+ 99 70
+ 99 71
+ 99 72
+ 99 73
+ 99 74
+ 99 75
+ 99 76
+ 99 77
+ 99 78
+ 99 79
+ 99 80
+ 99 81
+ 99 82
+ 99 83
+ 99 84
+ 99 85
+ 99 86
+ 99 87
+ 99 88
+ 99 89
+ 99 90
+ 99 91
+ 99 92
+ 99 93
+ 99 94
+ 99 95
+ 99 96
+ 99 97
+ 99 98
o 99 99
Case #45: 105 100
o 1 1
x 2 2
x 3 3
x 4 4
x 5 5
x 6 6
x 7 7
x 8 8
x 9 9
x 10 10
x 11 11
x 12 12
x 13 13
x 14 14
x 15 15
x 16 16
x 17 17
x 18 18
x 19 19
x 20 20
x 21 21
x 22 22
x 23 23
x 24 24
x 25 25
x 26 26
x 27 27
x 28 28
x 29 29
x 30 30
x 31 31
x 32 32
x 33 33
x 34 34
x 35 35
x 36 36
x 37 37
x 38 38
x 39 39
x 40 40
x 41 41
x 42 42
x 43 43
x 44 44
x 45 45
x 46 46
x 47 47
x 48 48
x 49 49
x 50 50
x 51 51
x 52 52
x 53 53
x 54 54
x 55 55
x 56 56
x 57 57
x 58 58
x 59 59
x 60 60
x 61 61
x 62 62
x 63 63
x 64 64
x 65 65
x 66 66
x 67 67
x 68 68
x 69 69
x 70 70
x 71 71
x 72 72
x 73 73
x 74 74
x 75 75
x 76 76
x 77 77
x 78 78
x 79 79
x 80 80
x 81 81
x 82 82
x 83 83
x 84 84
x 85 85
x 86 86
x 87 87
x 88 88
x 89 89
x 90 90
x 91 91
x 92 92
x 93 93
x 94 94
x 95 95
x 96 96
x 97 97
x 98 98
x 99 99
x 100 100
Case #46: 106 100
o 1 1
x 2 2
x 3 3
x 4 4
x 5 5
x 6 6
x 7 7
x 8 8
x 9 9
x 10 10
x 11 11
x 12 12
x 13 13
x 14 14
x 15 15
x 16 16
x 17 17
x 18 18
x 19 19
x 20 20
x 21 21
x 22 22
x 23 23
x 24 24
x 25 25
x 26 26
x 27 27
x 28 28
x 29 29
x 30 30
x 31 31
x 32 32
x 33 33
x 34 34
x 35 35
x 36 36
x 37 37
x 38 38
x 39 39
x 40 40
x 41 41
x 42 42
x 43 43
x 44 44
x 45 45
x 46 46
x 47 47
x 48 48
x 49 49
x 50 50
x 51 51
x 52 52
x 53 53
x 54 54
x 55 55
x 56 56
x 57 57
x 58 58
x 59 59
x 60 60
x 61 61
x 62 62
x 63 63
x 64 64
x 65 65
x 66 66
x 67 67
x 68 68
x 69 69
x 70 70
x 71 71
x 72 72
x 73 73
x 74 74
x 75 75
x 76 76
x 77 77
x 78 78
x 79 79
x 80 80
x 81 81
x 82 82
x 83 83
x 84 84
x 85 85
x 86 86
x 87 87
x 88 88
x 89 89
x 90 90
x 91 91
x 92 92
x 93 93
x 94 94
x 95 95
x 96 96
x 97 97
x 98 98
x 99 99
x 100 100
Case #47: 126 120
+ 1 18
+ 1 19
+ 1 20
+ 1 21
+ 1 23
+ 1 24
+ 1 25
+ 1 26
+ 1 27
+ 1 29
+ 1 31
x 2 1
x 3 2
x 4 3
x 5 4
x 6 5
x 7 6
+ 7 22
x 8 7
x 9 8
+ 9 22
+ 9 25
x 10 9
x 11 10
+ 11 22
+ 11 25
x 12 11
x 13 12
+ 13 22
+ 13 25
x 14 13
x 15 14
+ 15 25
x 16 15
+ 16 23
x 17 16
+ 17 25
x 18 17
+ 18 23
x 19 18
+ 19 25
x 20 19
x 21 20
+ 21 24
+ 21 25
x 22 21
x 23 22
+ 23 24
+ 23 25
x 24 23
x 25 24
x 26 25
x 27 26
x 28 27
x 29 28
x 30 29
x 31 30
x 32 31
x 33 32
x 34 33
x 35 34
x 36 35
x 37 36
x 38 37
x 39 38
x 40 39
x 41 40
x 42 41
x 43 43
x 44 44
x 45 45
x 46 46
x 47 47
+ 48 2
+ 48 3
+ 48 4
+ 48 5
+ 48 6
+ 48 7
+ 48 8
+ 48 9
+ 48 10
+ 48 11
+ 48 12
+ 48 13
+ 48 14
+ 48 15
+ 48 16
+ 48 17
+ 48 18
+ 48 19
+ 48 20
+ 48 21
+ 48 22
+ 48 23
+ 48 24
+ 48 25
+ 48 26
+ 48 27
+ 48 28
+ 48 29
+ 48 30
+ 48 31
+ 48 32
+ 48 33
+ 48 34
+ 48 35
+ 48 36
+ 48 37
+ 48 38
+ 48 39
+ 48 40
+ 48 41
+ 48 42
+ 48 43
+ 48 44
+ 48 45
+ 48 46
+ 48 47
o 48 48
Case #48: 102 100
o 1 1
x 2 2
x 3 3
x 4 4
x 5 5
x 6 6
x 7 7
x 8 8
x 9 9
x 10 10
x 11 11
x 12 12
x 13 13
x 14 14
x 15 15
x 16 16
x 17 17
x 18 18
x 19 19
x 20 20
x 21 21
x 22 22
x 23 23
x 24 24
x 25 25
x 26 26
x 27 27
x 28 28
x 29 29
x 30 30
x 31 31
x 32 32
x 33 33
x 34 34
x 35 35
x 36 36
x 37 37
x 38 38
x 39 39
x 40 40
x 41 41
x 42 42
x 43 43
x 44 44
x 45 45
x 46 46
x 47 47
x 48 48
x 49 49
x 50 50
x 51 51
x 52 52
x 53 53
x 54 54
x 55 55
x 56 56
x 57 57
x 58 58
x 59 59
x 60 60
x 61 61
x 62 62
x 63 63
x 64 64
x 65 65
x 66 66
x 67 67
x 68 68
x 69 69
x 70 70
x 71 71
x 72 72
x 73 73
x 74 74
x 75 75
x 76 76
x 77 77
x 78 78
x 79 79
x 80 80
x 81 81
x 82 82
x 83 83
x 84 84
x 85 85
x 86 86
x 87 87
x 88 88
x 89 89
x 90 90
x 91 91
x 92 92
x 93 93
x 94 94
x 95 95
x 96 96
x 97 97
x 98 98
x 99 99
x 100 100
Case #49: 240 236
+ 1 40
+ 1 41
+ 1 42
+ 1 43
+ 1 44
+ 1 45
+ 1 46
+ 1 47
+ 1 48
+ 1 49
+ 1 50
+ 1 51
+ 1 52
+ 1 53
+ 1 54
x 2 1
x 3 2
x 4 3
x 5 4
x 6 5
x 7 6
x 8 7
x 9 8
+ 9 47
x 10 9
+ 10 47
x 11 10
+ 11 47
x 12 11
+ 12 47
x 13 12
+ 13 47
x 14 13
+ 14 47
x 15 14
+ 15 47
x 16 15
+ 16 47
x 17 16
+ 17 47
x 18 17
+ 18 47
x 19 18
+ 19 47
x 20 19
+ 20 47
x 21 20
+ 21 47
x 22 21
+ 22 47
x 23 22
x 24 23
+ 24 47
+ 24 48
x 25 24
x 26 25
+ 26 47
+ 26 48
x 27 26
x 28 27
+ 28 47
+ 28 48
x 29 28
x 30 29
+ 30 47
+ 30 48
x 31 30
x 32 31
+ 32 47
x 33 32
+ 33 47
x 34 33
+ 34 47
x 35 34
+ 35 47
x 36 35
+ 36 47
x 37 36
+ 37 47
x 38 37
+ 38 47
x 39 38
+ 39 47
x 40 39
+ 40 47
x 41 40
+ 41 47
x 42 41
+ 42 47
x 43 42
+ 43 47
x 44 43
+ 44 47
x 45 44
+ 45 47
x 46 45
+ 46 47
x 47 46
x 48 47
x 49 48
x 50 49
x 51 50
x 52 51
x 53 52
x 54 53
x 55 54
x 56 55
x 57 56
x 58 57
x 59 58
x 60 59
x 61 60
x 62 61
x 63 62
x 64 63
x 65 64
x 66 65
x 67 66
x 68 67
x 69 68
x 70 70
x 71 71
x 72 72
x 73 73
x 74 74
x 75 75
x 76 76
x 77 77
x 78 78
x 79 79
x 80 80
x 81 81
x 82 82
x 83 83
x 84 84
x 85 85
x 86 86
x 87 87
x 88 88
x 89 89
x 90 90
x 91 91
x 92 92
+ 93 1
+ 93 2
+ 93 3
+ 93 4
+ 93 5
+ 93 6
+ 93 7
+ 93 8
+ 93 9
+ 93 10
+ 93 11
+ 93 12
+ 93 13
+ 93 14
+ 93 15
+ 93 16
+ 93 17
+ 93 18
+ 93 19
+ 93 20
+ 93 21
+ 93 22
+ 93 23
+ 93 24
+ 93 25
+ 93 26
+ 93 27
+ 93 28
+ 93 29
+ 93 30
+ 93 31
+ 93 32
+ 93 33
+ 93 34
+ 93 35
+ 93 36
+ 93 37
+ 93 38
+ 93 39
+ 93 40
+ 93 41
+ 93 42
+ 93 43
+ 93 44
+ 93 45
+ 93 46
+ 93 47
+ 93 48
+ 93 49
+ 93 50
+ 93 51
+ 93 52
+ 93 53
+ 93 54
+ 93 55
+ 93 56
+ 93 57
+ 93 58
+ 93 59
+ 93 60
+ 93 61
+ 93 62
+ 93 63
+ 93 64
+ 93 65
+ 93 66
+ 93 67
+ 93 68
+ 93 69
+ 93 70
+ 93 71
+ 93 72
+ 93 73
+ 93 74
+ 93 75
+ 93 76
+ 93 77
+ 93 78
+ 93 79
+ 93 80
+ 93 81
+ 93 82
+ 93 83
+ 93 84
+ 93 85
+ 93 86
+ 93 87
+ 93 88
+ 93 89
+ 93 90
+ 93 91
+ 93 92
o 93 93
Case #50: 31 29
+ 1 2
+ 1 3
+ 1 4
+ 1 5
+ 1 6
+ 1 7
+ 1 8
+ 1 9
o 1 10
x 2 1
x 3 2
x 4 3
x 5 4
x 6 5
x 7 6
x 8 7
x 9 8
x 10 9
+ 11 1
+ 11 2
+ 11 3
+ 11 4
+ 11 5
+ 11 6
+ 11 7
+ 11 8
+ 11 9
+ 11 10
o 11 11
Case #51: 172 167
+ 1 26
+ 1 27
+ 1 28
+ 1 29
+ 1 30
+ 1 31
+ 1 32
+ 1 33
+ 1 34
+ 1 35
+ 1 36
+ 1 37
+ 1 39
x 2 1
x 3 2
x 4 3
x 5 4
x 6 5
x 7 6
x 8 7
+ 8 31
x 9 8
+ 9 33
x 10 9
+ 10 31
x 11 10
+ 11 33
x 12 11
+ 12 31
x 13 12
+ 13 33
x 14 13
+ 14 31
x 15 14
x 16 15
+ 16 31
+ 16 34
x 17 16
x 18 17
+ 18 31
+ 18 34
x 19 18
x 20 20
+ 20 31
+ 20 34
x 21 21
x 22 22
+ 22 31
+ 22 34
x 23 23
x 24 24
+ 24 31
+ 24 34
x 25 25
x 26 26
+ 26 34
x 27 27
x 28 28
+ 28 33
+ 28 34
x 29 29
x 30 30
+ 30 33
+ 30 34
x 31 31
x 32 32
+ 32 33
+ 32 34
x 33 33
x 34 34
x 35 35
x 36 36
x 37 37
x 38 38
x 39 39
x 40 40
x 41 41
x 42 42
x 43 43
x 44 44
x 45 45
x 46 46
x 47 47
x 48 48
x 49 49
x 50 50
x 51 51
x 52 52
x 53 53
x 54 54
x 55 55
x 56 56
x 57 57
x 58 58
x 59 59
x 60 60
x 61 61
x 62 62
x 63 63
x 64 64
x 65 65
+ 66 1
+ 66 2
+ 66 3
+ 66 4
+ 66 5
+ 66 6
+ 66 7
+ 66 8
+ 66 9
+ 66 10
+ 66 11
+ 66 12
+ 66 13
+ 66 14
+ 66 15
+ 66 16
+ 66 17
+ 66 18
+ 66 19
+ 66 20
+ 66 21
+ 66 22
+ 66 23
+ 66 24
+ 66 25
+ 66 26
+ 66 27
+ 66 28
+ 66 29
+ 66 30
+ 66 31
+ 66 32
+ 66 33
+ 66 34
+ 66 35
+ 66 36
+ 66 37
+ 66 38
+ 66 39
+ 66 40
+ 66 41
+ 66 42
+ 66 43
+ 66 44
+ 66 45
+ 66 46
+ 66 47
+ 66 48
+ 66 49
+ 66 50
+ 66 51
+ 66 52
+ 66 53
+ 66 54
+ 66 55
+ 66 56
+ 66 57
+ 66 58
+ 66 59
+ 66 60
+ 66 61
+ 66 62
+ 66 63
+ 66 64
+ 66 65
o 66 66
Case #52: 108 100
o 1 1
x 2 2
x 3 3
x 4 4
x 5 5
x 6 6
x 7 7
x 8 8
x 9 9
x 10 10
x 11 11
x 12 12
x 13 13
x 14 14
x 15 15
x 16 16
x 17 17
x 18 18
x 19 19
x 20 20
x 21 21
x 22 22
x 23 23
x 24 24
x 25 25
x 26 26
x 27 27
x 28 28
x 29 29
x 30 30
x 31 31
x 32 32
x 33 33
x 34 34
x 35 35
x 36 36
x 37 37
x 38 38
x 39 39
x 40 40
x 41 41
x 42 42
x 43 43
x 44 44
x 45 45
x 46 46
x 47 47
x 48 48
x 49 49
x 50 50
x 51 51
x 52 52
x 53 53
x 54 54
x 55 55
x 56 56
x 57 57
x 58 58
x 59 59
x 60 60
x 61 61
x 62 62
x 63 63
x 64 64
x 65 65
x 66 66
x 67 67
x 68 68
x 69 69
x 70 70
x 71 71
x 72 72
x 73 73
x 74 74
x 75 75
x 76 76
x 77 77
x 78 78
x 79 79
x 80 80
x 81 81
x 82 82
x 83 83
x 84 84
x 85 85
x 86 86
x 87 87
x 88 88
x 89 89
x 90 90
x 91 91
x 92 92
x 93 93
x 94 94
x 95 95
x 96 96
x 97 97
x 98 98
x 99 99
x 100 100
Case #53: 16 14
+ 1 2
+ 1 3
+ 1 4
+ 1 5
x 2 2
x 3 3
x 4 4
x 5 5
+ 6 1
+ 6 2
+ 6 3
+ 6 4
+ 6 5
o 6 6
Case #54: 233 229
+ 1 39
+ 1 40
+ 1 41
+ 1 42
+ 1 43
+ 1 44
+ 1 45
+ 1 46
+ 1 47
+ 1 48
+ 1 49
+ 1 50
+ 1 51
+ 1 52
+ 1 53
+ 1 54
x 2 1
x 3 2
x 4 3
x 5 4
x 6 5
x 7 6
x 8 7
x 9 8
x 10 9
+ 10 46
+ 10 47
x 11 10
x 12 11
+ 12 46
+ 12 47
x 13 12
x 14 13
+ 14 46
+ 14 47
x 15 14
x 16 15
+ 16 46
+ 16 47
x 17 17
x 18 18
+ 18 46
+ 18 47
x 19 19
x 20 20
+ 20 46
+ 20 47
x 21 21
x 22 22
+ 22 46
+ 22 47
x 23 23
x 24 24
+ 24 46
+ 24 47
x 25 25
x 26 26
+ 26 46
+ 26 47
x 27 27
x 28 28
+ 28 46
+ 28 47
x 29 29
x 30 30
+ 30 46
+ 30 47
x 31 31
x 32 32
+ 32 46
x 33 33
x 34 34
+ 34 45
+ 34 46
x 35 35
x 36 36
+ 36 45
+ 36 46
x 37 37
x 38 38
+ 38 45
+ 38 46
x 39 39
x 40 40
+ 40 45
+ 40 46
x 41 41
x 42 42
+ 42 45
+ 42 46
x 43 43
x 44 44
+ 44 45
+ 44 46
x 45 45
x 46 46
x 47 47
x 48 48
x 49 49
x 50 50
x 51 51
x 52 52
x 53 53
x 54 54
x 55 55
x 56 56
x 57 57
x 58 58
x 59 59
x 60 60
x 61 61
x 62 62
x 63 63
x 64 64
x 65 65
x 66 66
x 67 67
x 68 68
x 69 69
x 70 70
x 71 71
x 72 72
x 73 73
x 74 74
x 75 75
x 76 76
x 77 77
x 78 78
x 79 79
x 80 80
x 81 81
x 82 82
x 83 83
x 84 84
x 85 85
x 86 86
x 87 87
x 88 88
x 89 89
+ 90 1
+ 90 2
+ 90 3
+ 90 4
+ 90 5
+ 90 6
+ 90 7
+ 90 8
+ 90 9
+ 90 10
+ 90 11
+ 90 12
+ 90 13
+ 90 14
+ 90 15
+ 90 16
+ 90 17
+ 90 18
+ 90 19
+ 90 20
+ 90 21
+ 90 22
+ 90 23
+ 90 24
+ 90 25
+ 90 26
+ 90 27
+ 90 28
+ 90 29
+ 90 30
+ 90 31
+ 90 32
+ 90 33
+ 90 34
+ 90 35
+ 90 36
+ 90 37
+ 90 38
+ 90 39
+ 90 40
+ 90 41
+ 90 42
+ 90 43
+ 90 44
+ 90 45
+ 90 46
+ 90 47
+ 90 48
+ 90 49
+ 90 50
+ 90 51
+ 90 52
+ 90 53
+ 90 54
+ 90 55
+ 90 56
+ 90 57
+ 90 58
+ 90 59
+ 90 60
+ 90 61
+ 90 62
+ 90 63
+ 90 64
+ 90 65
+ 90 66
+ 90 67
+ 90 68
+ 90 69
+ 90 70
+ 90 71
+ 90 72
+ 90 73
+ 90 74
+ 90 75
+ 90 76
+ 90 77
+ 90 78
+ 90 79
+ 90 80
+ 90 81
+ 90 82
+ 90 83
+ 90 84
+ 90 85
+ 90 86
+ 90 87
+ 90 88
+ 90 89
o 90 90
Case #55: 19 16
+ 1 2
+ 1 4
o 1 5
+ 1 6
x 2 1
x 3 2
x 4 3
x 5 4
x 6 6
+ 7 1
+ 7 2
+ 7 3
+ 7 4
+ 7 5
+ 7 6
o 7 7
Case #56: 199 100
o 1 1
x 2 2
x 3 3
x 4 4
x 5 5
x 6 6
x 7 7
x 8 8
x 9 9
x 10 10
x 11 11
x 12 12
x 13 13
x 14 14
x 15 15
x 16 16
x 17 17
x 18 18
x 19 19
x 20 20
x 21 21
x 22 22
x 23 23
x 24 24
x 25 25
x 26 26
x 27 27
x 28 28
x 29 29
x 30 30
x 31 31
x 32 32
x 33 33
x 34 34
x 35 35
x 36 36
x 37 37
x 38 38
x 39 39
x 40 40
x 41 41
x 42 42
x 43 43
x 44 44
x 45 45
x 46 46
x 47 47
x 48 48
x 49 49
x 50 50
x 51 51
x 52 52
x 53 53
x 54 54
x 55 55
x 56 56
x 57 57
x 58 58
x 59 59
x 60 60
x 61 61
x 62 62
x 63 63
x 64 64
x 65 65
x 66 66
x 67 67
x 68 68
x 69 69
x 70 70
x 71 71
x 72 72
x 73 73
x 74 74
x 75 75
x 76 76
x 77 77
x 78 78
x 79 79
x 80 80
x 81 81
x 82 82
x 83 83
x 84 84
x 85 85
x 86 86
x 87 87
x 88 88
x 89 89
x 90 90
x 91 91
x 92 92
x 93 93
x 94 94
x 95 95
x 96 96
x 97 97
x 98 98
x 99 99
x 100 100
Case #57: 298 198
x 1 1
x 2 2
x 3 3
x 4 4
x 5 5
x 6 6
x 7 7
x 8 8
x 9 9
x 10 10
x 11 11
x 12 12
x 13 13
x 14 14
x 15 15
x 16 16
x 17 17
x 18 18
x 19 19
x 20 20
x 21 21
x 22 22
x 23 23
x 24 24
x 25 25
x 26 26
x 27 27
x 28 28
x 29 29
x 30 30
x 31 31
x 32 32
x 33 33
x 34 34
x 35 35
x 36 36
x 37 37
x 38 38
x 39 39
x 40 40
x 41 41
x 42 42
x 43 43
x 44 44
x 45 45
x 46 46
x 47 47
x 48 48
x 49 49
x 50 50
x 51 51
x 52 52
x 53 53
x 54 54
x 55 55
x 56 56
x 57 57
x 58 58
x 59 59
x 60 60
x 61 61
x 62 62
x 63 63
x 64 64
x 65 65
x 66 66
x 67 67
x 68 68
x 69 69
x 70 70
x 71 71
x 72 72
x 73 73
x 74 74
x 75 75
x 76 76
x 77 77
x 78 78
x 79 79
x 80 80
x 81 81
x 82 82
x 83 83
x 84 84
x 85 85
x 86 86
x 87 87
x 88 88
x 89 89
x 90 90
x 91 91
x 92 92
x 93 93
x 94 94
x 95 95
x 96 96
x 97 97
x 98 98
x 99 99
+ 100 2
+ 100 3
+ 100 4
+ 100 5
+ 100 6
+ 100 7
+ 100 8
+ 100 9
+ 100 10
+ 100 11
+ 100 12
+ 100 13
+ 100 14
+ 100 15
+ 100 16
+ 100 17
+ 100 18
+ 100 19
+ 100 20
+ 100 21
+ 100 22
+ 100 23
+ 100 24
+ 100 25
+ 100 26
+ 100 27
+ 100 28
+ 100 29
+ 100 30
+ 100 31
+ 100 32
+ 100 33
+ 100 34
+ 100 35
+ 100 36
+ 100 37
+ 100 38
+ 100 39
+ 100 40
+ 100 41
+ 100 42
+ 100 43
+ 100 44
+ 100 45
+ 100 46
+ 100 47
+ 100 48
+ 100 49
+ 100 50
+ 100 51
+ 100 52
+ 100 53
+ 100 54
+ 100 55
+ 100 56
+ 100 57
+ 100 58
+ 100 59
+ 100 60
+ 100 61
+ 100 62
+ 100 63
+ 100 64
+ 100 65
+ 100 66
+ 100 67
+ 100 68
+ 100 69
+ 100 70
+ 100 71
+ 100 72
+ 100 73
+ 100 74
+ 100 75
+ 100 76
+ 100 77
+ 100 78
+ 100 79
+ 100 80
+ 100 81
+ 100 82
+ 100 83
+ 100 84
+ 100 85
+ 100 86
+ 100 87
+ 100 88
+ 100 89
+ 100 90
+ 100 91
+ 100 92
+ 100 93
+ 100 94
+ 100 95
+ 100 96
+ 100 97
+ 100 98
+ 100 99
o 100 100
Case #58: 1 0
Case #59: 108 100
o 1 1
x 2 2
x 3 3
x 4 4
x 5 5
x 6 6
x 7 7
x 8 8
x 9 9
x 10 10
x 11 11
x 12 12
x 13 13
x 14 14
x 15 15
x 16 16
x 17 17
x 18 18
x 19 19
x 20 20
x 21 21
x 22 22
x 23 23
x 24 24
x 25 25
x 26 26
x 27 27
x 28 28
x 29 29
x 30 30
x 31 31
x 32 32
x 33 33
x 34 34
x 35 35
x 36 36
x 37 37
x 38 38
x 39 39
x 40 40
x 41 41
x 42 42
x 43 43
x 44 44
x 45 45
x 46 46
x 47 47
x 48 48
x 49 49
x 50 50
x 51 51
x 52 52
x 53 53
x 54 54
x 55 55
x 56 56
x 57 57
x 58 58
x 59 59
x 60 60
x 61 61
x 62 62
x 63 63
x 64 64
x 65 65
x 66 66
x 67 67
x 68 68
x 69 69
x 70 70
x 71 71
x 72 72
x 73 73
x 74 74
x 75 75
x 76 76
x 77 77
x 78 78
x 79 79
x 80 80
x 81 81
x 82 82
x 83 83
x 84 84
x 85 85
x 86 86
x 87 87
x 88 88
x 89 89
x 90 90
x 91 91
x 92 92
x 93 93
x 94 94
x 95 95
x 96 96
x 97 97
x 98 98
x 99 99
x 100 100
Case #60: 107 100
o 1 1
x 2 2
x 3 3
x 4 4
x 5 5
x 6 6
x 7 7
x 8 8
x 9 9
x 10 10
x 11 11
x 12 12
x 13 13
x 14 14
x 15 15
x 16 16
x 17 17
x 18 18
x 19 19
x 20 20
x 21 21
x 22 22
x 23 23
x 24 24
x 25 25
x 26 26
x 27 27
x 28 28
x 29 29
x 30 30
x 31 31
x 32 32
x 33 33
x 34 34
x 35 35
x 36 36
x 37 37
x 38 38
x 39 39
x 40 40
x 41 41
x 42 42
x 43 43
x 44 44
x 45 45
x 46 46
x 47 47
x 48 48
x 49 49
x 50 50
x 51 51
x 52 52
x 53 53
x 54 54
x 55 55
x 56 56
x 57 57
x 58 58
x 59 59
x 60 60
x 61 61
x 62 62
x 63 63
x 64 64
x 65 65
x 66 66
x 67 67
x 68 68
x 69 69
x 70 70
x 71 71
x 72 72
x 73 73
x 74 74
x 75 75
x 76 76
x 77 77
x 78 78
x 79 79
x 80 80
x 81 81
x 82 82
x 83 83
x 84 84
x 85 85
x 86 86
x 87 87
x 88 88
x 89 89
x 90 90
x 91 91
x 92 92
x 93 93
x 94 94
x 95 95
x 96 96
x 97 97
x 98 98
x 99 99
x 100 100
Case #61: 131 128
+ 1 20
+ 1 21
+ 1 22
+ 1 23
+ 1 24
+ 1 25
+ 1 26
+ 1 27
+ 1 28
+ 1 29
+ 1 30
+ 1 31
+ 1 33
x 2 1
x 3 2
x 4 3
x 5 4
x 6 5
x 7 6
x 8 7
+ 8 25
x 9 8
+ 9 27
x 10 9
+ 10 25
x 11 10
+ 11 27
x 12 12
+ 12 25
x 13 13
+ 13 27
x 14 14
+ 14 25
x 15 15
+ 15 27
x 16 16
+ 16 25
x 17 17
x 18 18
+ 18 25
+ 18 26
x 19 19
x 20 20
+ 20 25
+ 20 26
x 21 21
x 22 22
+ 22 25
+ 22 26
x 23 23
x 24 24
+ 24 25
+ 24 26
x 25 25
x 26 26
x 27 27
x 28 28
x 29 29
x 30 30
x 31 31
x 32 32
x 33 33
x 34 34
x 35 35
x 36 36
x 37 37
x 38 38
x 39 39
x 40 40
x 41 41
x 42 42
x 43 43
x 44 44
x 45 45
x 46 46
x 47 47
x 48 48
x 49 49
+ 50 1
+ 50 2
+ 50 3
+ 50 4
+ 50 5
+ 50 6
+ 50 7
+ 50 8
+ 50 9
+ 50 10
+ 50 11
+ 50 12
+ 50 13
+ 50 14
+ 50 15
+ 50 16
+ 50 17
+ 50 18
+ 50 19
+ 50 20
+ 50 21
+ 50 22
+ 50 23
+ 50 24
+ 50 25
+ 50 26
+ 50 27
+ 50 28
+ 50 29
+ 50 30
+ 50 31
+ 50 32
+ 50 33
+ 50 34
+ 50 35
+ 50 36
+ 50 37
+ 50 38
+ 50 39
+ 50 40
+ 50 41
+ 50 42
+ 50 43
+ 50 44
+ 50 45
+ 50 46
+ 50 47
+ 50 48
+ 50 49
o 50 50
Case #62: 259 252
x 1 1
+ 1 47
+ 1 48
+ 1 49
+ 1 50
+ 1 51
+ 1 52
+ 1 53
+ 1 54
+ 1 55
+ 1 56
+ 1 57
+ 1 58
+ 1 59
+ 1 60
x 2 2
x 3 3
x 4 4
x 5 5
x 6 6
x 7 7
x 8 8
x 9 9
+ 9 53
+ 9 54
x 10 10
x 11 11
+ 11 53
+ 11 54
x 12 12
x 13 13
+ 13 53
+ 13 54
x 14 14
x 15 15
+ 15 53
+ 15 54
x 16 16
x 17 17
+ 17 53
+ 17 54
x 18 18
x 19 19
+ 19 53
+ 19 54
x 20 20
x 21 21
+ 21 53
+ 21 54
x 22 22
x 23 23
+ 23 53
+ 23 54
x 24 24
x 25 25
+ 25 53
+ 25 54
x 26 26
x 27 27
+ 27 54
x 28 28
+ 28 52
x 29 29
+ 29 54
x 30 30
+ 30 52
x 31 31
+ 31 54
x 32 32
+ 32 52
x 33 33
+ 33 54
x 34 34
+ 34 52
x 35 35
+ 35 54
x 36 36
+ 36 52
x 37 37
+ 37 54
x 38 38
+ 38 52
x 39 39
x 40 40
+ 40 52
x 41 41
+ 41 52
x 42 42
+ 42 52
x 43 43
+ 43 52
x 44 44
+ 44 52
x 45 45
+ 45 52
x 46 46
x 47 47
+ 47 51
x 48 48
x 49 49
+ 49 50
+ 49 51
x 50 50
x 51 51
x 52 52
x 53 53
x 54 54
x 55 55
x 56 56
x 57 57
x 58 58
x 59 59
x 60 60
x 61 61
x 62 62
x 63 63
x 64 64
x 65 65
x 66 66
x 67 67
x 68 68
x 69 69
x 70 70
x 71 71
x 72 72
x 73 73
x 74 74
x 75 75
x 76 76
x 77 77
x 78 78
x 79 79
x 80 80
x 81 81
x 82 82
x 83 83
x 84 84
x 85 85
x 86 86
x 87 87
x 88 88
x 89 89
x 90 90
x 91 91
x 92 92
x 93 93
x 94 94
x 95 95
x 96 96
x 97 97
x 98 98
x 99 99
+ 100 1
+ 100 2
+ 100 3
+ 100 4
+ 100 5
+ 100 6
+ 100 7
+ 100 8
+ 100 9
+ 100 10
+ 100 11
+ 100 12
+ 100 13
+ 100 14
+ 100 15
+ 100 16
+ 100 17
+ 100 18
+ 100 19
+ 100 20
+ 100 21
+ 100 22
+ 100 23
+ 100 24
+ 100 25
+ 100 26
+ 100 27
+ 100 28
+ 100 29
+ 100 30
+ 100 31
+ 100 32
+ 100 33
+ 100 34
+ 100 35
+ 100 36
+ 100 37
+ 100 38
+ 100 39
+ 100 40
+ 100 41
+ 100 42
+ 100 43
+ 100 44
+ 100 45
+ 100 46
+ 100 47
+ 100 48
+ 100 49
+ 100 50
+ 100 51
+ 100 52
+ 100 53
+ 100 54
+ 100 55
+ 100 56
+ 100 57
+ 100 58
+ 100 59
+ 100 60
+ 100 61
+ 100 62
+ 100 63
+ 100 64
+ 100 65
+ 100 66
+ 100 67
+ 100 68
+ 100 69
+ 100 70
+ 100 71
+ 100 72
+ 100 73
+ 100 74
+ 100 75
+ 100 76
+ 100 77
+ 100 78
+ 100 79
+ 100 80
+ 100 81
+ 100 82
+ 100 83
+ 100 84
+ 100 85
+ 100 86
+ 100 87
+ 100 88
+ 100 89
+ 100 90
+ 100 91
+ 100 92
+ 100 93
+ 100 94
+ 100 95
+ 100 96
+ 100 97
+ 100 98
+ 100 99
o 100 100
Case #63: 249 246
+ 1 42
+ 1 43
+ 1 44
+ 1 45
+ 1 46
+ 1 47
+ 1 48
+ 1 49
+ 1 50
+ 1 51
+ 1 52
+ 1 53
+ 1 54
+ 1 55
x 2 1
x 3 3
x 4 4
x 5 5
x 6 6
x 7 7
x 8 8
x 9 9
+ 9 48
+ 9 49
x 10 10
x 11 11
+ 11 48
+ 11 49
x 12 12
x 13 13
+ 13 48
+ 13 49
x 14 14
x 15 15
+ 15 48
+ 15 49
x 16 16
x 17 17
+ 17 48
+ 17 49
x 18 18
x 19 19
+ 19 48
+ 19 49
x 20 20
x 21 21
+ 21 48
+ 21 49
x 22 22
x 23 23
+ 23 48
+ 23 49
x 24 24
x 25 25
+ 25 48
+ 25 49
x 26 26
x 27 27
+ 27 48
+ 27 49
x 28 28
x 29 29
+ 29 48
+ 29 49
x 30 30
x 31 31
+ 31 48
+ 31 49
x 32 32
x 33 33
+ 33 48
+ 33 49
x 34 34
x 35 35
+ 35 48
+ 35 49
x 36 36
x 37 37
+ 37 48
+ 37 49
x 38 38
x 39 39
+ 39 48
+ 39 49
x 40 40
x 41 41
+ 41 48
+ 41 49
x 42 42
x 43 43
+ 43 48
+ 43 49
x 44 44
x 45 45
+ 45 48
+ 45 49
x 46 46
x 47 47
+ 47 49
x 48 48
+ 48 49
x 49 49
x 50 50
x 51 51
x 52 52
x 53 53
x 54 54
x 55 55
x 56 56
x 57 57
x 58 58
x 59 59
x 60 60
x 61 61
x 62 62
x 63 63
x 64 64
x 65 65
x 66 66
x 67 67
x 68 68
x 69 69
x 70 70
x 71 71
x 72 72
x 73 73
x 74 74
x 75 75
x 76 76
x 77 77
x 78 78
x 79 79
x 80 80
x 81 81
x 82 82
x 83 83
x 84 84
x 85 85
x 86 86
x 87 87
x 88 88
x 89 89
x 90 90
x 91 91
x 92 92
x 93 93
x 94 94
x 95 95
x 96 96
+ 97 1
+ 97 2
+ 97 3
+ 97 4
+ 97 5
+ 97 6
+ 97 7
+ 97 8
+ 97 9
+ 97 10
+ 97 11
+ 97 12
+ 97 13
+ 97 14
+ 97 15
+ 97 16
+ 97 17
+ 97 18
+ 97 19
+ 97 20
+ 97 21
+ 97 22
+ 97 23
+ 97 24
+ 97 25
+ 97 26
+ 97 27
+ 97 28
+ 97 29
+ 97 30
+ 97 31
+ 97 32
+ 97 33
+ 97 34
+ 97 35
+ 97 36
+ 97 37
+ 97 38
+ 97 39
+ 97 40
+ 97 41
+ 97 42
+ 97 43
+ 97 44
+ 97 45
+ 97 46
+ 97 47
+ 97 48
+ 97 49
+ 97 50
+ 97 51
+ 97 52
+ 97 53
+ 97 54
+ 97 55
+ 97 56
+ 97 57
+ 97 58
+ 97 59
+ 97 60
+ 97 61
+ 97 62
+ 97 63
+ 97 64
+ 97 65
+ 97 66
+ 97 67
+ 97 68
+ 97 69
+ 97 70
+ 97 71
+ 97 72
+ 97 73
+ 97 74
+ 97 75
+ 97 76
+ 97 77
+ 97 78
+ 97 79
+ 97 80
+ 97 81
+ 97 82
+ 97 83
+ 97 84
+ 97 85
+ 97 86
+ 97 87
+ 97 88
+ 97 89
+ 97 90
+ 97 91
+ 97 92
+ 97 93
+ 97 94
+ 97 95
+ 97 96
o 97 97
Case #64: 65 62
+ 1 4
+ 1 5
+ 1 6
+ 1 7
+ 1 8
+ 1 9
+ 1 10
+ 1 11
+ 1 13
+ 1 14
+ 1 15
+ 1 16
+ 1 17
+ 1 18
+ 1 19
+ 1 20
x 2 1
x 3 2
x 4 3
x 5 4
x 6 5
x 7 6
x 8 7
x 9 8
x 10 9
+ 10 12
x 11 10
+ 11 12
x 12 11
x 13 13
x 14 14
x 15 15
x 16 16
x 17 17
x 18 18
x 19 19
x 20 20
x 21 21
x 22 22
+ 23 1
+ 23 2
+ 23 3
+ 23 4
+ 23 5
+ 23 6
+ 23 7
+ 23 8
+ 23 9
+ 23 10
+ 23 11
+ 23 12
+ 23 13
+ 23 14
+ 23 15
+ 23 16
+ 23 17
+ 23 18
+ 23 19
+ 23 20
+ 23 21
+ 23 22
o 23 23
Case #65: 103 100
o 1 1
x 2 2
x 3 3
x 4 4
x 5 5
x 6 6
x 7 7
x 8 8
x 9 9
x 10 10
x 11 11
x 12 12
x 13 13
x 14 14
x 15 15
x 16 16
x 17 17
x 18 18
x 19 19
x 20 20
x 21 21
x 22 22
x 23 23
x 24 24
x 25 25
x 26 26
x 27 27
x 28 28
x 29 29
x 30 30
x 31 31
x 32 32
x 33 33
x 34 34
x 35 35
x 36 36
x 37 37
x 38 38
x 39 39
x 40 40
x 41 41
x 42 42
x 43 43
x 44 44
x 45 45
x 46 46
x 47 47
x 48 48
x 49 49
x 50 50
x 51 51
x 52 52
x 53 53
x 54 54
x 55 55
x 56 56
x 57 57
x 58 58
x 59 59
x 60 60
x 61 61
x 62 62
x 63 63
x 64 64
x 65 65
x 66 66
x 67 67
x 68 68
x 69 69
x 70 70
x 71 71
x 72 72
x 73 73
x 74 74
x 75 75
x 76 76
x 77 77
x 78 78
x 79 79
x 80 80
x 81 81
x 82 82
x 83 83
x 84 84
x 85 85
x 86 86
x 87 87
x 88 88
x 89 89
x 90 90
x 91 91
x 92 92
x 93 93
x 94 94
x 95 95
x 96 96
x 97 97
x 98 98
x 99 99
x 100 100
Case #66: 187 181
+ 1 30
+ 1 31
+ 1 32
+ 1 33
+ 1 35
+ 1 36
+ 1 37
+ 1 38
+ 1 39
+ 1 41
+ 1 43
+ 1 45
x 2 1
x 3 2
x 4 3
x 5 4
x 6 5
x 7 6
x 8 7
+ 8 35
x 9 8
x 10 9
+ 10 35
+ 10 38
x 11 10
x 12 11
+ 12 35
+ 12 38
x 13 12
x 14 13
+ 14 38
x 15 14
+ 15 36
x 16 15
x 17 16
+ 17 36
+ 17 37
x 18 17
x 19 18
+ 19 36
+ 19 37
x 20 19
x 21 20
+ 21 36
+ 21 37
x 22 21
x 23 22
+ 23 36
+ 23 37
x 24 23
x 25 24
+ 25 36
+ 25 37
x 26 25
x 27 26
+ 27 36
+ 27 37
x 28 27
x 29 28
+ 29 36
+ 29 37
x 30 29
x 31 30
+ 31 36
+ 31 37
x 32 31
x 33 32
+ 33 36
+ 33 37
x 34 33
x 35 34
+ 35 36
+ 35 37
x 36 35
x 37 36
x 38 37
x 39 38
x 40 39
x 41 40
x 42 41
x 43 42
x 44 43
x 45 44
x 46 45
x 47 46
x 48 47
x 49 49
x 50 50
x 51 51
x 52 52
x 53 53
x 54 54
x 55 55
x 56 56
x 57 57
x 58 58
x 59 59
x 60 60
x 61 61
x 62 62
x 63 63
x 64 64
x 65 65
x 66 66
x 67 67
x 68 68
x 69 69
x 70 70
x 71 71
+ 72 1
+ 72 2
+ 72 3
+ 72 4
+ 72 5
+ 72 6
+ 72 7
+ 72 8
+ 72 9
+ 72 10
+ 72 11
+ 72 12
+ 72 13
+ 72 14
+ 72 15
+ 72 16
+ 72 17
+ 72 18
+ 72 19
+ 72 20
+ 72 21
+ 72 22
+ 72 23
+ 72 24
+ 72 25
+ 72 26
+ 72 27
+ 72 28
+ 72 29
+ 72 30
+ 72 31
+ 72 32
+ 72 33
+ 72 34
+ 72 35
+ 72 36
+ 72 37
+ 72 38
+ 72 39
+ 72 40
+ 72 41
+ 72 42
+ 72 43
+ 72 44
+ 72 45
+ 72 46
+ 72 47
+ 72 48
+ 72 49
+ 72 50
+ 72 51
+ 72 52
+ 72 53
+ 72 54
+ 72 55
+ 72 56
+ 72 57
+ 72 58
+ 72 59
+ 72 60
+ 72 61
+ 72 62
+ 72 63
+ 72 64
+ 72 65
+ 72 66
+ 72 67
+ 72 68
+ 72 69
+ 72 70
+ 72 71
o 72 72
Case #67: 106 100
o 1 1
x 2 2
x 3 3
x 4 4
x 5 5
x 6 6
x 7 7
x 8 8
x 9 9
x 10 10
x 11 11
x 12 12
x 13 13
x 14 14
x 15 15
x 16 16
x 17 17
x 18 18
x 19 19
x 20 20
x 21 21
x 22 22
x 23 23
x 24 24
x 25 25
x 26 26
x 27 27
x 28 28
x 29 29
x 30 30
x 31 31
x 32 32
x 33 33
x 34 34
x 35 35
x 36 36
x 37 37
x 38 38
x 39 39
x 40 40
x 41 41
x 42 42
x 43 43
x 44 44
x 45 45
x 46 46
x 47 47
x 48 48
x 49 49
x 50 50
x 51 51
x 52 52
x 53 53
x 54 54
x 55 55
x 56 56
x 57 57
x 58 58
x 59 59
x 60 60
x 61 61
x 62 62
x 63 63
x 64 64
x 65 65
x 66 66
x 67 67
x 68 68
x 69 69
x 70 70
x 71 71
x 72 72
x 73 73
x 74 74
x 75 75
x 76 76
x 77 77
x 78 78
x 79 79
x 80 80
x 81 81
x 82 82
x 83 83
x 84 84
x 85 85
x 86 86
x 87 87
x 88 88
x 89 89
x 90 90
x 91 91
x 92 92
x 93 93
x 94 94
x 95 95
x 96 96
x 97 97
x 98 98
x 99 99
x 100 100
Case #68: 111 100
o 1 1
x 2 2
x 3 3
x 4 4
x 5 5
x 6 6
x 7 7
x 8 8
x 9 9
x 10 10
x 11 11
x 12 12
x 13 13
x 14 14
x 15 15
x 16 16
x 17 17
x 18 18
x 19 19
x 20 20
x 21 21
x 22 22
x 23 23
x 24 24
x 25 25
x 26 26
x 27 27
x 28 28
x 29 29
x 30 30
x 31 31
x 32 32
x 33 33
x 34 34
x 35 35
x 36 36
x 37 37
x 38 38
x 39 39
x 40 40
x 41 41
x 42 42
x 43 43
x 44 44
x 45 45
x 46 46
x 47 47
x 48 48
x 49 49
x 50 50
x 51 51
x 52 52
x 53 53
x 54 54
x 55 55
x 56 56
x 57 57
x 58 58
x 59 59
x 60 60
x 61 61
x 62 62
x 63 63
x 64 64
x 65 65
x 66 66
x 67 67
x 68 68
x 69 69
x 70 70
x 71 71
x 72 72
x 73 73
x 74 74
x 75 75
x 76 76
x 77 77
x 78 78
x 79 79
x 80 80
x 81 81
x 82 82
x 83 83
x 84 84
x 85 85
x 86 86
x 87 87
x 88 88
x 89 89
x 90 90
x 91 91
x 92 92
x 93 93
x 94 94
x 95 95
x 96 96
x 97 97
x 98 98
x 99 99
x 100 100
Case #69: 75 71
+ 1 6
+ 1 7
+ 1 8
+ 1 9
+ 1 11
+ 1 12
+ 1 13
+ 1 14
+ 1 15
+ 1 16
+ 1 17
+ 1 18
+ 1 19
+ 1 20
+ 1 22
x 2 1
x 3 2
x 4 3
x 5 4
x 6 5
x 7 6
x 8 7
x 9 8
x 10 9
+ 10 14
x 11 10
+ 11 14
x 12 11
+ 12 14
x 13 12
+ 13 14
x 14 13
x 15 14
x 16 15
x 17 16
x 18 17
x 19 18
x 20 19
x 21 20
x 22 22
x 23 23
x 24 24
x 25 25
x 26 26
+ 27 1
+ 27 2
+ 27 3
+ 27 4
+ 27 5
+ 27 6
+ 27 7
+ 27 8
+ 27 9
+ 27 10
+ 27 11
+ 27 12
+ 27 13
+ 27 14
+ 27 15
+ 27 16
+ 27 17
+ 27 18
+ 27 19
+ 27 20
+ 27 21
+ 27 22
+ 27 23
+ 27 24
+ 27 25
+ 27 26
o 27 27
Case #70: 105 101
+ 1 14
+ 1 15
+ 1 16
+ 1 17
+ 1 18
+ 1 19
+ 1 20
+ 1 21
+ 1 22
+ 1 23
+ 1 24
+ 1 25
+ 1 26
+ 1 27
+ 1 29
x 2 1
x 3 2
x 4 3
x 5 4
x 6 5
x 7 6
x 8 7
x 9 8
+ 9 20
x 10 9
+ 10 22
x 11 10
+ 11 20
x 12 12
x 13 13
+ 13 20
+ 13 21
x 14 14
x 15 15
+ 15 20
+ 15 21
x 16 16
x 17 17
+ 17 20
x 18 18
+ 18 20
x 19 19
+ 19 20
x 20 20
x 21 21
x 22 22
x 23 23
x 24 24
x 25 25
x 26 26
x 27 27
x 28 28
x 29 29
x 30 30
x 31 31
x 32 32
x 33 33
x 34 34
x 35 35
x 36 36
x 37 37
x 38 38
+ 39 1
+ 39 2
+ 39 3
+ 39 4
+ 39 5
+ 39 6
+ 39 7
+ 39 8
+ 39 9
+ 39 10
+ 39 11
+ 39 12
+ 39 13
+ 39 14
+ 39 15
+ 39 16
+ 39 17
+ 39 18
+ 39 19
+ 39 20
+ 39 21
+ 39 22
+ 39 23
+ 39 24
+ 39 25
+ 39 26
+ 39 27
+ 39 28
+ 39 29
+ 39 30
+ 39 31
+ 39 32
+ 39 33
+ 39 34
+ 39 35
+ 39 36
+ 39 37
+ 39 38
o 39 39
Case #71: 200 99
x 2 1
x 3 3
x 4 4
x 5 5
x 6 6
x 7 7
x 8 8
x 9 9
x 10 10
x 11 11
x 12 12
x 13 13
x 14 14
x 15 15
x 16 16
x 17 17
x 18 18
x 19 19
x 20 20
x 21 21
x 22 22
x 23 23
x 24 24
x 25 25
x 26 26
x 27 27
x 28 28
x 29 29
x 30 30
x 31 31
x 32 32
x 33 33
x 34 34
x 35 35
x 36 36
x 37 37
x 38 38
x 39 39
x 40 40
x 41 41
x 42 42
x 43 43
x 44 44
x 45 45
x 46 46
x 47 47
x 48 48
x 49 49
x 50 50
x 51 51
x 52 52
x 53 53
x 54 54
x 55 55
x 56 56
x 57 57
x 58 58
x 59 59
x 60 60
x 61 61
x 62 62
x 63 63
x 64 64
x 65 65
x 66 66
x 67 67
x 68 68
x 69 69
x 70 70
x 71 71
x 72 72
x 73 73
x 74 74
x 75 75
x 76 76
x 77 77
x 78 78
x 79 79
x 80 80
x 81 81
x 82 82
x 83 83
x 84 84
x 85 85
x 86 86
x 87 87
x 88 88
x 89 89
x 90 90
x 91 91
x 92 92
x 93 93
x 94 94
x 95 95
x 96 96
x 97 97
x 98 98
x 99 99
x 100 100
Case #72: 70 67
+ 1 5
+ 1 7
+ 1 8
+ 1 9
+ 1 10
+ 1 11
+ 1 12
+ 1 13
+ 1 14
+ 1 15
+ 1 16
+ 1 17
+ 1 18
+ 1 19
+ 1 20
+ 1 21
x 2 1
x 3 2
x 4 3
x 5 4
x 6 5
x 7 7
x 8 8
x 9 9
x 10 10
+ 10 13
x 11 11
+ 11 13
x 12 12
+ 12 13
x 13 13
x 14 14
x 15 15
x 16 16
x 17 17
x 18 18
x 19 19
x 20 20
x 21 21
x 22 22
x 23 23
x 24 24
+ 25 1
+ 25 2
+ 25 3
+ 25 4
+ 25 5
+ 25 6
+ 25 7
+ 25 8
+ 25 9
+ 25 10
+ 25 11
+ 25 12
+ 25 13
+ 25 14
+ 25 15
+ 25 16
+ 25 17
+ 25 18
+ 25 19
+ 25 20
+ 25 21
+ 25 22
+ 25 23
+ 25 24
o 25 25
Case #73: 110 106
+ 1 13
+ 1 14
+ 1 15
+ 1 16
+ 1 19
+ 1 20
+ 1 21
+ 1 22
+ 1 23
+ 1 24
+ 1 25
+ 1 26
+ 1 27
o 1 28
+ 1 29
x 2 1
x 3 2
x 4 3
x 5 4
x 6 5
x 7 6
x 8 7
x 9 8
x 10 9
+ 10 21
x 11 10
+ 11 21
x 12 11
+ 12 21
x 13 12
+ 13 21
x 14 13
+ 14 21
x 15 14
+ 15 21
x 16 15
+ 16 21
x 17 16
+ 17 21
x 18 17
+ 18 21
x 19 18
+ 19 21
x 20 19
+ 20 21
x 21 20
x 22 21
x 23 22
x 24 23
x 25 24
x 26 25
x 27 26
x 28 27
x 29 29
x 30 30
x 31 31
x 32 32
x 33 33
x 34 34
x 35 35
x 36 36
x 37 37
x 38 38
x 39 39
x 40 40
+ 41 1
+ 41 2
+ 41 3
+ 41 4
+ 41 5
+ 41 6
+ 41 7
+ 41 8
+ 41 9
+ 41 10
+ 41 11
+ 41 12
+ 41 13
+ 41 14
+ 41 15
+ 41 16
+ 41 17
+ 41 18
+ 41 19
+ 41 20
+ 41 21
+ 41 22
+ 41 23
+ 41 24
+ 41 25
+ 41 26
+ 41 27
+ 41 28
+ 41 29
+ 41 30
+ 41 31
+ 41 32
+ 41 33
+ 41 34
+ 41 35
+ 41 36
+ 41 37
+ 41 38
+ 41 39
+ 41 40
o 41 41
Case #74: 191 186
+ 1 31
+ 1 32
+ 1 33
+ 1 34
+ 1 35
+ 1 36
+ 1 37
+ 1 38
+ 1 39
+ 1 40
+ 1 41
+ 1 42
+ 1 43
+ 1 44
+ 1 45
+ 1 46
x 2 1
x 3 2
x 4 3
x 5 4
x 6 5
x 7 6
x 8 7
x 9 8
x 10 9
+ 10 38
+ 10 39
x 11 10
x 12 11
+ 12 38
x 13 13
+ 13 38
x 14 14
+ 14 38
x 15 15
+ 15 38
x 16 16
+ 16 38
x 17 17
+ 17 38
x 18 18
+ 18 38
x 19 19
+ 19 38
x 20 20
+ 20 38
x 21 21
+ 21 38
x 22 22
+ 22 38
x 23 23
+ 23 38
x 24 24
+ 24 38
x 25 25
+ 25 38
x 26 26
x 27 27
+ 27 37
x 28 28
+ 28 37
x 29 29
+ 29 37
x 30 30
+ 30 37
x 31 31
+ 31 37
x 32 32
+ 32 37
x 33 33
+ 33 37
x 34 34
+ 34 37
x 35 35
+ 35 37
x 36 36
+ 36 37
x 37 37
x 38 38
x 39 39
x 40 40
x 41 41
x 42 42
x 43 43
x 44 44
x 45 45
x 46 46
x 47 47
x 48 48
x 49 49
x 50 50
x 51 51
x 52 52
x 53 53
x 54 54
x 55 55
x 56 56
x 57 57
x 58 58
x 59 59
x 60 60
x 61 61
x 62 62
x 63 63
x 64 64
x 65 65
x 66 66
x 67 67
x 68 68
x 69 69
x 70 70
x 71 71
x 72 72
+ 73 1
+ 73 2
+ 73 3
+ 73 4
+ 73 5
+ 73 6
+ 73 7
+ 73 8
+ 73 9
+ 73 10
+ 73 11
+ 73 12
+ 73 13
+ 73 14
+ 73 15
+ 73 16
+ 73 17
+ 73 18
+ 73 19
+ 73 20
+ 73 21
+ 73 22
+ 73 23
+ 73 24
+ 73 25
+ 73 26
+ 73 27
+ 73 28
+ 73 29
+ 73 30
+ 73 31
+ 73 32
+ 73 33
+ 73 34
+ 73 35
+ 73 36
+ 73 37
+ 73 38
+ 73 39
+ 73 40
+ 73 41
+ 73 42
+ 73 43
+ 73 44
+ 73 45
+ 73 46
+ 73 47
+ 73 48
+ 73 49
+ 73 50
+ 73 51
+ 73 52
+ 73 53
+ 73 54
+ 73 55
+ 73 56
+ 73 57
+ 73 58
+ 73 59
+ 73 60
+ 73 61
+ 73 62
+ 73 63
+ 73 64
+ 73 65
+ 73 66
+ 73 67
+ 73 68
+ 73 69
+ 73 70
+ 73 71
+ 73 72
o 73 73
Case #75: 28 25
+ 1 2
+ 1 3
+ 1 4
+ 1 5
+ 1 6
+ 1 7
+ 1 9
x 2 2
x 3 3
x 4 4
x 5 5
x 6 6
x 7 7
x 8 8
x 9 9
+ 10 1
+ 10 2
+ 10 3
+ 10 4
+ 10 5
+ 10 6
+ 10 7
+ 10 8
+ 10 9
o 10 10
Case #76: 224 222
+ 1 37
+ 1 38
+ 1 39
+ 1 40
+ 1 41
+ 1 42
+ 1 43
+ 1 44
+ 1 45
+ 1 46
+ 1 47
+ 1 48
+ 1 49
o 1 50
+ 1 51
x 2 1
x 3 2
x 4 3
x 5 4
x 6 5
x 7 6
x 8 7
x 9 8
+ 9 44
x 10 9
+ 10 44
x 11 10
+ 11 44
x 12 11
+ 12 44
x 13 12
+ 13 44
x 14 13
+ 14 44
x 15 14
+ 15 44
x 16 15
+ 16 44
x 17 16
+ 17 44
x 18 17
+ 18 44
x 19 18
+ 19 44
x 20 19
+ 20 44
x 21 20
+ 21 44
x 22 21
+ 22 44
x 23 22
+ 23 44
x 24 23
+ 24 44
x 25 24
+ 25 44
x 26 25
+ 26 44
x 27 26
+ 27 44
x 28 27
+ 28 44
x 29 28
+ 29 44
x 30 29
+ 30 44
x 31 30
+ 31 44
x 32 31
+ 32 44
x 33 32
+ 33 44
x 34 33
+ 34 44
x 35 34
+ 35 44
x 36 35
+ 36 44
x 37 36
+ 37 44
x 38 37
+ 38 44
x 39 38
+ 39 44
x 40 39
+ 40 44
x 41 40
+ 41 44
x 42 41
+ 42 44
x 43 42
+ 43 44
x 44 43
x 45 44
x 46 45
x 47 46
x 48 47
x 49 48
x 50 49
x 51 51
x 52 52
x 53 53
x 54 54
x 55 55
x 56 56
x 57 57
x 58 58
x 59 59
x 60 60
x 61 61
x 62 62
x 63 63
x 64 64
x 65 65
x 66 66
x 67 67
x 68 68
x 69 69
x 70 70
x 71 71
x 72 72
x 73 73
x 74 74
x 75 75
x 76 76
x 77 77
x 78 78
x 79 79
x 80 80
x 81 81
x 82 82
x 83 83
x 84 84
x 85 85
x 86 86
+ 87 1
+ 87 2
+ 87 3
+ 87 4
+ 87 5
+ 87 6
+ 87 7
+ 87 8
+ 87 9
+ 87 10
+ 87 11
+ 87 12
+ 87 13
+ 87 14
+ 87 15
+ 87 16
+ 87 17
+ 87 18
+ 87 19
+ 87 20
+ 87 21
+ 87 22
+ 87 23
+ 87 24
+ 87 25
+ 87 26
+ 87 27
+ 87 28
+ 87 29
+ 87 30
+ 87 31
+ 87 32
+ 87 33
+ 87 34
+ 87 35
+ 87 36
+ 87 37
+ 87 38
+ 87 39
+ 87 40
+ 87 41
+ 87 42
+ 87 43
+ 87 44
+ 87 45
+ 87 46
+ 87 47
+ 87 48
+ 87 49
+ 87 50
+ 87 51
+ 87 52
+ 87 53
+ 87 54
+ 87 55
+ 87 56
+ 87 57
+ 87 58
+ 87 59
+ 87 60
+ 87 61
+ 87 62
+ 87 63
+ 87 64
+ 87 65
+ 87 66
+ 87 67
+ 87 68
+ 87 69
+ 87 70
+ 87 71
+ 87 72
+ 87 73
+ 87 74
+ 87 75
+ 87 76
+ 87 77
+ 87 78
+ 87 79
+ 87 80
+ 87 81
+ 87 82
+ 87 83
+ 87 84
+ 87 85
+ 87 86
o 87 87
Case #77: 103 99
x 2 1
x 3 2
x 4 3
x 5 4
x 6 5
x 7 6
x 8 7
x 9 8
x 10 9
x 11 10
x 12 11
x 13 12
x 14 13
x 15 14
x 16 15
x 17 16
x 18 17
x 19 18
x 20 19
x 21 20
x 22 21
x 23 22
x 24 23
x 25 24
x 26 25
x 27 26
x 28 27
x 29 28
x 30 29
x 31 30
x 32 31
x 33 32
x 34 33
x 35 34
x 36 35
x 37 36
x 38 37
x 39 38
x 40 39
x 41 40
x 42 41
x 43 42
x 44 43
x 45 44
x 46 45
x 47 46
x 48 47
x 49 48
x 50 49
x 51 50
x 52 51
x 53 52
x 54 53
x 55 54
x 56 55
x 57 56
x 58 57
x 59 58
x 60 59
x 61 60
x 62 61
x 63 62
x 64 63
x 65 64
x 66 65
x 67 66
x 68 67
x 69 68
x 70 69
x 71 70
x 72 71
x 73 72
x 74 73
x 75 74
x 76 75
x 77 76
x 78 77
x 79 78
x 80 79
x 81 80
x 82 82
x 83 83
x 84 84
x 85 85
x 86 86
x 87 87
x 88 88
x 89 89
x 90 90
x 91 91
x 92 92
x 93 93
x 94 94
x 95 95
x 96 96
x 97 97
x 98 98
x 99 99
x 100 100
Case #78: 217 214
+ 1 36
+ 1 37
+ 1 38
+ 1 39
+ 1 40
+ 1 41
+ 1 42
+ 1 43
+ 1 44
+ 1 45
+ 1 46
+ 1 47
o 1 48
+ 1 49
+ 1 50
x 2 1
x 3 2
x 4 3
x 5 4
x 6 5
x 7 6
x 8 7
x 9 8
+ 9 43
x 10 9
+ 10 43
x 11 10
+ 11 43
x 12 11
+ 12 43
x 13 12
+ 13 43
x 14 13
+ 14 43
x 15 14
+ 15 43
x 16 15
+ 16 43
x 17 16
+ 17 43
x 18 17
+ 18 43
x 19 18
+ 19 43
x 20 19
+ 20 43
x 21 20
+ 21 43
x 22 21
+ 22 43
x 23 22
+ 23 43
x 24 23
x 25 24
+ 25 42
+ 25 43
x 26 25
x 27 26
+ 27 42
+ 27 43
x 28 27
x 29 28
+ 29 42
+ 29 43
x 30 29
x 31 30
+ 31 42
+ 31 43
x 32 31
x 33 32
+ 33 42
+ 33 43
x 34 33
x 35 34
+ 35 42
+ 35 43
x 36 35
x 37 36
+ 37 42
+ 37 43
x 38 37
x 39 38
+ 39 42
+ 39 43
x 40 39
x 41 40
+ 41 42
+ 41 43
x 42 41
x 43 42
x 44 43
x 45 44
x 46 45
x 47 46
x 48 47
x 49 49
x 50 50
x 51 51
x 52 52
x 53 53
x 54 54
x 55 55
x 56 56
x 57 57
x 58 58
x 59 59
x 60 60
x 61 61
x 62 62
x 63 63
x 64 64
x 65 65
x 66 66
x 67 67
x 68 68
x 69 69
x 70 70
x 71 71
x 72 72
x 73 73
x 74 74
x 75 75
x 76 76
x 77 77
x 78 78
x 79 79
x 80 80
x 81 81
x 82 82
x 83 83
+ 84 1
+ 84 2
+ 84 3
+ 84 4
+ 84 5
+ 84 6
+ 84 7
+ 84 8
+ 84 9
+ 84 10
+ 84 11
+ 84 12
+ 84 13
+ 84 14
+ 84 15
+ 84 16
+ 84 17
+ 84 18
+ 84 19
+ 84 20
+ 84 21
+ 84 22
+ 84 23
+ 84 24
+ 84 25
+ 84 26
+ 84 27
+ 84 28
+ 84 29
+ 84 30
+ 84 31
+ 84 32
+ 84 33
+ 84 34
+ 84 35
+ 84 36
+ 84 37
+ 84 38
+ 84 39
+ 84 40
+ 84 41
+ 84 42
+ 84 43
+ 84 44
+ 84 45
+ 84 46
+ 84 47
+ 84 48
+ 84 49
+ 84 50
+ 84 51
+ 84 52
+ 84 53
+ 84 54
+ 84 55
+ 84 56
+ 84 57
+ 84 58
+ 84 59
+ 84 60
+ 84 61
+ 84 62
+ 84 63
+ 84 64
+ 84 65
+ 84 66
+ 84 67
+ 84 68
+ 84 69
+ 84 70
+ 84 71
+ 84 72
+ 84 73
+ 84 74
+ 84 75
+ 84 76
+ 84 77
+ 84 78
+ 84 79
+ 84 80
+ 84 81
+ 84 82
+ 84 83
o 84 84
Case #79: 196 192
+ 1 34
+ 1 35
+ 1 36
+ 1 37
+ 1 38
+ 1 39
+ 1 40
+ 1 41
+ 1 42
+ 1 43
+ 1 45
+ 1 47
x 2 1
x 3 2
x 4 3
x 5 4
x 6 5
x 7 6
+ 7 38
x 8 7
x 9 8
+ 9 38
+ 9 41
x 10 9
x 11 10
+ 11 38
+ 11 41
x 12 11
x 13 12
+ 13 38
+ 13 41
x 14 13
x 15 14
+ 15 38
+ 15 41
x 16 15
x 17 16
+ 17 38
x 18 17
+ 18 40
x 19 18
+ 19 38
x 20 19
x 21 20
+ 21 38
+ 21 39
x 22 22
x 23 23
+ 23 38
+ 23 39
x 24 24
x 25 25
+ 25 38
+ 25 39
x 26 26
x 27 27
+ 27 38
+ 27 39
x 28 28
x 29 29
+ 29 38
+ 29 39
x 30 30
x 31 31
+ 31 38
+ 31 39
x 32 32
x 33 33
+ 33 38
+ 33 39
x 34 34
x 35 35
+ 35 38
+ 35 39
x 36 36
x 37 37
+ 37 38
+ 37 39
x 38 38
x 39 39
x 40 40
x 41 41
x 42 42
x 43 43
x 44 44
x 45 45
x 46 46
x 47 47
x 48 48
x 49 49
x 50 50
x 51 51
x 52 52
x 53 53
x 54 54
x 55 55
x 56 56
x 57 57
x 58 58
x 59 59
x 60 60
x 61 61
x 62 62
x 63 63
x 64 64
x 65 65
x 66 66
x 67 67
x 68 68
x 69 69
x 70 70
x 71 71
x 72 72
x 73 73
x 74 74
x 75 75
+ 76 1
+ 76 2
+ 76 3
+ 76 4
+ 76 5
+ 76 6
+ 76 7
+ 76 8
+ 76 9
+ 76 10
+ 76 11
+ 76 12
+ 76 13
+ 76 14
+ 76 15
+ 76 16
+ 76 17
+ 76 18
+ 76 19
+ 76 20
+ 76 21
+ 76 22
+ 76 23
+ 76 24
+ 76 25
+ 76 26
+ 76 27
+ 76 28
+ 76 29
+ 76 30
+ 76 31
+ 76 32
+ 76 33
+ 76 34
+ 76 35
+ 76 36
+ 76 37
+ 76 38
+ 76 39
+ 76 40
+ 76 41
+ 76 42
+ 76 43
+ 76 44
+ 76 45
+ 76 46
+ 76 47
+ 76 48
+ 76 49
+ 76 50
+ 76 51
+ 76 52
+ 76 53
+ 76 54
+ 76 55
+ 76 56
+ 76 57
+ 76 58
+ 76 59
+ 76 60
+ 76 61
+ 76 62
+ 76 63
+ 76 64
+ 76 65
+ 76 66
+ 76 67
+ 76 68
+ 76 69
+ 76 70
+ 76 71
+ 76 72
+ 76 73
+ 76 74
+ 76 75
o 76 76
Case #80: 256 254
+ 1 44
+ 1 45
+ 1 46
+ 1 47
+ 1 48
+ 1 49
+ 1 50
+ 1 51
+ 1 52
+ 1 53
+ 1 54
+ 1 55
+ 1 56
+ 1 57
x 2 1
x 3 3
x 4 4
x 5 5
x 6 6
x 7 7
x 8 8
x 9 9
+ 9 50
+ 9 51
x 10 10
x 11 11
+ 11 50
+ 11 51
x 12 12
x 13 13
+ 13 50
+ 13 51
x 14 14
x 15 15
+ 15 50
+ 15 51
x 16 16
x 17 17
+ 17 50
+ 17 51
x 18 18
x 19 19
+ 19 50
+ 19 51
x 20 20
x 21 21
+ 21 50
+ 21 51
x 22 22
x 23 23
+ 23 50
+ 23 51
x 24 24
x 25 25
+ 25 50
+ 25 51
x 26 26
x 27 27
+ 27 50
+ 27 51
x 28 28
x 29 29
+ 29 50
+ 29 51
x 30 30
x 31 31
+ 31 50
+ 31 51
x 32 32
x 33 33
+ 33 50
+ 33 51
x 34 34
x 35 35
+ 35 50
+ 35 51
x 36 36
x 37 37
+ 37 50
+ 37 51
x 38 38
x 39 39
+ 39 50
+ 39 51
x 40 40
x 41 41
+ 41 50
+ 41 51
x 42 42
x 43 43
+ 43 50
+ 43 51
x 44 44
x 45 45
+ 45 50
+ 45 51
x 46 46
x 47 47
+ 47 50
+ 47 51
x 48 48
x 49 49
+ 49 50
+ 49 51
x 50 50
x 51 51
x 52 52
x 53 53
x 54 54
x 55 55
x 56 56
x 57 57
x 58 58
x 59 59
x 60 60
x 61 61
x 62 62
x 63 63
x 64 64
x 65 65
x 66 66
x 67 67
x 68 68
x 69 69
x 70 70
x 71 71
x 72 72
x 73 73
x 74 74
x 75 75
x 76 76
x 77 77
x 78 78
x 79 79
x 80 80
x 81 81
x 82 82
x 83 83
x 84 84
x 85 85
x 86 86
x 87 87
x 88 88
x 89 89
x 90 90
x 91 91
x 92 92
x 93 93
x 94 94
x 95 95
x 96 96
x 97 97
x 98 98
x 99 99
+ 100 1
+ 100 2
+ 100 3
+ 100 4
+ 100 5
+ 100 6
+ 100 7
+ 100 8
+ 100 9
+ 100 10
+ 100 11
+ 100 12
+ 100 13
+ 100 14
+ 100 15
+ 100 16
+ 100 17
+ 100 18
+ 100 19
+ 100 20
+ 100 21
+ 100 22
+ 100 23
+ 100 24
+ 100 25
+ 100 26
+ 100 27
+ 100 28
+ 100 29
+ 100 30
+ 100 31
+ 100 32
+ 100 33
+ 100 34
+ 100 35
+ 100 36
+ 100 37
+ 100 38
+ 100 39
+ 100 40
+ 100 41
+ 100 42
+ 100 43
+ 100 44
+ 100 45
+ 100 46
+ 100 47
+ 100 48
+ 100 49
+ 100 50
+ 100 51
+ 100 52
+ 100 53
+ 100 54
+ 100 55
+ 100 56
+ 100 57
+ 100 58
+ 100 59
+ 100 60
+ 100 61
+ 100 62
+ 100 63
+ 100 64
+ 100 65
+ 100 66
+ 100 67
+ 100 68
+ 100 69
+ 100 70
+ 100 71
+ 100 72
+ 100 73
+ 100 74
+ 100 75
+ 100 76
+ 100 77
+ 100 78
+ 100 79
+ 100 80
+ 100 81
+ 100 82
+ 100 83
+ 100 84
+ 100 85
+ 100 86
+ 100 87
+ 100 88
+ 100 89
+ 100 90
+ 100 91
+ 100 92
+ 100 93
+ 100 94
+ 100 95
+ 100 96
+ 100 97
+ 100 98
+ 100 99
o 100 100
Case #81: 75 71
+ 1 6
+ 1 7
o 1 8
+ 1 9
+ 1 10
+ 1 11
+ 1 12
+ 1 14
+ 1 15
+ 1 16
+ 1 17
+ 1 18
+ 1 19
+ 1 20
+ 1 21
+ 1 22
x 2 1
x 3 2
x 4 3
x 5 4
x 6 5
x 7 6
x 8 7
x 9 9
x 10 10
+ 10 14
x 11 11
+ 11 14
x 12 12
+ 12 14
x 13 13
+ 13 14
x 14 14
x 15 15
x 16 16
x 17 17
x 18 18
x 19 19
x 20 20
x 21 21
x 22 22
x 23 23
x 24 24
x 25 25
x 26 26
+ 27 2
+ 27 3
+ 27 4
+ 27 5
+ 27 6
+ 27 7
+ 27 8
+ 27 9
+ 27 10
+ 27 11
+ 27 12
+ 27 13
+ 27 14
+ 27 15
+ 27 16
+ 27 17
+ 27 18
+ 27 19
+ 27 20
+ 27 21
+ 27 22
+ 27 23
+ 27 24
+ 27 25
+ 27 26
o 27 27
Case #82: 104 100
o 1 1
x 2 2
x 3 3
x 4 4
x 5 5
x 6 6
x 7 7
x 8 8
x 9 9
x 10 10
x 11 11
x 12 12
x 13 13
x 14 14
x 15 15
x 16 16
x 17 17
x 18 18
x 19 19
x 20 20
x 21 21
x 22 22
x 23 23
x 24 24
x 25 25
x 26 26
x 27 27
x 28 28
x 29 29
x 30 30
x 31 31
x 32 32
x 33 33
x 34 34
x 35 35
x 36 36
x 37 37
x 38 38
x 39 39
x 40 40
x 41 41
x 42 42
x 43 43
x 44 44
x 45 45
x 46 46
x 47 47
x 48 48
x 49 49
x 50 50
x 51 51
x 52 52
x 53 53
x 54 54
x 55 55
x 56 56
x 57 57
x 58 58
x 59 59
x 60 60
x 61 61
x 62 62
x 63 63
x 64 64
x 65 65
x 66 66
x 67 67
x 68 68
x 69 69
x 70 70
x 71 71
x 72 72
x 73 73
x 74 74
x 75 75
x 76 76
x 77 77
x 78 78
x 79 79
x 80 80
x 81 81
x 82 82
x 83 83
x 84 84
x 85 85
x 86 86
x 87 87
x 88 88
x 89 89
x 90 90
x 91 91
x 92 92
x 93 93
x 94 94
x 95 95
x 96 96
x 97 97
x 98 98
x 99 99
x 100 100
Case #83: 152 149
+ 1 23
+ 1 24
+ 1 25
+ 1 26
+ 1 27
+ 1 28
+ 1 29
+ 1 30
+ 1 31
+ 1 32
+ 1 33
+ 1 34
+ 1 35
+ 1 36
+ 1 37
x 2 1
x 3 2
x 4 3
x 5 4
x 6 5
x 7 6
x 8 7
x 9 8
+ 9 30
x 10 9
+ 10 30
x 11 10
+ 11 30
x 12 11
+ 12 30
x 13 12
+ 13 30
x 14 13
+ 14 30
x 15 14
+ 15 30
x 16 15
+ 16 30
x 17 16
+ 17 30
x 18 17
+ 18 30
x 19 19
x 20 20
+ 20 29
+ 20 30
x 21 21
x 22 22
+ 22 29
+ 22 30
x 23 23
x 24 24
+ 24 29
+ 24 30
x 25 25
x 26 26
+ 26 29
+ 26 30
x 27 27
x 28 28
+ 28 29
+ 28 30
x 29 29
x 30 30
x 31 31
x 32 32
x 33 33
x 34 34
x 35 35
x 36 36
x 37 37
x 38 38
x 39 39
x 40 40
x 41 41
x 42 42
x 43 43
x 44 44
x 45 45
x 46 46
x 47 47
x 48 48
x 49 49
x 50 50
x 51 51
x 52 52
x 53 53
x 54 54
x 55 55
x 56 56
x 57 57
+ 58 1
+ 58 2
+ 58 3
+ 58 4
+ 58 5
+ 58 6
+ 58 7
+ 58 8
+ 58 9
+ 58 10
+ 58 11
+ 58 12
+ 58 13
+ 58 14
+ 58 15
+ 58 16
+ 58 17
+ 58 18
+ 58 19
+ 58 20
+ 58 21
+ 58 22
+ 58 23
+ 58 24
+ 58 25
+ 58 26
+ 58 27
+ 58 28
+ 58 29
+ 58 30
+ 58 31
+ 58 32
+ 58 33
+ 58 34
+ 58 35
+ 58 36
+ 58 37
+ 58 38
+ 58 39
+ 58 40
+ 58 41
+ 58 42
+ 58 43
+ 58 44
+ 58 45
+ 58 46
+ 58 47
+ 58 48
+ 58 49
+ 58 50
+ 58 51
+ 58 52
+ 58 53
+ 58 54
+ 58 55
+ 58 56
+ 58 57
o 58 58
Case #84: 102 99
x 2 1
x 3 2
x 4 3
x 5 4
x 6 5
x 7 6
x 8 7
x 9 8
x 10 9
x 11 10
x 12 11
x 13 12
x 14 13
x 15 14
x 16 15
x 17 16
x 18 17
x 19 18
x 20 19
x 21 20
x 22 21
x 23 22
x 24 23
x 25 24
x 26 25
x 27 26
x 28 27
x 29 28
x 30 29
x 31 30
x 32 31
x 33 32
x 34 33
x 35 34
x 36 35
x 37 36
x 38 37
x 39 38
x 40 39
x 41 40
x 42 41
x 43 42
x 44 43
x 45 44
x 46 45
x 47 46
x 48 47
x 49 48
x 50 49
x 51 50
x 52 51
x 53 52
x 54 53
x 55 54
x 56 55
x 57 56
x 58 57
x 59 58
x 60 59
x 61 60
x 62 61
x 63 62
x 64 63
x 65 64
x 66 65
x 67 66
x 68 67
x 69 68
x 70 69
x 71 70
x 72 71
x 73 72
x 74 73
x 75 74
x 76 75
x 77 76
x 78 77
x 79 78
x 80 79
x 81 80
x 82 81
x 83 82
x 84 83
x 85 84
x 86 85
x 87 86
x 88 87
x 89 88
x 90 89
x 91 90
x 92 91
x 93 92
x 94 93
x 95 94
x 96 95
x 97 96
x 98 97
x 99 99
x 100 100
Case #85: 104 100
o 1 1
x 2 2
x 3 3
x 4 4
x 5 5
x 6 6
x 7 7
x 8 8
x 9 9
x 10 10
x 11 11
x 12 12
x 13 13
x 14 14
x 15 15
x 16 16
x 17 17
x 18 18
x 19 19
x 20 20
x 21 21
x 22 22
x 23 23
x 24 24
x 25 25
x 26 26
x 27 27
x 28 28
x 29 29
x 30 30
x 31 31
x 32 32
x 33 33
x 34 34
x 35 35
x 36 36
x 37 37
x 38 38
x 39 39
x 40 40
x 41 41
x 42 42
x 43 43
x 44 44
x 45 45
x 46 46
x 47 47
x 48 48
x 49 49
x 50 50
x 51 51
x 52 52
x 53 53
x 54 54
x 55 55
x 56 56
x 57 57
x 58 58
x 59 59
x 60 60
x 61 61
x 62 62
x 63 63
x 64 64
x 65 65
x 66 66
x 67 67
x 68 68
x 69 69
x 70 70
x 71 71
x 72 72
x 73 73
x 74 74
x 75 75
x 76 76
x 77 77
x 78 78
x 79 79
x 80 80
x 81 81
x 82 82
x 83 83
x 84 84
x 85 85
x 86 86
x 87 87
x 88 88
x 89 89
x 90 90
x 91 91
x 92 92
x 93 93
x 94 94
x 95 95
x 96 96
x 97 97
x 98 98
x 99 99
x 100 100
Case #86: 19 17
+ 1 2
+ 1 3
+ 1 4
+ 1 5
+ 1 6
x 2 2
x 3 3
x 4 4
x 5 5
x 6 6
+ 7 1
+ 7 2
+ 7 3
+ 7 4
+ 7 5
+ 7 6
o 7 7
Case #87: 142 139
+ 1 20
+ 1 21
+ 1 22
+ 1 23
+ 1 24
+ 1 25
+ 1 26
+ 1 27
+ 1 28
+ 1 29
+ 1 30
+ 1 31
+ 1 32
+ 1 33
+ 1 35
x 2 1
x 3 2
x 4 3
x 5 4
x 6 5
x 7 6
x 8 7
x 9 8
+ 9 26
x 10 9
+ 10 28
x 11 10
+ 11 26
x 12 11
+ 12 28
x 13 12
+ 13 26
x 14 13
+ 14 28
x 15 14
+ 15 26
x 16 15
+ 16 28
x 17 16
+ 17 26
x 18 17
+ 18 28
x 19 18
+ 19 26
x 20 19
+ 20 28
x 21 20
+ 21 26
x 22 21
+ 22 28
x 23 22
+ 23 26
x 24 23
+ 24 28
x 25 24
+ 25 26
x 26 25
+ 26 28
x 27 26
x 28 27
x 29 28
x 30 29
x 31 30
x 32 31
x 33 32
x 34 33
x 35 34
x 36 35
x 37 36
x 38 37
x 39 38
x 40 39
x 41 40
x 42 41
x 43 42
x 44 43
x 45 44
x 46 46
x 47 47
x 48 48
x 49 49
x 50 50
x 51 51
x 52 52
x 53 53
+ 54 1
+ 54 2
+ 54 3
+ 54 4
+ 54 5
+ 54 6
+ 54 7
+ 54 8
+ 54 9
+ 54 10
+ 54 11
+ 54 12
+ 54 13
+ 54 14
+ 54 15
+ 54 16
+ 54 17
+ 54 18
+ 54 19
+ 54 20
+ 54 21
+ 54 22
+ 54 23
+ 54 24
+ 54 25
+ 54 26
+ 54 27
+ 54 28
+ 54 29
+ 54 30
+ 54 31
+ 54 32
+ 54 33
+ 54 34
+ 54 35
+ 54 36
+ 54 37
+ 54 38
+ 54 39
+ 54 40
+ 54 41
+ 54 42
+ 54 43
+ 54 44
+ 54 45
+ 54 46
+ 54 47
+ 54 48
+ 54 49
+ 54 50
+ 54 51
+ 54 52
+ 54 53
o 54 54
Case #88: 200 100
o 1 1
x 2 2
x 3 3
x 4 4
x 5 5
x 6 6
x 7 7
x 8 8
x 9 9
x 10 10
x 11 11
x 12 12
x 13 13
x 14 14
x 15 15
x 16 16
x 17 17
x 18 18
x 19 19
x 20 20
x 21 21
x 22 22
x 23 23
x 24 24
x 25 25
x 26 26
x 27 27
x 28 28
x 29 29
x 30 30
x 31 31
x 32 32
x 33 33
x 34 34
x 35 35
x 36 36
x 37 37
x 38 38
x 39 39
x 40 40
x 41 41
x 42 42
x 43 43
x 44 44
x 45 45
x 46 46
x 47 47
x 48 48
x 49 49
x 50 50
x 51 51
x 52 52
x 53 53
x 54 54
x 55 55
x 56 56
x 57 57
x 58 58
x 59 59
x 60 60
x 61 61
x 62 62
x 63 63
x 64 64
x 65 65
x 66 66
x 67 67
x 68 68
x 69 69
x 70 70
x 71 71
x 72 72
x 73 73
x 74 74
x 75 75
x 76 76
x 77 77
x 78 78
x 79 79
x 80 80
x 81 81
x 82 82
x 83 83
x 84 84
x 85 85
x 86 86
x 87 87
x 88 88
x 89 89
x 90 90
x 91 91
x 92 92
x 93 93
x 94 94
x 95 95
x 96 96
x 97 97
x 98 98
x 99 99
x 100 100
Case #89: 37 31
+ 1 2
+ 1 3
+ 1 5
+ 1 6
+ 1 8
+ 1 9
+ 1 11
x 2 1
x 3 2
x 4 3
x 5 5
x 6 6
x 7 7
x 8 8
x 9 9
x 10 10
x 11 11
x 12 12
+ 13 1
+ 13 2
+ 13 3
+ 13 4
+ 13 5
+ 13 6
+ 13 7
+ 13 8
+ 13 9
+ 13 10
+ 13 11
+ 13 12
o 13 13
Case #90: 211 206
+ 1 32
+ 1 33
+ 1 35
+ 1 36
+ 1 37
+ 1 38
+ 1 39
+ 1 40
+ 1 41
+ 1 42
+ 1 43
+ 1 44
+ 1 46
+ 1 47
+ 1 48
+ 1 49
x 2 1
x 3 2
x 4 3
x 5 4
x 6 5
x 7 6
x 8 7
x 9 8
x 10 9
x 11 10
+ 11 40
+ 11 41
x 12 11
x 13 12
+ 13 41
x 14 13
+ 14 41
x 15 14
+ 15 41
x 16 16
+ 16 41
x 17 17
+ 17 41
x 18 18
+ 18 41
x 19 19
+ 19 41
x 20 20
+ 20 41
x 21 21
+ 21 41
x 22 22
+ 22 41
x 23 23
+ 23 41
x 24 24
+ 24 41
x 25 25
+ 25 41
x 26 26
+ 26 41
x 27 27
+ 27 41
x 28 28
+ 28 41
x 29 29
+ 29 41
x 30 30
+ 30 41
x 31 31
+ 31 41
x 32 32
+ 32 41
x 33 33
+ 33 41
x 34 34
+ 34 41
x 35 35
+ 35 41
x 36 36
+ 36 41
x 37 37
+ 37 41
x 38 38
+ 38 41
x 39 39
+ 39 41
x 40 40
+ 40 41
x 41 41
x 42 42
x 43 43
x 44 44
x 45 45
x 46 46
x 47 47
x 48 48
x 49 49
x 50 50
x 51 51
x 52 52
x 53 53
x 54 54
x 55 55
x 56 56
x 57 57
x 58 58
x 59 59
x 60 60
x 61 61
x 62 62
x 63 63
x 64 64
x 65 65
x 66 66
x 67 67
x 68 68
x 69 69
x 70 70
x 71 71
x 72 72
x 73 73
x 74 74
x 75 75
x 76 76
x 77 77
x 78 78
x 79 79
x 80 80
+ 81 1
+ 81 2
+ 81 3
+ 81 4
+ 81 5
+ 81 6
+ 81 7
+ 81 8
+ 81 9
+ 81 10
+ 81 11
+ 81 12
+ 81 13
+ 81 14
+ 81 15
+ 81 16
+ 81 17
+ 81 18
+ 81 19
+ 81 20
+ 81 21
+ 81 22
+ 81 23
+ 81 24
+ 81 25
+ 81 26
+ 81 27
+ 81 28
+ 81 29
+ 81 30
+ 81 31
+ 81 32
+ 81 33
+ 81 34
+ 81 35
+ 81 36
+ 81 37
+ 81 38
+ 81 39
+ 81 40
+ 81 41
+ 81 42
+ 81 43
+ 81 44
+ 81 45
+ 81 46
+ 81 47
+ 81 48
+ 81 49
+ 81 50
+ 81 51
+ 81 52
+ 81 53
+ 81 54
+ 81 55
+ 81 56
+ 81 57
+ 81 58
+ 81 59
+ 81 60
+ 81 61
+ 81 62
+ 81 63
+ 81 64
+ 81 65
+ 81 66
+ 81 67
+ 81 68
+ 81 69
+ 81 70
+ 81 71
+ 81 72
+ 81 73
+ 81 74
+ 81 75
+ 81 76
+ 81 77
+ 81 78
+ 81 79
+ 81 80
o 81 81
Case #91: 160 157
+ 1 24
+ 1 25
+ 1 26
+ 1 27
+ 1 28
+ 1 29
+ 1 30
+ 1 31
+ 1 32
+ 1 33
+ 1 34
+ 1 35
+ 1 36
+ 1 37
+ 1 38
+ 1 39
x 2 1
x 3 2
x 4 3
x 5 4
x 6 6
x 7 7
x 8 8
x 9 9
x 10 10
+ 10 31
+ 10 32
x 11 11
x 12 12
+ 12 31
+ 12 32
x 13 13
x 14 14
+ 14 31
+ 14 32
x 15 15
x 16 16
+ 16 31
x 17 17
+ 17 31
x 18 18
+ 18 31
x 19 19
+ 19 31
x 20 20
+ 20 31
x 21 21
+ 21 31
x 22 22
+ 22 31
x 23 23
+ 23 31
x 24 24
+ 24 31
x 25 25
+ 25 31
x 26 26
+ 26 31
x 27 27
+ 27 31
x 28 28
+ 28 31
x 29 29
+ 29 31
x 30 30
+ 30 31
x 31 31
x 32 32
x 33 33
x 34 34
x 35 35
x 36 36
x 37 37
x 38 38
x 39 39
x 40 40
x 41 41
x 42 42
x 43 43
x 44 44
x 45 45
x 46 46
x 47 47
x 48 48
x 49 49
x 50 50
x 51 51
x 52 52
x 53 53
x 54 54
x 55 55
x 56 56
x 57 57
x 58 58
x 59 59
x 60 60
+ 61 1
+ 61 2
+ 61 3
+ 61 4
+ 61 5
+ 61 6
+ 61 7
+ 61 8
+ 61 9
+ 61 10
+ 61 11
+ 61 12
+ 61 13
+ 61 14
+ 61 15
+ 61 16
+ 61 17
+ 61 18
+ 61 19
+ 61 20
+ 61 21
+ 61 22
+ 61 23
+ 61 24
+ 61 25
+ 61 26
+ 61 27
+ 61 28
+ 61 29
+ 61 30
+ 61 31
+ 61 32
+ 61 33
+ 61 34
+ 61 35
+ 61 36
+ 61 37
+ 61 38
+ 61 39
+ 61 40
+ 61 41
+ 61 42
+ 61 43
+ 61 44
+ 61 45
+ 61 46
+ 61 47
+ 61 48
+ 61 49
+ 61 50
+ 61 51
+ 61 52
+ 61 53
+ 61 54
+ 61 55
+ 61 56
+ 61 57
+ 61 58
+ 61 59
+ 61 60
o 61 61
Case #92: 4 2
o 1 1
x 2 2
Case #93: 104 100
o 1 1
x 2 2
x 3 3
x 4 4
x 5 5
x 6 6
x 7 7
x 8 8
x 9 9
x 10 10
x 11 11
x 12 12
x 13 13
x 14 14
x 15 15
x 16 16
x 17 17
x 18 18
x 19 19
x 20 20
x 21 21
x 22 22
x 23 23
x 24 24
x 25 25
x 26 26
x 27 27
x 28 28
x 29 29
x 30 30
x 31 31
x 32 32
x 33 33
x 34 34
x 35 35
x 36 36
x 37 37
x 38 38
x 39 39
x 40 40
x 41 41
x 42 42
x 43 43
x 44 44
x 45 45
x 46 46
x 47 47
x 48 48
x 49 49
x 50 50
x 51 51
x 52 52
x 53 53
x 54 54
x 55 55
x 56 56
x 57 57
x 58 58
x 59 59
x 60 60
x 61 61
x 62 62
x 63 63
x 64 64
x 65 65
x 66 66
x 67 67
x 68 68
x 69 69
x 70 70
x 71 71
x 72 72
x 73 73
x 74 74
x 75 75
x 76 76
x 77 77
x 78 78
x 79 79
x 80 80
x 81 81
x 82 82
x 83 83
x 84 84
x 85 85
x 86 86
x 87 87
x 88 88
x 89 89
x 90 90
x 91 91
x 92 92
x 93 93
x 94 94
x 95 95
x 96 96
x 97 97
x 98 98
x 99 99
x 100 100
Case #94: 31 28
+ 1 2
+ 1 3
+ 1 4
+ 1 5
+ 1 6
+ 1 7
+ 1 9
+ 1 10
x 2 1
x 3 2
x 4 3
x 5 4
x 6 5
x 7 6
x 8 7
x 9 9
x 10 10
+ 11 1
+ 11 2
+ 11 3
+ 11 4
+ 11 5
+ 11 6
+ 11 7
+ 11 8
+ 11 9
+ 11 10
o 11 11
Case #95: 143 139
+ 1 20
+ 1 21
+ 1 22
+ 1 23
+ 1 24
+ 1 25
+ 1 26
+ 1 27
+ 1 28
+ 1 29
+ 1 30
+ 1 32
+ 1 33
+ 1 34
+ 1 35
+ 1 36
x 2 1
x 3 2
x 4 3
x 5 4
x 6 5
x 7 6
x 8 7
x 9 8
x 10 9
+ 10 28
x 11 10
+ 11 28
x 12 11
+ 12 28
x 13 12
+ 13 28
x 14 13
+ 14 28
x 15 14
+ 15 28
x 16 15
+ 16 28
x 17 16
+ 17 28
x 18 17
+ 18 28
x 19 18
+ 19 28
x 20 19
+ 20 28
x 21 20
+ 21 28
x 22 21
+ 22 28
x 23 22
+ 23 28
x 24 23
+ 24 28
x 25 24
+ 25 28
x 26 25
+ 26 28
x 27 26
x 28 27
x 29 28
x 30 29
x 31 30
x 32 32
x 33 33
x 34 34
x 35 35
x 36 36
x 37 37
x 38 38
x 39 39
x 40 40
x 41 41
x 42 42
x 43 43
x 44 44
x 45 45
x 46 46
x 47 47
x 48 48
x 49 49
x 50 50
x 51 51
x 52 52
x 53 53
+ 54 1
+ 54 2
+ 54 3
+ 54 4
+ 54 5
+ 54 6
+ 54 7
+ 54 8
+ 54 9
+ 54 10
+ 54 11
+ 54 12
+ 54 13
+ 54 14
+ 54 15
+ 54 16
+ 54 17
+ 54 18
+ 54 19
+ 54 20
+ 54 21
+ 54 22
+ 54 23
+ 54 24
+ 54 25
+ 54 26
+ 54 27
+ 54 28
+ 54 29
+ 54 30
+ 54 31
+ 54 32
+ 54 33
+ 54 34
+ 54 35
+ 54 36
+ 54 37
+ 54 38
+ 54 39
+ 54 40
+ 54 41
+ 54 42
+ 54 43
+ 54 44
+ 54 45
+ 54 46
+ 54 47
+ 54 48
+ 54 49
+ 54 50
+ 54 51
+ 54 52
+ 54 53
o 54 54
Case #96: 200 99
x 2 2
x 3 3
x 4 4
x 5 5
x 6 6
x 7 7
x 8 8
x 9 9
x 10 10
x 11 11
x 12 12
x 13 13
x 14 14
x 15 15
x 16 16
x 17 17
x 18 18
x 19 19
x 20 20
x 21 21
x 22 22
x 23 23
x 24 24
x 25 25
x 26 26
x 27 27
x 28 28
x 29 29
x 30 30
x 31 31
x 32 32
x 33 33
x 34 34
x 35 35
x 36 36
x 37 37
x 38 38
x 39 39
x 40 40
x 41 41
x 42 42
x 43 43
x 44 44
x 45 45
x 46 46
x 47 47
x 48 48
x 49 49
x 50 50
x 51 51
x 52 52
x 53 53
x 54 54
x 55 55
x 56 56
x 57 57
x 58 58
x 59 59
x 60 60
x 61 61
x 62 62
x 63 63
x 64 64
x 65 65
x 66 66
x 67 67
x 68 68
x 69 69
x 70 70
x 71 71
x 72 72
x 73 73
x 74 74
x 75 75
x 76 76
x 77 77
x 78 78
x 79 79
x 80 80
x 81 81
x 82 82
x 83 83
x 84 84
x 85 85
x 86 86
x 87 87
x 88 88
x 89 89
x 90 90
x 91 91
x 92 92
x 93 93
x 94 94
x 95 95
x 96 96
x 97 97
x 98 98
x 99 99
x 100 100
Case #97: 227 222
+ 1 38
+ 1 39
+ 1 40
+ 1 41
+ 1 42
+ 1 43
+ 1 44
+ 1 45
+ 1 46
+ 1 47
+ 1 49
+ 1 50
+ 1 51
x 2 1
x 3 2
x 4 3
x 5 4
x 6 5
x 7 6
x 8 7
x 9 8
+ 9 44
+ 9 45
x 10 9
x 11 10
+ 11 44
+ 11 45
x 12 11
x 13 12
+ 13 44
+ 13 45
x 14 13
x 15 14
+ 15 44
+ 15 45
x 16 15
x 17 16
+ 17 44
x 18 17
+ 18 44
x 19 18
+ 19 44
x 20 19
+ 20 44
x 21 20
+ 21 44
x 22 21
+ 22 44
x 23 22
+ 23 44
x 24 23
+ 24 44
x 25 24
+ 25 44
x 26 25
x 27 26
+ 27 44
+ 27 45
x 28 27
x 29 28
+ 29 44
+ 29 45
x 30 29
x 31 30
+ 31 44
+ 31 45
x 32 31
x 33 32
+ 33 44
+ 33 45
x 34 33
x 35 34
+ 35 44
+ 35 45
x 36 35
x 37 36
+ 37 44
+ 37 45
x 38 37
x 39 38
+ 39 44
+ 39 45
x 40 39
x 41 40
+ 41 44
+ 41 45
x 42 41
x 43 42
+ 43 44
+ 43 45
x 44 43
x 45 44
x 46 45
x 47 46
x 48 47
x 49 48
x 50 49
x 51 50
x 52 51
x 53 52
x 54 54
x 55 55
x 56 56
x 57 57
x 58 58
x 59 59
x 60 60
x 61 61
x 62 62
x 63 63
x 64 64
x 65 65
x 66 66
x 67 67
x 68 68
x 69 69
x 70 70
x 71 71
x 72 72
x 73 73
x 74 74
x 75 75
x 76 76
x 77 77
x 78 78
x 79 79
x 80 80
x 81 81
x 82 82
x 83 83
x 84 84
x 85 85
x 86 86
x 87 87
+ 88 1
+ 88 2
+ 88 3
+ 88 4
+ 88 5
+ 88 6
+ 88 7
+ 88 8
+ 88 9
+ 88 10
+ 88 11
+ 88 12
+ 88 13
+ 88 14
+ 88 15
+ 88 16
+ 88 17
+ 88 18
+ 88 19
+ 88 20
+ 88 21
+ 88 22
+ 88 23
+ 88 24
+ 88 25
+ 88 26
+ 88 27
+ 88 28
+ 88 29
+ 88 30
+ 88 31
+ 88 32
+ 88 33
+ 88 34
+ 88 35
+ 88 36
+ 88 37
+ 88 38
+ 88 39
+ 88 40
+ 88 41
+ 88 42
+ 88 43
+ 88 44
+ 88 45
+ 88 46
+ 88 47
+ 88 48
+ 88 49
+ 88 50
+ 88 51
+ 88 52
+ 88 53
+ 88 54
+ 88 55
+ 88 56
+ 88 57
+ 88 58
+ 88 59
+ 88 60
+ 88 61
+ 88 62
+ 88 63
+ 88 64
+ 88 65
+ 88 66
+ 88 67
+ 88 68
+ 88 69
+ 88 70
+ 88 71
+ 88 72
+ 88 73
+ 88 74
+ 88 75
+ 88 76
+ 88 77
+ 88 78
+ 88 79
+ 88 80
+ 88 81
+ 88 82
+ 88 83
+ 88 84
+ 88 85
+ 88 86
+ 88 87
o 88 88
Case #98: 103 99
x 2 1
x 3 2
x 4 3
x 5 4
x 6 5
x 7 6
x 8 7
x 9 8
x 10 9
x 11 10
x 12 11
x 13 12
x 14 13
x 15 14
x 16 15
x 17 16
x 18 17
x 19 18
x 20 19
x 21 20
x 22 21
x 23 23
x 24 24
x 25 25
x 26 26
x 27 27
x 28 28
x 29 29
x 30 30
x 31 31
x 32 32
x 33 33
x 34 34
x 35 35
x 36 36
x 37 37
x 38 38
x 39 39
x 40 40
x 41 41
x 42 42
x 43 43
x 44 44
x 45 45
x 46 46
x 47 47
x 48 48
x 49 49
x 50 50
x 51 51
x 52 52
x 53 53
x 54 54
x 55 55
x 56 56
x 57 57
x 58 58
x 59 59
x 60 60
x 61 61
x 62 62
x 63 63
x 64 64
x 65 65
x 66 66
x 67 67
x 68 68
x 69 69
x 70 70
x 71 71
x 72 72
x 73 73
x 74 74
x 75 75
x 76 76
x 77 77
x 78 78
x 79 79
x 80 80
x 81 81
x 82 82
x 83 83
x 84 84
x 85 85
x 86 86
x 87 87
x 88 88
x 89 89
x 90 90
x 91 91
x 92 92
x 93 93
x 94 94
x 95 95
x 96 96
x 97 97
x 98 98
x 99 99
x 100 100
Case #99: 2 1
o 1 1
Case #100: 104 100
o 1 1
x 2 2
x 3 3
x 4 4
x 5 5
x 6 6
x 7 7
x 8 8
x 9 9
x 10 10
x 11 11
x 12 12
x 13 13
x 14 14
x 15 15
x 16 16
x 17 17
x 18 18
x 19 19
x 20 20
x 21 21
x 22 22
x 23 23
x 24 24
x 25 25
x 26 26
x 27 27
x 28 28
x 29 29
x 30 30
x 31 31
x 32 32
x 33 33
x 34 34
x 35 35
x 36 36
x 37 37
x 38 38
x 39 39
x 40 40
x 41 41
x 42 42
x 43 43
x 44 44
x 45 45
x 46 46
x 47 47
x 48 48
x 49 49
x 50 50
x 51 51
x 52 52
x 53 53
x 54 54
x 55 55
x 56 56
x 57 57
x 58 58
x 59 59
x 60 60
x 61 61
x 62 62
x 63 63
x 64 64
x 65 65
x 66 66
x 67 67
x 68 68
x 69 69
x 70 70
x 71 71
x 72 72
x 73 73
x 74 74
x 75 75
x 76 76
x 77 77
x 78 78
x 79 79
x 80 80
x 81 81
x 82 82
x 83 83
x 84 84
x 85 85
x 86 86
x 87 87
x 88 88
x 89 89
x 90 90
x 91 91
x 92 92
x 93 93
x 94 94
x 95 95
x 96 96
x 97 97
x 98 98
x 99 99
x 100 100
