Case #1: 
0
1
4
7
9
13
17
19
21
22
24
26
35
39
40
44
48
49
50
51
53
55
57
64
66
68
70
73
75
81
82
85
86
87
90
95
97
99
101
108
110
111
112
114
116
117
118
119
125
126
127
132
134
135
136
137
138
143
144
145
151
153
155
156
160
166
172
183
185
187
191
192
193
196
197
202
203
204
205
206
207
210
211
213
214
217
218
222
223
225
226
228
231
232
233
236
237
238
239
241
242
248
249
251
252
253
256
257
258
261
262
265
267
270
272
274
278
279
280
281
282
285
286
288
290
291
292
296
299
303
305
309
311
313
317
319
320
321
322
323
326
327
332
334
335
337
344
346
347
349
350
354
359
361
362
365
366
369
371
372
374
380
387
388
392
393
394
395
398
399
400
404
405
411
413
414
415
416
424
426
429
430
432
433
435
437
440
441
443
445
447
448
459
461
462
463
465
466
469
470
471
473
474
487
488
492
493
494
499
501
503
505
508
518
525
527
529
531
537
538
540
541
543
545
546
549
555
557
560
562
563
568
569
570
573
574
576
577
578
581
586
591
592
593
599
604
605
606
609
612
614
618
621
622
623
625
626
634
640
641
645
652
653
654
657
659
660
663
671
677
681
683
685
686
687
691
693
695
696
698
699
700
703
706
707
709
710
713
714
715
717
720
721
722
723
725
727
729
734
736
738
739
740
741
746
747
748
749
750
756
758
761
767
768
772
775
776
777
778
780
782
783
785
787
789
790
792
806
808
811
821
823
824
825
830
831
834
836
838
839
841
843
845
848
850
853
862
866
868
870
873
874
877
881
883
887
889
893
897
907
909
910
911
915
919
920
925
930
932
938
940
943
947
952
955
956
958
960
965
968
970
972
973
974
976
978
981
983
984
989
991
992
993
999
1007
1010
1011
1013
1016
1018
1019
1020
1021
1022
1025
1026
1038
1040
1048
1053
1059
1062
1066
1071
1075
1076
1080
1081
1082
1091
1096
1099
1102
1109
1110
1111
1114
1115
1118
1120
1121
1122
1127
1130
1131
1132
1134
1135
1136
1137
1138
1139
1144
1145
1146
1147
1148
1149
1150
1153
1154
1155
1156
1157
1159
1161
1163
1164
1165
1170
1173
1175
1176
1178
1180
1184
1186
1188
1190
1191
1192
1196
1197
1198
1199
1200
1203
1205
1206
1207
1211
1212
1214
1220
1222
1224
1226
1228
1236
1238
1241
1242
1243
1244
1246
1249
1252
1255
1256
1257
1258
1260
1261
1264
1270
1271
1272
1276
1279
1282
1286
1287
1288
1291
1294
1295
1299
1300
1301
1304
1309
1313
1314
1318
1319
1320
1323
1325
1335
1336
1337
1338
1340
1343
1344
1345
1350
1351
1353
1359
1360
1362
1364
1365
1367
1368
1370
1373
1376
1381
1391
1392
1393
1396
1401
1407
1411
1414
1415
1419
1420
1421
1426
1427
1432
1433
1434
1438
1439
1445
1446
1447
1451
1452
1454
1455
1456
1458
1459
1460
1465
1468
1471
1473
1478
1481
1487
1489
1491
1493
1495
1499
1504
1505
1507
1515
1516
1518
1519
1520
1521
1522
1523
1525
1527
1528
1533
1535
1537
1539
1541
1542
1545
1547
1549
1551
1553
1557
1560
1564
1566
1570
1575
1576
1580
1582
1583
1585
1596
1597
1599
1601
1602
1604
1605
1609
1614
1616
1620
1621
1622
1624
1625
1626
1628
1629
1630
1632
1634
1636
1638
1645
1651
1652
1653
1655
1656
1658
1661
1663
1664
1667
1669
1670
1672
1676
1681
1682
1685
1700
1701
1703
1704
1707
1709
1712
1717
1723
1725
1728
1734
1735
1737
1740
1741
1742
1745
1747
1748
1750
1751
1756
1757
1758
1760
1761
1762
1763
1766
1769
1770
1771
1774
1775
1776
1777
1781
1782
1783
1787
1788
1793
1796
1797
1799
1801
1803
1804
1805
1810
1811
1813
1815
1816
1818
1821
1828
1829
1830
1834
1836
1837
1838
1839
1844
1845
1848
1849
1853
1856
1857
1858
1859
1862
1867
1868
1869
1873
1875
1876
1880
1883
1885
1887
1889
1892
1893
1895
1896
1897
1901
1917
1918
1919
1926
1927
1928
1930
1931
1932
1933
1935
1938
1941
1942
1944
1945
1947
1949
1951
1959
1963
1964
1966
1967
1970
1974
1976
1977
1978
1980
1982
1983
1990
1991
1993
1995
1997
2000
2006
2013
2016
2019
2020
2021
2023
2024
2025
2026
2027
2029
2030
2032
2037
2044
2046
2049
2050
2052
2054
2056
2058
2059
2062
2063
2064
2066
2067
2068
2069
2070
2071
2072
2077
2079
2082
2083
2086
2087
2088
2091
2098
2099
2100
2103
2104
2106
2107
2117
2118
2121
2123
2124
2126
2127
2130
2132
2136
2139
2142
2145
2148
2149
2150
2151
2152
2153
2160
2161
2163
2165
2166
2168
2169
2170
2177
2179
2181
2183
2187
2188
2193
2194
2197
2204
2207
2212
2215
2218
2220
2222
2225
2232
2234
2235
2236
2241
2246
2248
2250
2251
2252
2253
2254
2255
2256
2258
2259
2266
2267
2269
2281
2282
2283
2284
2290
2291
2294
2305
2307
2308
2310
2312
2314
2317
2320
2323
2325
2328
2336
2338
2345
2347
2349
2352
2354
2355
2356
2357
2360
2361
2363
2364
2365
2367
2369
2370
2373
2378
2380
2381
2382
2384
2391
2392
2393
2395
2397
2399
2401
2404
2406
2407
2411
2413
2415
2417
2423
2424
2427
2428
2430
2435
2437
2441
2442
2445
2446
2448
2449
2451
2458
2460
2463
2469
2476
2477
2478
2480
2481
2483
2484
2488
2489
2492
2501
2503
2504
2509
2510
2511
2519
2523
2525
2526
2530
2532
2533
2534
2537
2541
2542
2543
2545
2546
2548
2549
2551
2552
2554
2555
2558
2563
2566
2568
2572
2573
2574
2575
2580
2582
2586
2591
2593
2595
2596
2598
2601
2603
2606
2609
2610
2612
2615
2617
2619
2621
2623
2626
2627
2629
2637
2639
2641
2643
2649
2650
2654
2655
2657
2662
2664
2665
2667
2672
2674
2675
2676
2677
2679
2681
2682
2684
2686
2687
2690
2691
2694
2695
2696
2697
2699
2700
2701
2704
2711
2712
2717
2719
2720
2721
2724
2725
2726
2727
2731
2732
2738
2743
2745
2747
2749
2750
2756
2758
2759
2761
2762
2763
2764
2766
2768
2771
2772
2773
2776
2778
2785
2787
2788
2789
2791
2792
2793
2797
2799
2803
2806
2807
2811
2812
2813
2815
2819
2823
2826
2828
2834
2836
2838
2839
2843
2851
2852
2855
2856
2857
2858
2859
2860
2861
2862
2867
2873
2876
2878
2880
2881
2885
2888
2890
2897
2898
2903
2904
2905
2915
2917
2922
2928
2929
2930
2932
2934
2936
2937
2942
2945
2951
2954
2955
2956
2957
2961
2964
2965
2968
2969
2971
2972
2973
2976
2982
2983
2986
2988
2989
2991
2995
2996
3000
3001
3004
3006
3009
3012
3016
3020
3023
3025
3028
3029
3030
3032
3034
3043
3044
3052
3053
3054
3055
3058
3059
3060
3067
3070
3074
3075
3077
3078
3081
3083
3084
3087
3091
3093
3098
3100
3104
3107
3108
3111
3121
3126
3127
3129
3130
3131
3135
3137
3139
3141
3145
3146
3147
3149
3150
3153
3155
3160
3162
3163
3168
3170
3171
3183
3184
3189
3192
3193
3195
3196
3199
3204
3206
3207
3209
3212
3214
3220
3224
3226
3227
3228
3231
3232
3234
3235
3239
3242
3243
3244
3247
3248
3255
3257
3259
3260
3262
3263
3264
3266
3267
3268
3269
3271
3276
3287
3288
3292
3293
3294
3298
3299
3311
3321
3323
3324
3325
3326
3329
3333
3334
3335
3339
3340
3341
3345
3347
3348
3349
3350
3351
3352
3358
3360
3361
3364
3366
3367
3369
3371
3376
3378
3380
3382
3384
3393
3395
3396
3398
3399
3406
3407
3408
3411
3414
3416
3420
3425
3426
3427
3434
3436
3437
3438
3439
3443
3444
3445
3446
3448
3451
3452
3454
3455
3460
3463
3467
3469
3474
3479
3481
3483
3484
3485
3487
3491
3493
3504
3507
3512
3513
3514
3522
3523
3524
3526
3527
3529
3530
3533
3535
3537
3539
3540
3542
3544
3545
3546
3548
3549
3551
3555
3560
3562
3563
3565
3568
3572
3573
3574
3579
3580
3581
3583
3584
3585
3586
3587
3588
3589
3591
3592
3595
3597
3599
3602
3604
3609
3611
3614
3620
3635
3636
3637
3638
3641
3642
3643
3647
3649
3650
3653
3655
3661
3668
3669
3671
3673
3677
3678
3683
3688
3690
3693
3696
3702
3711
3713
3718
3720
3722
3723
3724
3726
3733
3734
3736
3737
3740
3741
3742
3745
3749
3750
3751
3752
3753
3756
3757
3759
3760
3765
3767
3769
3773
3776
3779
3781
3783
3787
3790
3791
3792
3793
3794
3795
3797
3807
3808
3811
3819
3821
3825
3826
3828
3831
3833
3836
3838
3840
3841
3842
3844
3846
3847
3849
3851
3853
3854
3859
3861
3862
3865
3867
3873
3874
3875
3876
3877
3883
3884
3885
3886
3888
3890
3891
3892
3894
3895
3896
3897
3899
3902
3906
3907
3909
3910
3913
3914
3915
3917
3918
3919
3920
3921
3924
3926
3927
3929
3933
3934
3938
3939
3941
3942
3946
3949
3950
3955
3956
3957
3959
3960
3962
3963
3966
3968
3970
3971
3972
3974
3975
3978
3980
3981
3983
3984
3986
3989
3990
3991
3993
3996
3997
4002
4003
4004
4006
4012
4015
4016
4017
4021
4022
4027
4029
4031
4033
4034
4039
4040
4045
4046
4051
4052
4054
4055
4056
4058
4059
4060
4061
4063
4065
4066
4068
4070
4072
4077
4079
4080
4083
4084
4085
4087
4095
4097
4098
4099
4101
4102
4105
4116
4117
4118
4120
4121
4122
4123
4124
4125
4127
4130
4131
4135
4138
4140
4141
4143
4145
4146
4147
4148
4153
4154
4155
4161
4163
4169
4171
4173
4174
4175
4179
4180
4182
4184
4185
4186
4187
4188
4191
4192
4195
4198
4204
4206
4209
4215
4221
4224
4225
4226
4229
4230
4232
4234
4238
4242
4243
4244
4245
4246
4250
4259
4260
4265
4268
4269
4271
4273
4275
4277
4280
4285
4287
4288
4293
4301
4302
4305
4308
4310
4312
4314
4316
4317
4318
4319
4320
4321
4322
4326
4327
4329
4330
4336
4337
4342
4343
4346
4347
4348
4352
4354
4358
4362
4365
4366
4367
4368
4371
4373
4376
4377
4378
4380
4382
4388
4389
4391
4392
4394
4395
4396
4398
4401
4407
4411
4420
4423
4429
4430
4438
4439
4441
4444
4445
4448
4451
4452
4453
4455
4459
4461
4464
4468
4470
4471
4473
4475
4478
4480
4484
4485
4486
4487
4488
4489
4491
4493
4495
4496
4498
4500
4504
4507
4509
4511
4512
4514
4515
4516
4519
4520
4521
4523
4527
4528
4529
4531
4540
4541
4543
4545
4547
4551
4552
4553
4554
4555
4557
4558
4559
4560
4564
4566
4567
4569
4571
4573
4576
4579
4580
4584
4585
4587
4588
4589
4595
4597
4603
4604
4611
4616
4620
4632
4634
4641
4644
4646
4651
4652
4655
4662
4663
4668
4670
4675
4676
4678
4679
4680
4681
4684
4686
4687
4689
4697
4699
4704
4706
4711
4712
4713
4714
4716
4718
4719
4721
4730
4732
4736
4737
4739
4740
4741
4745
4747
4749
4752
4753
4758
4763
4768
4770
4776
4779
4780
4785
4789
4797
4799
4802
4807
4808
4810
4812
4815
4817
4818
4821
4824
4825
4826
4831
4832
4833
4834
4835
4837
4838
4842
4843
4848
4849
4855
4857
4859
4860
4864
4867
4869
4872
4873
4874
4877
4879
4884
4886
4887
4889
4892
4894
4896
4898
4899
4903
4904
4905
4907
4908
4911
4912
4917
4918
4919
4920
4921
4924
4925
4926
4930
4933
4934
4935
4936
4937
4942
4943
4945
4948
4949
4952
4956
4957
4959
4961
4962
4964
4966
4968
4971
4972
4973
4976
4980
4993
4995
4996
4997
4998
4999
5003
5006
5007
5010
5013
5015
5017
5020
5021
5023
5030
5031
5033
5035
5039
5042
5044
5045
5047
5050
5052
5053
5054
5055
5056
5058
5060
5062
5066
5069
5070
5072
5083
5084
5087
5090
5091
5093
5094
5096
5098
5099
5102
5103
5104
5107
5109
5110
5112
5117
5118
5120
5121
5122
5125
5127
5128
5129
5133
5134
5137
5138
5142
5143
5144
5147
5148
5149
5150
5151
5154
5156
5157
5158
5159
5161
5165
5167
5168
5171
5172
5177
5178
5179
5183
5185
5186
5189
5190
5191
5194
5195
5196
5197
5201
5202
5204
5209
5212
5213
5214
5220
5221
5222
5226
5227
5230
5233
5235
5238
5239
5243
5246
5249
5252
5255
5257
5264
5266
5269
5270
5277
5279
5280
5282
5283
5287
5290
5292
5293
5296
5297
5311
5313
5315
5317
5323
5324
5330
5332
5337
5338
5341
5345
5353
5354
5358
5359
5362
5363
5364
5366
5367
5368
5370
5372
5374
5377
5378
5380
5381
5382
5387
5388
5389
5391
5392
5399
5405
5406
5409
5411
5413
5414
5417
5418
5423
5424
5427
5430
5431
5432
5434
5435
5438
5440
5444
5445
5447
5449
5451
5454
5455
5456
5459
5461
5466
5469
5471
5472
5476
5477
5479
5480
5483
5484
5485
5488
5490
5496
5497
5498
5499
5501
5503
5504
5511
5515
5516
5518
5519
5521
5522
5525
5526
5531
5532
5533
5535
5536
5539
5541
5543
5551
5552
5554
5555
5559
5564
5566
5567
5568
5571
5573
5576
5577
5578
5580
5584
5588
5590
5591
5592
5593
5594
5596
5598
5603
5604
5620
5627
5631
5635
5637
5638
5644
5647
5648
5652
5655
5656
5657
5659
5660
5661
5663
5664
5665
5667
5668
5669
5671
5672
5674
5676
5681
5682
5685
5687
5691
5693
5696
5702
5709
5711
5714
5718
5726
5729
5740
5741
5750
5751
5755
5757
5758
5759
5761
5762
5767
5769
5770
5778
5779
5783
5787
5788
5789
5791
5793
5796
5805
5809
5810
5812
5820
5822
5825
5826
5827
5828
5831
5834
5835
5838
5843
5844
5845
5847
5848
5850
5854
5855
5858
5862
5864
5866
5867
5868
5870
5871
5875
5876
5877
5878
5883
5885
5886
5887
5889
5890
5891
5894
5895
5899
5904
5905
5912
5914
5915
5916
5921
5922
5925
5926
5928
5930
5935
5938
5940
5941
5944
5949
5952
5953
5955
5957
5959
5966
5970
5972
5973
5976
5983
5991
5994
5996
5997
5998
6000
6005
6006
6007
6010
6013
6014
6017
6018
6020
6021
6025
6027
6029
6030
6032
6033
6034
6035
6036
6039
6041
6042
6043
6047
6048
6051
6054
6056
6060
6064
6065
6066
6068
6070
6074
6075
6080
6082
6083
6086
6087
6088
6090
6093
6094
6095
6101
6105
6109
6112
6114
6115
6116
6118
6119
6122
6128
6131
6132
6136
6137
6139
6142
6146
6147
6148
6152
6155
6158
6159
6161
6166
6168
6169
6170
6171
6174
6176
6177
6178
6180
6182
6185
6186
6189
6195
6198
6199
6200
6202
6203
6204
6206
6208
6209
6210
6211
6212
6215
6217
6218
6221
6223
6225
6228
6235
6237
6239
6243
6245
6254
6255
6262
6264
6270
6271
6273
6276
6277
6278
6279
6280
6281
6285
6287
6288
6293
6298
6301
6302
6306
6313
6318
6321
6322
6325
6326
6328
6329
6330
6331
6334
6339
6341
6342
6351
6352
6356
6359
6361
6363
6365
6368
6373
6375
6376
6380
6382
6390
6391
6394
6396
6398
6405
6409
6411
6413
6414
6416
6419
6420
6423
6424
6429
6433
6440
6442
6443
6444
6447
6451
6454
6455
6457
6458
6462
6464
6465
6468
6471
6472
6473
6475
6480
6483
6485
6487
6489
6490
6495
6498
6499
6503
6504
6514
6517
6521
6523
6525
6529
6532
6535
6552
6561
6565
6566
6567
6568
6569
6570
6571
6573
6574
6576
6580
6582
6591
6593
6594
6599
6608
6612
6615
6616
6618
6620
6623
6624
6625
6626
6629
6630
6632
6635
6636
6638
6640
6641
6642
6646
6650
6653
6661
6664
6666
6667
6670
6675
6677
6678
6682
6684
6685
6688
6691
6692
6693
6694
6695
6696
6700
6701
6710
6711
6714
6717
6719
6720
6724
6726
6727
6728
6729
6730
6732
6735
6738
6742
6743
6744
6747
6748
6749
6752
6755
6759
6760
6764
6766
6767
6769
6771
6773
6776
6777
6778
6781
6783
6795
6798
6800
6805
6807
6810
6813
6820
6825
6828
6830
6832
6837
6841
6842
6845
6848
6852
6853
6854
6855
6861
6862
6863
6864
6867
6868
6871
6873
6878
6879
6883
6884
6885
6888
6890
6891
6892
6894
6895
6903
6904
6905
6907
6911
6920
6922
6924
6926
6928
6939
6944
6951
6952
6953
6957
6959
6962
6965
6967
6969
6975
6978
6981
6983
6986
6987
6988
6989
6991
6993
6994
6996
6998
7001
7002
7004
7005
7007
7009
7012
7018
7019
7020
7021
7023
7025
7026
7027
7031
7034
7037
7038
7039
7040
7042
7044
7047
7048
7049
7050
7053
7057
7059
7063
7064
7066
7067
7068
7070
7076
7080
7082
7083
7084
7085
7088
7091
7095
7097
7104
7105
7106
7111
7116
7124
7126
7127
7132
7136
7137
7142
7149
7151
7152
7154
7156
7160
7161
7162
7164
7165
7170
7171
7174
7175
7177
7178
7179
7181
7187
7191
7193
7197
7201
7202
7208
7212
7220
7224
7227
7228
7234
7235
7238
7243
7248
7249
7253
7254
7255
7256
7261
7269
7272
7279
7282
7289
7290
7296
7298
7299
7300
7303
7306
7308
7309
7311
7315
7320
7321
7323
7324
7331
7335
7339
7343
7347
7349
7350
7351
7355
7360
7362
7369
7370
7371
7373
7374
7378
7380
7383
7391
7394
7402
7403
7404
7406
7410
7415
7417
7418
7420
7422
7425
7428
7435
7437
7440
7447
7448
7450
7453
7463
7464
7467
7472
7474
7482
7488
7496
7497
7503
7505
7512
7517
7520
7524
7525
7544
7551
7554
7561
7563
7567
7572
7573
7574
7575
7576
7578
7579
7589
7604
7605
7607
7609
7611
7612
7614
7616
7618
7619
7620
7621
7622
7623
7624
7625
7626
7628
7629
7632
7634
7635
7637
7639
7643
7647
7649
7651
7653
7656
7657
7666
7668
7669
7670
7674
7675
7676
7682
7683
7684
7685
7686
7689
7690
7691
7692
7694
7695
7696
7699
7706
7707
7718
7720
7722
7724
7727
7731
7734
7735
7736
7739
7740
7751
7752
7753
7755
7777
7779
7781
7783
7785
7787
7791
7797
7807
7811
7812
7817
7818
7820
7822
7826
7829
7833
7835
7836
7838
7843
7846
7847
7848
7849
7850
7852
7855
7858
7860
7863
7864
7869
7872
7875
7878
7879
7881
7884
7887
7893
7894
7895
7896
7897
7899
7902
7905
7920
7921
7924
7931
7935
7938
7944
7945
7948
7955
7962
7968
7972
7978
7979
7980
7981
7982
7983
7987
7992
7993
8000
8003
8006
8010
8018
8021
8023
8026
8036
8041
8045
8052
8055
8058
8063
8067
8070
8071
8072
8073
8075
8078
8080
8081
8082
8083
8085
8090
8091
8092
8093
8096
8098
8100
8102
8103
8107
8110
8112
8114
8115
8116
8117
8120
8121
8122
8125
8127
8130
8134
8135
8136
8137
8139
8140
8145
8148
8152
8153
8155
8157
8160
8164
8165
8173
8176
8181
8184
8186
8187
8188
8192
8199
8202
8204
8209
8212
8214
8215
8217
8220
8225
8227
8231
8233
8237
8239
8241
8246
8249
8250
8254
8256
8262
8266
8268
8270
8272
8276
8282
8284
8285
8286
8288
8291
8292
8293
8295
8296
8297
8298
8299
8302
8304
8305
8312
8314
8315
8316
8318
8322
8323
8324
8325
8327
8328
8329
8331
8335
8338
8341
8354
8356
8358
8360
8362
8363
8369
8374
8381
8383
8384
8385
8386
8387
8388
8390
8391
8392
8393
8395
8396
8397
8398
8399
8403
8404
8407
8409
8422
8423
8424
8431
8434
8435
8437
8438
8439
8447
8449
8450
8454
8455
8457
8462
8468
8471
8482
8484
8486
8492
8493
8497
8499
8502
8505
8506
8512
8514
8517
8530
8535
8537
8538
8541
8544
8547
8549
8551
8554
8555
8556
8558
8561
8563
8564
8567
8568
8569
8574
8580
8581
8582
8584
8585
8590
8593
8594
8596
8597
8598
8601
8604
8605
8619
8622
8626
8627
8631
8637
8639
8646
8647
8648
8654
8662
8663
8666
8667
8680
8685
8686
8687
8688
8691
8693
8699
8700
8703
8707
8708
8711
8714
8717
8719
8724
8726
8728
8729
8730
8732
8742
8743
8744
8746
8747
8748
8751
8752
8755
8757
8758
8759
8763
8766
8767
8770
8775
8779
8782
8783
8785
8787
8796
8797
8798
8799
8802
8816
8818
8821
8822
8827
8831
8834
8836
8843
8853
8855
8861
8862
8864
8866
8873
8876
8880
8882
8888
8889
8895
8896
8897
8907
8914
8916
8924
8927
8931
8937
8938
8943
8947
8953
8954
8955
8964
8967
8968
8969
8976
8981
8988
8989
8994
8995
8996
8997
8998
9004
9009
9015
9016
9020
9023
9025
9026
9027
9037
9038
9039
9044
9049
9050
9051
9054
9061
9064
9068
9071
9073
9076
9085
9090
9091
9099
9101
9103
9105
9107
9111
9113
9117
9118
9121
9122
9124
9125
9127
9128
9137
9140
9143
9144
9146
9148
9149
9151
9153
9154
9155
9156
9166
9167
9168
9169
9172
9174
9177
9178
9179
9181
9186
9187
9191
9192
9193
9195
9196
9197
9211
9212
9213
9218
9226
9231
9234
9238
9243
9247
9249
9250
9254
9255
9258
9259
9267
9268
9270
9277
9282
9283
9292
9293
9302
9306
9308
9313
9316
9318
9320
9321
9325
9326
9327
9328
9329
9330
9331
9332
9334
9337
9338
9339
9340
9342
9344
9345
9347
9350
9352
9353
9359
9362
9366
9372
9373
9374
9378
9379
9384
9390
9392
9393
9395
9396
9397
9403
9407
9412
9414
9416
9418
9419
9426
9428
9435
9439
9440
9441
9448
9452
9454
9462
9466
9470
9473
9476
9480
9482
9490
9491
9494
9496
9500
9505
9506
9512
9513
9517
9520
9522
9525
9526
9531
9538
9540
9541
9545
9547
9549
9551
9555
9561
9564
9567
9569
9576
9582
9584
9586
9595
9597
9599
9600
9603
9610
9611
9615
9616
9617
9618
9620
9625
9626
9628
9629
9632
9634
9635
9638
9640
9642
9643
9644
9645
9647
9648
9650
9653
9654
9656
9665
9666
9667
9669
9670
9675
9680
9681
9682
9689
9691
9694
9696
9698
9704
9711
9720
9723
9725
9735
9743
9745
9747
9751
9752
9755
9768
9771
9785
9787
9788
9789
9791
9797
9804
9805
9806
9807
9811
9814
9815
9820
9822
9825
9826
9828
9830
9834
9839
9840
9845
9851
9856
9862
9863
9866
9867
9870
9872
9873
9876
9880
9883
9887
9888
9893
9898
9899
9903
9914
9918
9924
9925
9927
9928
9929
9930
9933
9936
9938
9941
9944
9945
9948
9949
9950
9951
9952
9953
9954
9955
9956
9961
9963
9964
9966
9970
9972
9973
9976
9978
9980
9984
9986
9990
9993
9996
9998
9999
Case #2: 
0
1
3
5
14
16
17
20
22
24
28
30
32
33
36
39
42
45
46
47
49
50
51
52
53
54
56
61
62
65
68
70
71
73
77
78
82
83
86
87
90
91
92
94
97
100
101
103
104
106
110
117
118
120
123
125
126
131
133
135
136
137
140
141
143
144
146
147
148
151
152
156
157
159
160
161
163
168
170
172
176
177
183
184
186
188
189
191
192
195
196
197
200
201
202
205
206
209
213
214
215
216
218
221
222
223
227
228
230
234
236
237
238
244
246
249
250
258
259
261
263
264
265
271
277
281
292
294
295
297
300
301
303
308
311
332
333
335
336
340
341
346
348
349
353
356
363
365
367
368
372
374
375
376
381
385
387
389
390
391
392
396
397
400
402
404
408
411
412
413
414
415
416
417
418
426
427
428
429
432
433
434
435
436
437
438
440
441
442
446
447
452
455
457
458
461
463
465
466
467
471
472
473
474
475
477
478
480
481
485
487
489
490
491
496
497
498
500
502
504
505
507
509
510
511
519
520
523
526
527
530
531
533
540
541
542
543
545
547
554
560
561
571
572
575
576
579
582
583
585
586
587
588
589
590
592
593
594
595
596
597
599
600
606
610
612
615
616
617
619
620
624
625
626
629
633
636
640
641
645
647
655
656
657
659
661
662
666
667
669
670
671
672
675
682
683
684
685
689
690
693
694
696
699
700
702
706
707
708
712
719
720
721
725
728
730
734
741
743
744
746
747
749
751
752
755
757
758
760
771
778
779
780
792
794
795
796
797
798
800
804
805
806
808
810
811
813
814
815
816
818
823
824
831
833
834
835
836
838
840
842
843
845
849
851
852
857
860
861
862
863
867
868
869
872
873
879
880
887
888
889
890
894
897
899
902
905
906
908
909
910
912
913
914
916
917
918
919
922
925
931
932
933
939
940
941
943
946
950
951
954
956
960
962
965
966
968
969
971
972
975
976
977
978
979
980
983
986
989
993
997
1000
1005
1006
1009
1010
1011
1013
1016
1017
1018
1020
1021
1023
1024
1029
1031
1034
1036
1040
1041
1042
1043
1046
1048
1054
1055
1058
1061
1064
1067
1068
1070
1072
1077
1080
1083
1089
1090
1092
1097
1100
1103
1104
1108
1109
1110
1111
1112
1115
1118
1122
1123
1125
1129
1134
1140
1141
1144
1146
1147
1152
1153
1162
1167
1172
1174
1179
1182
1184
1185
1186
1189
1190
1192
1194
1197
1200
1201
1203
1212
1213
1220
1221
1224
1225
1227
1228
1229
1230
1232
1234
1235
1237
1238
1241
1242
1243
1245
1246
1251
1252
1255
1256
1262
1267
1270
1274
1276
1282
1285
1286
1289
1292
1293
1294
1297
1298
1304
1306
1308
1313
1315
1316
1317
1318
1319
1321
1322
1324
1327
1328
1329
1330
1332
1333
1334
1338
1339
1341
1342
1343
1344
1345
1347
1351
1354
1355
1357
1361
1363
1365
1368
1369
1373
1377
1378
1379
1381
1384
1385
1396
1398
1400
1401
1405
1406
1410
1413
1414
1415
1416
1417
1418
1419
1420
1421
1423
1424
1429
1430
1431
1433
1436
1439
1441
1447
1449
1450
1451
1452
1453
1456
1458
1459
1464
1471
1472
1474
1476
1477
1478
1479
1480
1484
1485
1489
1490
1492
1493
1495
1497
1498
1500
1501
1502
1503
1504
1506
1510
1511
1512
1514
1515
1516
1518
1520
1523
1525
1529
1531
1532
1536
1537
1538
1539
1542
1543
1546
1552
1554
1555
1556
1557
1558
1559
1561
1562
1564
1565
1568
1571
1572
1573
1577
1583
1585
1589
1590
1599
1600
1604
1608
1610
1611
1613
1615
1616
1618
1620
1627
1631
1632
1638
1639
1640
1642
1643
1644
1645
1647
1649
1651
1654
1655
1657
1663
1666
1668
1669
1672
1675
1680
1682
1683
1685
1690
1694
1697
1699
1705
1709
1715
1716
1717
1718
1719
1720
1721
1723
1725
1727
1730
1735
1736
1738
1740
1742
1746
1747
1748
1755
1761
1762
1763
1765
1767
1768
1771
1772
1774
1775
1777
1779
1781
1784
1786
1787
1789
1792
1793
1794
1795
1797
1799
1800
1804
1808
1810
1811
1812
1813
1814
1815
1816
1818
1819
1820
1822
1824
1825
1826
1827
1830
1831
1833
1836
1842
1844
1846
1849
1850
1853
1855
1858
1864
1870
1873
1876
1877
1880
1883
1884
1887
1889
1890
1892
1893
1894
1895
1896
1899
1900
1911
1915
1919
1922
1923
1924
1927
1931
1934
1936
1939
1947
1953
1958
1960
1961
1963
1965
1966
1967
1974
1975
1977
1980
1982
1984
1985
1989
1993
1994
1997
2000
2001
2002
2004
2007
2013
2018
2019
2020
2025
2031
2032
2033
2034
2035
2036
2037
2042
2044
2045
2047
2051
2052
2053
2054
2055
2058
2061
2063
2064
2065
2068
2070
2071
2072
2075
2076
2079
2081
2083
2089
2095
2099
2100
2103
2104
2105
2111
2113
2116
2118
2121
2126
2130
2133
2134
2135
2137
2142
2144
2153
2155
2156
2157
2158
2160
2162
2163
2164
2166
2172
2181
2186
2187
2188
2189
2192
2193
2196
2197
2198
2199
2202
2209
2219
2220
2222
2226
2228
2231
2232
2233
2236
2237
2239
2242
2243
2246
2249
2250
2251
2252
2257
2260
2261
2262
2263
2265
2266
2269
2272
2275
2278
2280
2282
2286
2287
2288
2292
2296
2297
2299
2301
2304
2309
2310
2311
2312
2314
2315
2316
2318
2321
2322
2323
2326
2327
2330
2332
2333
2334
2335
2337
2342
2346
2347
2348
2351
2353
2354
2356
2358
2359
2363
2365
2368
2369
2371
2372
2373
2375
2377
2378
2380
2381
2383
2385
2386
2387
2388
2390
2391
2392
2397
2398
2399
2408
2409
2420
2421
2424
2425
2426
2433
2439
2440
2441
2449
2451
2453
2454
2455
2457
2460
2461
2463
2465
2468
2469
2476
2477
2478
2481
2482
2486
2487
2491
2492
2493
2497
2499
2507
2511
2512
2513
2518
2525
2526
2527
2528
2529
2532
2534
2536
2537
2538
2539
2540
2541
2543
2545
2546
2547
2548
2552
2553
2555
2560
2561
2562
2564
2570
2571
2573
2577
2578
2580
2581
2585
2591
2592
2598
2600
2601
2606
2614
2618
2621
2623
2626
2631
2635
2639
2641
2646
2647
2648
2650
2651
2653
2655
2656
2660
2674
2681
2682
2683
2690
2702
2710
2712
2714
2716
2717
2719
2721
2723
2727
2731
2733
2734
2735
2739
2740
2741
2742
2744
2755
2758
2759
2764
2765
2766
2769
2774
2785
2788
2789
2790
2791
2792
2793
2794
2795
2796
2797
2799
2805
2806
2807
2809
2810
2812
2815
2816
2822
2823
2825
2828
2830
2833
2834
2835
2843
2846
2847
2848
2849
2851
2853
2855
2857
2858
2860
2862
2864
2868
2871
2877
2879
2883
2884
2885
2899
2906
2912
2914
2915
2916
2919
2922
2925
2929
2938
2940
2941
2942
2943
2944
2947
2949
2953
2954
2955
2957
2959
2962
2966
2968
2971
2972
2976
2978
2980
2983
2984
2986
2990
2994
2998
2999
3003
3006
3011
3012
3014
3016
3020
3023
3025
3028
3030
3031
3036
3037
3039
3042
3043
3047
3050
3051
3053
3054
3055
3057
3058
3059
3061
3063
3066
3068
3069
3073
3074
3076
3079
3081
3082
3086
3088
3089
3091
3093
3096
3097
3098
3104
3106
3107
3108
3109
3111
3113
3116
3121
3126
3127
3131
3137
3138
3140
3142
3143
3144
3147
3148
3150
3151
3153
3160
3162
3165
3167
3171
3175
3177
3179
3180
3183
3184
3185
3187
3188
3196
3198
3204
3216
3221
3232
3238
3241
3244
3246
3247
3251
3252
3255
3260
3261
3262
3264
3265
3268
3269
3270
3271
3277
3279
3283
3291
3292
3293
3294
3295
3297
3298
3299
3304
3305
3306
3307
3320
3322
3324
3326
3327
3328
3329
3331
3332
3333
3334
3342
3344
3345
3347
3348
3349
3350
3352
3354
3355
3359
3360
3361
3363
3365
3366
3368
3369
3373
3375
3381
3383
3384
3385
3387
3389
3391
3396
3400
3403
3405
3412
3413
3414
3418
3420
3421
3423
3429
3430
3432
3433
3434
3435
3444
3451
3452
3455
3456
3457
3458
3459
3462
3463
3465
3466
3468
3469
3470
3471
3472
3474
3475
3479
3481
3483
3487
3488
3491
3494
3496
3498
3500
3504
3506
3508
3511
3513
3516
3517
3519
3520
3521
3523
3528
3532
3534
3535
3536
3538
3540
3542
3543
3544
3545
3546
3550
3551
3552
3554
3556
3557
3558
3559
3566
3567
3568
3569
3570
3572
3574
3576
3582
3583
3587
3588
3591
3598
3599
3600
3602
3607
3610
3613
3616
3619
3625
3628
3629
3635
3636
3639
3642
3643
3644
3645
3646
3647
3649
3654
3656
3657
3658
3660
3669
3670
3671
3672
3677
3680
3682
3683
3686
3689
3692
3693
3694
3695
3696
3698
3701
3702
3703
3705
3710
3711
3715
3718
3720
3721
3725
3733
3734
3735
3737
3741
3743
3744
3747
3749
3751
3754
3755
3756
3758
3759
3760
3761
3762
3765
3768
3771
3772
3776
3778
3779
3781
3782
3786
3787
3788
3790
3795
3796
3798
3801
3806
3808
3813
3817
3819
3820
3822
3825
3826
3830
3833
3837
3838
3841
3844
3845
3847
3848
3849
3855
3858
3860
3862
3863
3864
3866
3867
3870
3878
3879
3881
3882
3886
3887
3890
3892
3894
3896
3898
3904
3905
3909
3912
3914
3915
3919
3922
3936
3939
3940
3947
3951
3955
3958
3959
3961
3962
3963
3964
3965
3966
3967
3968
3971
3974
3977
3978
3979
3986
3990
3992
3993
3994
3995
4002
4024
4025
4026
4027
4029
4030
4032
4035
4036
4039
4040
4042
4044
4045
4047
4048
4049
4052
4057
4058
4061
4063
4064
4069
4070
4071
4072
4074
4079
4082
4085
4089
4094
4099
4100
4105
4106
4109
4112
4113
4115
4116
4119
4124
4125
4127
4128
4129
4132
4134
4135
4140
4141
4146
4151
4154
4155
4156
4159
4160
4161
4162
4164
4166
4167
4169
4170
4171
4172
4173
4175
4176
4177
4178
4181
4182
4184
4185
4187
4188
4192
4193
4197
4200
4205
4213
4217
4218
4219
4220
4221
4222
4225
4228
4230
4233
4235
4239
4240
4241
4242
4243
4245
4246
4247
4251
4252
4254
4261
4265
4266
4268
4272
4274
4276
4277
4278
4280
4281
4282
4283
4284
4285
4286
4287
4288
4289
4290
4291
4292
4294
4295
4296
4305
4312
4313
4314
4315
4319
4320
4321
4322
4328
4331
4335
4337
4338
4340
4341
4343
4344
4345
4346
4347
4348
4349
4350
4351
4352
4357
4358
4361
4362
4363
4365
4372
4381
4382
4384
4387
4389
4390
4394
4397
4399
4400
4401
4403
4406
4409
4411
4413
4414
4415
4418
4425
4429
4434
4438
4439
4442
4444
4447
4448
4449
4450
4451
4452
4453
4454
4458
4461
4464
4465
4466
4470
4472
4478
4479
4480
4483
4484
4486
4487
4492
4494
4495
4503
4508
4513
4515
4516
4518
4520
4521
4523
4525
4527
4530
4533
4537
4541
4542
4545
4549
4551
4555
4559
4560
4562
4563
4568
4569
4570
4575
4576
4578
4579
4580
4581
4582
4583
4584
4587
4589
4590
4599
4600
4601
4604
4607
4611
4612
4613
4616
4617
4619
4621
4625
4627
4628
4632
4635
4636
4637
4639
4640
4642
4646
4651
4655
4656
4662
4665
4666
4667
4668
4669
4670
4672
4674
4675
4676
4680
4682
4683
4684
4690
4691
4694
4696
4700
4701
4702
4704
4711
4712
4713
4721
4727
4730
4731
4732
4738
4741
4742
4743
4744
4747
4748
4750
4751
4752
4753
4754
4755
4756
4761
4762
4765
4768
4770
4772
4774
4777
4778
4779
4780
4782
4784
4786
4787
4789
4790
4792
4794
4795
4797
4798
4799
4800
4804
4807
4809
4811
4813
4814
4815
4817
4823
4827
4830
4831
4834
4835
4836
4837
4843
4848
4851
4852
4854
4855
4856
4857
4860
4861
4865
4866
4870
4872
4873
4875
4881
4884
4885
4886
4889
4890
4892
4897
4900
4918
4920
4929
4930
4931
4933
4936
4939
4943
4949
4950
4951
4952
4953
4955
4960
4962
4965
4968
4969
4970
4975
4976
4978
4979
4985
4988
4991
4994
4996
5000
5001
5007
5010
5013
5022
5030
5033
5034
5035
5042
5044
5046
5049
5050
5056
5057
5058
5060
5065
5066
5068
5071
5072
5079
5081
5082
5084
5089
5091
5096
5097
5099
5100
5108
5110
5112
5116
5117
5119
5127
5131
5132
5133
5135
5136
5139
5141
5142
5143
5145
5146
5147
5149
5151
5152
5155
5156
5161
5163
5165
5166
5167
5168
5169
5171
5173
5176
5178
5179
5181
5183
5187
5192
5195
5196
5197
5198
5201
5202
5204
5206
5214
5217
5227
5228
5230
5232
5233
5237
5239
5240
5242
5243
5245
5246
5252
5255
5256
5257
5260
5266
5268
5273
5275
5277
5278
5279
5281
5283
5285
5290
5291
5296
5297
5298
5302
5316
5318
5320
5321
5323
5325
5326
5329
5331
5333
5340
5341
5344
5347
5351
5353
5355
5358
5362
5363
5364
5368
5370
5372
5377
5378
5380
5382
5384
5385
5387
5389
5390
5392
5393
5396
5401
5405
5409
5412
5413
5421
5423
5433
5435
5440
5441
5448
5454
5458
5463
5465
5467
5468
5472
5477
5479
5491
5492
5498
5501
5502
5504
5505
5508
5509
5510
5511
5527
5528
5529
5533
5534
5536
5537
5538
5541
5542
5544
5545
5546
5547
5555
5560
5563
5565
5566
5568
5570
5571
5572
5585
5586
5591
5597
5598
5599
5602
5603
5605
5608
5610
5613
5617
5620
5621
5625
5628
5631
5633
5635
5641
5644
5647
5648
5650
5656
5659
5660
5663
5666
5668
5669
5671
5672
5676
5680
5681
5683
5684
5685
5686
5687
5691
5696
5697
5700
5704
5705
5709
5713
5718
5722
5728
5729
5730
5733
5740
5741
5745
5748
5749
5752
5757
5758
5760
5761
5769
5770
5771
5772
5774
5779
5780
5782
5787
5790
5791
5792
5794
5795
5796
5798
5799
5800
5804
5807
5810
5814
5817
5818
5819
5820
5830
5835
5839
5843
5847
5852
5853
5855
5858
5860
5861
5864
5865
5866
5867
5868
5872
5874
5875
5880
5881
5883
5889
5895
5897
5900
5901
5903
5904
5909
5910
5913
5922
5934
5936
5940
5945
5947
5954
5959
5962
5965
5967
5968
5970
5975
5980
5981
5982
5983
5986
5989
5990
5992
5995
6004
6005
6007
6011
6012
6015
6018
6019
6020
6023
6024
6028
6029
6030
6031
6032
6033
6034
6036
6038
6039
6041
6044
6046
6049
6050
6052
6053
6056
6057
6058
6060
6062
6063
6064
6066
6068
6069
6070
6071
6073
6074
6075
6077
6078
6083
6084
6085
6087
6088
6089
6090
6091
6092
6093
6094
6096
6098
6100
6103
6105
6106
6112
6113
6118
6119
6120
6121
6122
6127
6134
6136
6140
6144
6151
6160
6161
6162
6166
6168
6169
6175
6176
6178
6179
6181
6182
6183
6184
6189
6190
6194
6197
6199
6205
6209
6220
6221
6222
6223
6227
6228
6229
6230
6232
6238
6250
6252
6256
6260
6261
6262
6264
6265
6268
6269
6271
6272
6275
6278
6279
6281
6284
6285
6289
6290
6291
6295
6302
6306
6314
6318
6320
6322
6323
6325
6328
6336
6337
6339
6343
6350
6354
6358
6363
6364
6373
6374
6375
6376
6379
6381
6382
6392
6394
6395
6397
6405
6406
6408
6411
6412
6413
6415
6417
6418
6420
6425
6426
6431
6435
6436
6437
6439
6440
6444
6446
6448
6459
6464
6466
6470
6472
6473
6474
6475
6478
6479
6481
6484
6485
6486
6488
6490
6491
6493
6494
6496
6497
6499
6501
6504
6505
6506
6508
6511
6512
6516
6517
6519
6521
6526
6527
6528
6530
6531
6532
6533
6534
6536
6541
6543
6546
6547
6548
6549
6551
6553
6556
6557
6561
6562
6563
6565
6566
6568
6574
6577
6578
6579
6583
6584
6586
6588
6589
6593
6594
6595
6597
6600
6606
6609
6610
6617
6623
6625
6629
6634
6636
6637
6642
6643
6646
6649
6651
6652
6657
6666
6668
6671
6673
6677
6678
6681
6683
6686
6691
6693
6694
6695
6697
6698
6712
6714
6715
6721
6728
6736
6739
6751
6758
6760
6767
6769
6771
6773
6783
6785
6786
6787
6790
6791
6795
6800
6802
6803
6804
6808
6811
6813
6814
6815
6825
6828
6830
6835
6838
6839
6841
6842
6855
6856
6858
6862
6865
6867
6868
6869
6870
6875
6878
6880
6881
6883
6887
6888
6891
6893
6895
6898
6899
6902
6914
6918
6919
6922
6930
6933
6934
6936
6942
6943
6946
6951
6960
6962
6963
6965
6968
6969
6971
6973
6975
6980
6981
6987
6992
6994
6996
6997
6998
7001
7009
7010
7013
7014
7018
7020
7027
7030
7036
7037
7038
7041
7042
7047
7051
7054
7060
7067
7068
7070
7071
7073
7075
7076
7077
7079
7080
7083
7084
7090
7093
7102
7103
7104
7108
7109
7110
7112
7116
7119
7121
7123
7125
7129
7130
7132
7140
7148
7150
7152
7155
7158
7163
7167
7168
7170
7171
7179
7181
7182
7183
7186
7188
7191
7195
7196
7198
7200
7203
7204
7208
7209
7211
7214
7219
7225
7228
7229
7232
7239
7240
7242
7249
7256
7260
7262
7264
7265
7271
7272
7275
7278
7280
7281
7286
7287
7289
7294
7295
7299
7304
7309
7313
7315
7325
7333
7347
7351
7355
7360
7361
7366
7368
7373
7376
7377
7379
7381
7384
7388
7390
7395
7399
7407
7433
7434
7435
7440
7445
7460
7464
7465
7466
7474
7480
7481
7482
7484
7485
7486
7487
7488
7489
7493
7496
7497
7499
7500
7501
7515
7516
7517
7520
7521
7523
7525
7531
7533
7534
7538
7539
7541
7544
7545
7546
7548
7549
7552
7561
7563
7565
7566
7568
7575
7576
7580
7584
7585
7587
7592
7595
7596
7597
7601
7609
7618
7620
7622
7624
7625
7628
7629
7630
7636
7639
7641
7642
7646
7656
7660
7663
7666
7667
7668
7670
7671
7676
7678
7679
7680
7686
7687
7688
7694
7697
7699
7701
7704
7705
7708
7709
7710
7713
7714
7715
7716
7728
7732
7737
7738
7739
7747
7748
7752
7754
7756
7758
7768
7776
7777
7782
7789
7792
7794
7796
7800
7802
7805
7808
7812
7814
7817
7820
7824
7831
7833
7835
7838
7839
7840
7841
7842
7844
7848
7853
7861
7863
7865
7869
7876
7878
7879
7880
7882
7884
7886
7890
7891
7892
7895
7896
7899
7900
7903
7905
7906
7909
7910
7911
7914
7915
7916
7921
7923
7924
7926
7931
7933
7934
7935
7938
7939
7945
7946
7947
7949
7950
7952
7953
7957
7958
7963
7964
7965
7968
7969
7971
7972
7973
7978
7979
7982
7983
7984
7985
7987
7989
7992
7994
7996
7997
8004
8005
8011
8015
8018
8021
8022
8023
8042
8043
8049
8050
8055
8058
8065
8070
8071
8072
8075
8078
8079
8080
8082
8085
8087
8088
8089
8091
8096
8099
8100
8101
8108
8111
8112
8113
8114
8115
8117
8120
8122
8125
8129
8130
8131
8134
8138
8139
8143
8144
8146
8148
8149
8152
8153
8156
8157
8159
8161
8163
8164
8165
8166
8168
8170
8171
8172
8174
8179
8181
8183
8185
8186
8187
8189
8191
8196
8197
8201
8202
8204
8206
8207
8210
8213
8214
8218
8221
8222
8224
8226
8232
8237
8240
8241
8242
8251
8256
8260
8262
8265
8266
8268
8277
8280
8282
8286
8289
8291
8292
8297
8298
8301
8302
8304
8305
8315
8317
8318
8321
8323
8324
8325
8330
8332
8341
8344
8348
8350
8358
8362
8363
8365
8366
8367
8370
8372
8376
8379
8382
8383
8386
8390
8394
8395
8396
8397
8399
8405
8407
8408
8411
8412
8413
8415
8416
8417
8421
8426
8428
8435
8436
8440
8444
8446
8447
8449
8450
8451
8453
8456
8457
8460
8469
8472
8474
8475
8481
8484
8485
8491
8493
8497
8503
8505
8510
8512
8513
8514
8519
8523
8525
8527
8530
8534
8535
8536
8541
8548
8556
8558
8562
8570
8571
8574
8577
8580
8583
8585
8586
8587
8594
8595
8596
8598
8600
8606
8608
8616
8617
8618
8620
8621
8622
8627
8628
8630
8631
8638
8639
8642
8644
8645
8651
8658
8661
8664
8665
8666
8668
8671
8674
8675
8678
8681
8682
8684
8685
8686
8688
8690
8692
8694
8699
8700
8702
8703
8704
8712
8714
8716
8717
8721
8722
8726
8729
8730
8732
8734
8736
8738
8739
8742
8743
8744
8750
8751
8755
8757
8758
8761
8762
8773
8775
8776
8779
8781
8782
8783
8785
8787
8790
8792
8795
8797
8798
8799
8800
8801
8806
8809
8810
8820
8822
8828
8830
8834
8840
8842
8845
8847
8849
8860
8862
8868
8876
8878
8879
8882
8886
8888
8890
8892
8895
8897
8901
8908
8909
8912
8915
8918
8919
8923
8927
8928
8936
8940
8943
8945
8947
8948
8951
8955
8957
8963
8969
8971
8977
8978
8979
8980
8983
8988
8989
8990
8991
8992
8993
8996
8999
9000
9003
9004
9005
9007
9009
9011
9012
9013
9018
9020
9022
9024
9025
9042
9043
9044
9046
9048
9050
9054
9057
9059
9065
9066
9068
9069
9070
9071
9078
9081
9083
9085
9086
9087
9090
9092
9093
9094
9095
9097
9098
9104
9107
9109
9110
9113
9114
9118
9132
9138
9139
9142
9156
9157
9161
9162
9163
9164
9165
9166
9172
9173
9177
9180
9183
9184
9189
9190
9191
9194
9201
9203
9208
9215
9218
9220
9221
9223
9224
9225
9227
9228
9232
9233
9234
9235
9239
9240
9250
9251
9252
9253
9256
9260
9268
9277
9281
9282
9291
9292
9293
9295
9304
9308
9318
9319
9321
9327
9333
9334
9336
9337
9340
9341
9343
9354
9356
9360
9366
9368
9371
9375
9383
9384
9390
9391
9392
9393
9394
9399
9403
9404
9408
9412
9413
9414
9416
9418
9419
9421
9422
9423
9426
9427
9434
9435
9436
9437
9440
9441
9446
9447
9450
9451
9452
9455
9457
9458
9461
9465
9467
9470
9472
9475
9477
9478
9482
9483
9486
9488
9491
9492
9494
9495
9496
9499
9502
9509
9511
9514
9515
9518
9519
9528
9529
9531
9532
9533
9535
9536
9538
9539
9551
9555
9556
9560
9562
9563
9564
9565
9567
9579
9580
9581
9583
9587
9595
9596
9597
9598
9599
9601
9603
9604
9606
9607
9608
9614
9617
9622
9628
9630
9634
9636
9638
9640
9657
9660
9662
9669
9671
9681
9688
9695
9696
9697
9699
9701
9708
9710
9711
9712
9719
9721
9723
9726
9727
9728
9729
9732
9735
9741
9744
9745
9747
9748
9751
9752
9758
9760
9770
9773
9777
9778
9780
9781
9782
9797
9807
9816
9821
9824
9829
9831
9833
9835
9836
9839
9841
9848
9855
9857
9858
9863
9865
9868
9879
9881
9882
9886
9888
9889
9892
9894
9897
9898
9900
9908
9909
9910
9911
9913
9914
9915
9916
9917
9918
9921
9923
9925
9926
9931
9932
9934
9935
9938
9940
9941
9945
9946
9947
9950
9952
9955
9956
9957
9958
9960
9962
9963
9965
9967
9968
9972
9975
9976
9980
9981
9984
9986
9987
9989
9992
9994
9995
9996
9998
9999
Case #3: 
0
1
3
5
6
8
10
11
23
25
26
27
30
31
40
42
45
52
57
58
64
67
70
76
78
79
81
84
87
94
97
99
101
102
104
106
107
108
111
112
114
122
126
129
130
132
134
136
138
143
145
147
148
150
151
154
156
160
165
166
168
171
174
175
176
177
180
181
182
183
186
187
189
192
193
197
202
204
205
206
210
211
217
218
222
228
230
231
233
235
240
242
243
244
246
256
261
263
271
272
273
275
278
281
282
284
286
289
292
294
295
302
303
306
310
314
316
318
319
321
323
324
325
328
332
333
335
336
337
338
339
340
350
352
354
356
357
358
361
363
364
368
369
371
376
377
379
380
382
384
389
390
392
393
394
397
399
404
405
406
409
410
411
412
413
414
415
416
417
418
422
426
428
430
435
436
437
438
439
440
444
445
446
447
449
452
457
458
460
461
466
470
471
473
474
477
478
481
483
484
486
491
492
494
502
503
505
506
512
513
514
516
518
519
520
524
526
527
528
529
532
535
537
543
544
547
551
553
557
559
565
569
570
572
575
576
577
585
586
589
593
599
601
602
604
606
608
609
611
612
614
615
616
618
623
625
626
628
630
631
632
634
638
639
640
641
645
647
648
650
651
656
658
663
664
669
670
673
676
677
678
680
682
687
689
692
696
697
699
701
702
705
706
707
711
713
714
716
717
718
719
721
722
723
724
725
727
731
732
733
735
736
737
738
740
741
743
746
748
750
753
755
761
762
763
765
766
767
771
772
778
779
781
788
791
792
794
795
796
798
802
803
808
810
811
812
813
814
815
816
817
818
820
821
824
825
826
827
828
830
831
841
842
843
845
849
851
852
854
856
858
860
862
864
865
870
873
881
882
883
884
886
887
889
890
891
892
893
894
897
901
903
905
908
909
911
912
913
915
916
920
926
927
928
929
930
931
936
938
939
940
945
947
948
950
955
957
962
969
970
972
973
975
977
979
981
984
986
990
994
997
999
1004
1007
1009
1010
1014
1024
1025
1026
1029
1030
1032
1042
1047
1051
1052
1053
1054
1061
1062
1064
1065
1066
1068
1070
1071
1072
1081
1082
1083
1087
1088
1091
1097
1099
1103
1106
1111
1112
1117
1118
1119
1120
1124
1126
1127
1132
1134
1135
1141
1144
1145
1147
1151
1155
1156
1157
1160
1167
1170
1171
1172
1179
1181
1187
1189
1190
1191
1192
1194
1197
1198
1200
1204
1206
1207
1212
1213
1216
1217
1218
1219
1221
1223
1224
1226
1227
1228
1230
1233
1234
1241
1245
1247
1251
1252
1257
1258
1259
1260
1262
1263
1267
1270
1271
1276
1279
1285
1286
1290
1294
1296
1301
1302
1304
1313
1314
1316
1318
1321
1323
1325
1326
1328
1329
1330
1332
1334
1336
1338
1339
1341
1344
1345
1347
1350
1352
1353
1354
1355
1357
1367
1370
1371
1373
1375
1377
1380
1381
1382
1386
1388
1393
1394
1396
1397
1401
1402
1410
1414
1418
1420
1423
1425
1427
1428
1431
1432
1435
1436
1438
1439
1442
1445
1447
1450
1452
1453
1454
1455
1457
1459
1460
1462
1464
1465
1466
1468
1469
1471
1472
1473
1477
1478
1480
1484
1486
1487
1488
1491
1494
1495
1496
1497
1498
1501
1502
1506
1515
1516
1519
1525
1526
1537
1547
1548
1549
1551
1552
1556
1561
1576
1580
1586
1589
1591
1594
1601
1605
1607
1612
1613
1615
1616
1617
1618
1620
1621
1623
1625
1626
1627
1628
1629
1640
1644
1647
1648
1649
1653
1657
1658
1661
1663
1667
1669
1672
1673
1675
1676
1677
1679
1682
1683
1685
1686
1688
1691
1695
1700
1704
1708
1712
1713
1717
1718
1719
1720
1722
1725
1726
1727
1728
1729
1731
1733
1735
1741
1742
1743
1747
1753
1756
1757
1761
1762
1764
1765
1770
1772
1774
1778
1779
1781
1782
1785
1795
1796
1798
1799
1801
1802
1804
1816
1817
1818
1819
1820
1822
1825
1832
1833
1840
1842
1846
1849
1852
1854
1855
1863
1866
1868
1870
1874
1876
1878
1880
1881
1884
1886
1887
1890
1891
1895
1901
1903
1908
1912
1914
1919
1921
1923
1924
1925
1926
1928
1929
1930
1931
1934
1936
1937
1938
1945
1946
1949
1953
1957
1961
1962
1966
1967
1970
1971
1973
1975
1976
1977
1978
1979
1981
1982
1985
1987
1989
1990
1997
1998
1999
2007
2008
2009
2011
2013
2016
2019
2020
2021
2024
2030
2038
2040
2041
2042
2043
2044
2045
2050
2051
2052
2053
2054
2055
2058
2061
2064
2066
2067
2070
2071
2073
2075
2077
2078
2083
2085
2088
2091
2092
2098
2099
2101
2103
2108
2113
2120
2121
2122
2129
2130
2134
2142
2146
2148
2149
2150
2160
2161
2164
2167
2169
2170
2172
2173
2176
2177
2186
2187
2189
2191
2192
2193
2194
2196
2198
2201
2203
2207
2211
2212
2213
2214
2222
2227
2229
2230
2231
2233
2238
2239
2240
2244
2245
2248
2251
2252
2253
2256
2258
2266
2270
2271
2273
2275
2277
2278
2279
2284
2285
2286
2287
2289
2294
2295
2296
2298
2306
2307
2313
2314
2316
2317
2323
2328
2329
2331
2332
2336
2337
2338
2339
2345
2349
2352
2359
2362
2363
2365
2367
2369
2370
2373
2375
2377
2378
2379
2385
2387
2393
2394
2395
2399
2400
2401
2406
2407
2411
2412
2414
2417
2418
2419
2420
2424
2427
2429
2431
2435
2437
2442
2444
2446
2448
2450
2455
2456
2460
2461
2465
2469
2473
2477
2478
2484
2486
2489
2493
2497
2502
2503
2505
2506
2508
2514
2520
2525
2526
2528
2531
2532
2539
2543
2545
2548
2549
2550
2551
2553
2554
2559
2560
2562
2564
2565
2568
2569
2572
2574
2576
2579
2581
2583
2585
2586
2587
2588
2592
2593
2594
2596
2597
2607
2608
2611
2615
2616
2619
2623
2626
2627
2630
2639
2640
2643
2644
2645
2648
2650
2651
2653
2654
2656
2657
2658
2659
2660
2667
2668
2672
2674
2676
2677
2680
2683
2684
2685
2689
2691
2694
2695
2699
2704
2708
2720
2722
2724
2725
2726
2727
2728
2730
2731
2733
2734
2735
2736
2739
2741
2742
2745
2748
2749
2751
2753
2754
2759
2762
2770
2771
2772
2775
2777
2781
2784
2785
2790
2794
2801
2802
2805
2806
2809
2816
2817
2819
2820
2823
2825
2828
2836
2837
2839
2841
2842
2844
2847
2849
2852
2854
2855
2857
2858
2859
2862
2868
2871
2872
2873
2875
2877
2879
2882
2884
2886
2887
2889
2892
2895
2896
2903
2904
2908
2912
2913
2917
2918
2921
2923
2924
2927
2929
2930
2933
2934
2935
2938
2939
2941
2942
2943
2944
2945
2946
2947
2948
2950
2953
2954
2955
2956
2957
2959
2962
2964
2967
2969
2970
2971
2975
2979
2981
2985
2987
2991
2993
2994
2997
2998
3002
3003
3004
3007
3009
3019
3020
3021
3028
3029
3030
3031
3035
3037
3042
3048
3050
3052
3053
3055
3056
3061
3062
3064
3066
3068
3069
3071
3072
3073
3074
3075
3076
3080
3081
3082
3084
3085
3086
3096
3097
3102
3103
3107
3111
3114
3121
3128
3131
3132
3135
3136
3137
3139
3140
3144
3145
3148
3149
3151
3153
3155
3156
3158
3159
3160
3161
3164
3166
3170
3171
3175
3177
3178
3180
3182
3183
3184
3185
3189
3190
3191
3192
3194
3196
3198
3203
3205
3206
3208
3214
3215
3216
3219
3220
3221
3224
3225
3226
3228
3230
3231
3232
3236
3237
3238
3241
3244
3247
3251
3252
3253
3255
3257
3258
3260
3261
3262
3263
3264
3265
3268
3269
3270
3271
3273
3274
3276
3277
3278
3279
3280
3281
3282
3285
3287
3289
3290
3291
3295
3296
3302
3317
3324
3328
3330
3331
3333
3337
3341
3347
3350
3353
3354
3355
3361
3364
3367
3368
3370
3371
3372
3374
3375
3377
3378
3383
3384
3392
3396
3401
3402
3406
3408
3414
3417
3425
3432
3434
3436
3438
3439
3441
3443
3446
3448
3449
3450
3451
3452
3457
3463
3466
3470
3471
3477
3481
3482
3484
3486
3489
3492
3494
3496
3499
3503
3507
3508
3510
3511
3517
3527
3528
3530
3533
3535
3538
3540
3542
3544
3546
3548
3550
3554
3555
3559
3561
3562
3564
3567
3572
3573
3576
3577
3581
3582
3584
3587
3591
3596
3597
3598
3599
3602
3604
3608
3619
3623
3624
3626
3629
3631
3632
3636
3640
3641
3644
3649
3650
3651
3655
3656
3659
3660
3662
3665
3667
3669
3672
3674
3676
3679
3680
3683
3685
3688
3698
3699
3703
3704
3716
3729
3730
3734
3737
3739
3741
3742
3743
3744
3745
3746
3759
3761
3762
3767
3771
3773
3775
3776
3780
3782
3783
3785
3787
3788
3794
3798
3801
3804
3808
3813
3820
3823
3824
3826
3830
3832
3834
3838
3839
3840
3843
3844
3846
3847
3850
3852
3854
3855
3858
3863
3865
3870
3871
3873
3874
3875
3876
3878
3883
3888
3891
3892
3893
3894
3895
3897
3898
3899
3904
3906
3908
3912
3914
3915
3916
3919
3920
3924
3925
3929
3930
3937
3939
3945
3947
3952
3953
3959
3962
3964
3965
3966
3974
3976
3978
3983
3987
3991
3993
3994
3995
3998
4002
4007
4014
4020
4027
4028
4029
4032
4033
4035
4040
4047
4048
4052
4056
4058
4059
4063
4067
4071
4076
4078
4080
4082
4090
4095
4100
4106
4107
4109
4111
4112
4113
4115
4119
4125
4126
4129
4131
4133
4136
4138
4141
4142
4146
4149
4152
4153
4160
4163
4164
4166
4167
4169
4170
4171
4174
4175
4178
4180
4181
4183
4186
4189
4190
4193
4194
4196
4197
4198
4204
4205
4206
4208
4210
4211
4213
4216
4217
4221
4225
4227
4229
4232
4238
4239
4242
4244
4247
4249
4250
4253
4255
4257
4259
4262
4264
4267
4268
4277
4278
4279
4284
4287
4288
4295
4299
4314
4316
4317
4330
4333
4336
4337
4343
4345
4348
4349
4351
4355
4357
4360
4361
4362
4368
4369
4370
4375
4376
4377
4384
4386
4389
4392
4393
4395
4396
4399
4401
4408
4411
4428
4430
4432
4433
4435
4436
4437
4438
4444
4447
4449
4454
4459
4461
4470
4471
4473
4475
4476
4480
4481
4483
4490
4493
4494
4500
4501
4505
4508
4512
4514
4525
4532
4537
4539
4545
4546
4551
4552
4554
4555
4557
4558
4560
4566
4569
4570
4577
4582
4584
4586
4595
4596
4598
4599
4618
4620
4621
4628
4629
4638
4646
4647
4649
4651
4653
4655
4660
4661
4664
4672
4678
4680
4681
4691
4692
4693
4694
4696
4697
4698
4705
4708
4709
4714
4725
4729
4732
4733
4734
4735
4738
4739
4740
4747
4749
4750
4755
4758
4763
4765
4766
4767
4774
4775
4776
4777
4779
4781
4782
4783
4784
4788
4789
4791
4794
4798
4802
4803
4814
4816
4817
4825
4826
4830
4831
4835
4839
4848
4850
4851
4853
4854
4855
4858
4859
4860
4861
4862
4863
4864
4869
4870
4872
4873
4875
4877
4880
4882
4884
4886
4888
4890
4895
4898
4901
4903
4906
4914
4915
4916
4918
4920
4922
4924
4925
4926
4927
4928
4929
4930
4931
4934
4943
4945
4947
4949
4951
4952
4953
4954
4957
4958
4959
4962
4970
4971
4973
4975
4980
4982
4983
4985
4986
4987
4989
4990
4992
4995
5001
5002
5006
5014
5016
5019
5020
5025
5028
5031
5032
5035
5037
5041
5047
5049
5050
5051
5056
5057
5058
5059
5060
5061
5063
5064
5067
5071
5072
5074
5075
5077
5080
5082
5083
5086
5088
5090
5094
5095
5098
5101
5104
5105
5106
5109
5110
5111
5112
5113
5116
5136
5137
5138
5139
5145
5148
5151
5152
5153
5155
5159
5160
5162
5163
5166
5167
5168
5170
5176
5179
5181
5185
5187
5191
5192
5193
5194
5195
5196
5198
5199
5205
5207
5208
5211
5213
5216
5218
5219
5220
5225
5228
5230
5231
5240
5243
5245
5247
5248
5252
5259
5262
5263
5265
5268
5271
5273
5278
5279
5281
5284
5287
5290
5291
5292
5297
5304
5307
5312
5316
5319
5323
5324
5326
5329
5331
5332
5337
5348
5350
5352
5353
5354
5357
5361
5362
5364
5365
5367
5370
5371
5373
5374
5377
5381
5383
5385
5391
5392
5393
5394
5398
5400
5402
5403
5412
5414
5417
5423
5429
5430
5431
5437
5439
5444
5447
5449
5453
5454
5457
5460
5461
5462
5463
5466
5467
5468
5469
5473
5476
5478
5479
5481
5482
5483
5484
5486
5487
5490
5491
5495
5496
5497
5502
5503
5506
5507
5508
5509
5511
5516
5519
5523
5525
5526
5527
5528
5529
5530
5535
5537
5541
5544
5545
5548
5550
5551
5555
5557
5558
5559
5562
5563
5564
5567
5568
5569
5571
5575
5578
5579
5584
5587
5589
5591
5593
5595
5596
5599
5603
5604
5607
5611
5614
5615
5620
5624
5630
5632
5639
5640
5648
5650
5655
5656
5657
5660
5662
5664
5665
5666
5668
5670
5672
5673
5680
5681
5683
5686
5687
5689
5697
5701
5705
5709
5713
5715
5716
5717
5719
5727
5728
5732
5739
5746
5747
5748
5749
5751
5752
5754
5755
5757
5762
5764
5765
5767
5769
5773
5776
5778
5781
5782
5784
5787
5790
5791
5794
5801
5802
5805
5808
5809
5810
5811
5819
5820
5824
5827
5828
5831
5832
5834
5835
5837
5839
5841
5843
5844
5845
5848
5850
5852
5853
5858
5859
5860
5862
5863
5869
5870
5873
5874
5880
5881
5885
5889
5890
5891
5892
5895
5897
5898
5899
5905
5908
5912
5913
5915
5928
5929
5930
5931
5939
5941
5946
5948
5949
5953
5954
5955
5959
5961
5962
5965
5968
5969
5971
5977
5979
5984
5985
5986
5987
5989
5990
5993
5994
5995
6008
6011
6014
6016
6018
6019
6023
6024
6027
6034
6036
6038
6041
6042
6044
6050
6054
6056
6058
6059
6060
6061
6062
6063
6066
6067
6070
6072
6077
6079
6081
6082
6085
6087
6088
6089
6091
6093
6095
6107
6108
6119
6120
6121
6124
6125
6129
6130
6132
6133
6136
6151
6153
6154
6158
6161
6164
6166
6167
6168
6172
6173
6177
6180
6181
6184
6185
6196
6197
6198
6200
6201
6203
6205
6206
6207
6210
6211
6212
6213
6216
6217
6219
6220
6226
6227
6228
6231
6237
6238
6239
6246
6248
6249
6251
6253
6254
6259
6260
6262
6264
6266
6267
6268
6269
6273
6276
6279
6280
6285
6290
6291
6295
6297
6298
6301
6306
6312
6318
6328
6329
6330
6335
6336
6338
6347
6352
6354
6357
6363
6364
6366
6377
6378
6379
6380
6381
6383
6385
6389
6392
6401
6403
6409
6414
6416
6423
6425
6427
6428
6429
6437
6440
6443
6445
6447
6448
6449
6451
6453
6456
6458
6463
6464
6466
6467
6468
6470
6473
6474
6475
6480
6481
6482
6487
6489
6491
6495
6498
6499
6514
6517
6524
6525
6529
6532
6535
6549
6553
6556
6558
6560
6565
6567
6568
6570
6571
6575
6576
6577
6587
6588
6589
6590
6593
6594
6595
6603
6604
6606
6608
6620
6629
6632
6638
6647
6650
6651
6660
6666
6667
6668
6669
6672
6675
6678
6680
6682
6683
6685
6688
6693
6696
6698
6699
6700
6701
6704
6707
6711
6712
6719
6722
6729
6732
6739
6741
6749
6750
6752
6755
6759
6762
6766
6767
6769
6772
6775
6776
6777
6783
6788
6791
6795
6798
6800
6801
6806
6808
6814
6818
6825
6826
6829
6834
6838
6845
6850
6854
6856
6860
6862
6865
6868
6876
6879
6880
6883
6885
6886
6887
6889
6890
6891
6892
6893
6894
6897
6899
6902
6903
6908
6910
6914
6920
6924
6926
6930
6932
6939
6942
6951
6954
6957
6960
6962
6964
6966
6969
6970
6974
6975
6976
6981
6982
6985
6992
6993
6995
7002
7004
7006
7009
7010
7011
7014
7015
7019
7022
7026
7027
7028
7030
7031
7034
7037
7038
7039
7050
7059
7060
7061
7062
7068
7069
7070
7071
7072
7075
7077
7080
7081
7084
7085
7087
7090
7102
7108
7115
7116
7117
7120
7131
7134
7140
7142
7154
7164
7170
7171
7172
7174
7175
7176
7178
7181
7184
7185
7189
7190
7191
7195
7197
7198
7199
7202
7206
7208
7211
7216
7220
7222
7227
7228
7233
7234
7235
7238
7239
7241
7248
7249
7255
7261
7270
7272
7278
7279
7283
7289
7290
7291
7293
7303
7308
7309
7312
7319
7321
7329
7330
7338
7342
7348
7351
7352
7354
7357
7358
7362
7366
7370
7373
7374
7375
7376
7383
7389
7392
7394
7397
7403
7404
7408
7411
7428
7429
7432
7439
7442
7453
7461
7464
7469
7470
7474
7476
7477
7480
7492
7494
7500
7501
7502
7504
7505
7512
7513
7516
7519
7520
7524
7525
7526
7527
7530
7531
7532
7535
7536
7547
7548
7555
7562
7565
7571
7574
7575
7579
7582
7584
7587
7590
7594
7595
7598
7601
7602
7603
7604
7607
7610
7612
7618
7620
7623
7629
7633
7635
7636
7638
7639
7640
7642
7647
7649
7650
7651
7652
7654
7655
7657
7660
7666
7667
7668
7670
7676
7678
7679
7680
7681
7684
7685
7686
7687
7688
7689
7690
7693
7694
7698
7699
7702
7704
7705
7706
7708
7712
7713
7717
7718
7719
7720
7722
7723
7726
7728
7732
7743
7744
7747
7748
7749
7750
7756
7759
7760
7761
7762
7764
7765
7769
7771
7772
7777
7779
7781
7784
7785
7787
7791
7792
7793
7794
7797
7799
7814
7816
7817
7819
7820
7824
7825
7830
7833
7840
7842
7850
7855
7857
7862
7864
7872
7874
7877
7878
7880
7883
7890
7895
7896
7900
7904
7907
7909
7910
7911
7916
7919
7926
7930
7931
7941
7942
7945
7946
7948
7949
7951
7952
7958
7960
7962
7963
7964
7968
7970
7975
7976
7979
7981
7983
7984
7986
7987
7988
7989
7990
7991
7995
7997
8003
8006
8014
8017
8018
8021
8025
8032
8034
8035
8038
8039
8040
8047
8049
8050
8056
8060
8066
8071
8073
8074
8075
8080
8081
8083
8084
8086
8090
8091
8092
8094
8100
8101
8107
8108
8110
8114
8117
8122
8127
8129
8130
8138
8140
8141
8144
8145
8147
8150
8151
8154
8157
8161
8164
8165
8172
8176
8178
8180
8181
8182
8183
8188
8191
8193
8194
8195
8198
8199
8201
8208
8212
8213
8216
8220
8227
8229
8231
8235
8238
8239
8244
8246
8247
8250
8253
8255
8260
8261
8264
8265
8267
8270
8275
8282
8283
8284
8289
8291
8293
8294
8295
8298
8299
8304
8310
8320
8331
8355
8364
8368
8372
8373
8375
8380
8383
8387
8388
8392
8399
8400
8405
8413
8414
8416
8419
8422
8424
8426
8427
8428
8429
8430
8431
8433
8434
8435
8442
8446
8447
8448
8451
8454
8455
8458
8459
8464
8471
8472
8474
8475
8476
8479
8480
8483
8484
8485
8487
8493
8495
8501
8509
8511
8512
8514
8525
8526
8529
8549
8551
8552
8566
8568
8575
8577
8579
8581
8584
8585
8586
8587
8588
8590
8591
8594
8596
8597
8598
8601
8604
8606
8608
8612
8615
8619
8621
8623
8624
8626
8628
8632
8641
8642
8645
8649
8650
8654
8657
8659
8660
8662
8667
8670
8675
8676
8677
8678
8679
8681
8682
8686
8687
8689
8691
8693
8696
8698
8699
8709
8714
8719
8730
8732
8733
8735
8736
8737
8738
8739
8746
8749
8756
8757
8758
8762
8764
8777
8783
8786
8787
8793
8794
8796
8805
8815
8816
8850
8852
8854
8863
8867
8872
8880
8881
8882
8884
8888
8891
8892
8896
8904
8905
8913
8918
8919
8927
8931
8938
8939
8941
8942
8950
8953
8954
8955
8960
8969
8971
8972
8975
8986
8989
8990
8993
8996
8999
9003
9004
9007
9011
9018
9019
9023
9026
9028
9029
9031
9041
9042
9043
9047
9048
9051
9055
9057
9058
9062
9064
9065
9067
9068
9069
9072
9075
9079
9080
9081
9084
9090
9092
9093
9095
9097
9106
9108
9110
9112
9113
9116
9118
9119
9120
9121
9123
9124
9125
9130
9131
9134
9141
9149
9150
9151
9152
9156
9158
9159
9161
9162
9166
9167
9168
9170
9172
9173
9175
9177
9179
9181
9183
9186
9189
9191
9194
9196
9198
9202
9205
9211
9220
9221
9229
9230
9232
9236
9238
9247
9249
9263
9276
9292
9294
9305
9307
9308
9309
9316
9319
9320
9321
9329
9332
9335
9341
9342
9344
9349
9351
9354
9357
9359
9362
9367
9368
9369
9370
9375
9386
9389
9391
9393
9394
9396
9397
9398
9399
9401
9402
9408
9410
9413
9414
9419
9420
9421
9422
9428
9430
9432
9435
9436
9438
9443
9444
9445
9446
9448
9450
9452
9454
9457
9464
9466
9471
9472
9475
9476
9477
9483
9484
9485
9486
9487
9488
9489
9493
9494
9495
9498
9501
9502
9503
9504
9505
9508
9509
9512
9513
9519
9520
9521
9525
9526
9527
9528
9529
9530
9531
9539
9540
9541
9545
9546
9548
9549
9555
9560
9562
9564
9565
9566
9567
9572
9575
9578
9579
9580
9581
9584
9586
9590
9591
9592
9594
9595
9599
9607
9612
9614
9622
9623
9631
9632
9635
9641
9646
9649
9653
9659
9671
9676
9677
9679
9683
9689
9690
9694
9696
9697
9699
9704
9715
9725
9726
9727
9729
9732
9734
9735
9737
9738
9741
9742
9747
9748
9749
9750
9754
9764
9765
9768
9769
9770
9776
9784
9792
9794
9797
9800
9802
9804
9819
9820
9821
9827
9828
9829
9832
9836
9838
9839
9845
9851
9852
9854
9855
9857
9861
9864
9875
9876
9877
9878
9879
9881
9883
9884
9885
9890
9894
9898
9899
9901
9902
9903
9907
9908
9911
9912
9916
9919
9925
9929
9930
9933
9935
9936
9946
9949
9952
9964
9970
9971
9975
9976
9977
9983
9990
9993
9994
9995
9999
